[ 2016-08-31T22:06:24+08:00 ] 192.168.3.1 /
INFO: [ app_init ] --START--
INFO: Run Behavior\BuildLiteBehavior [ RunTime:0.000017s ]
SQL: SHOW COLUMNS FROM `xh_hooks` [ RunTime:0.2121s ]
SQL: SELECT `name`,`addons` FROM `xh_hooks`  [ RunTime:0.1309s ]
SQL: SHOW COLUMNS FROM `xh_addons` [ RunTime:0.1666s ]
SQL: SELECT `id`,`name` FROM `xh_addons` WHERE `status` = 1 AND `name` IN ('ReturnTop')  [ RunTime:0.2046s ]
SQL: SELECT `id`,`name` FROM `xh_addons` WHERE `status` = 1 AND `name` IN ('Attachment')  [ RunTime:0.9308s ]
SQL: SELECT `id`,`name` FROM `xh_addons` WHERE `status` = 1 AND `name` IN ('Attachment','SocialComment')  [ RunTime:1.4284s ]
SQL: SELECT `id`,`name` FROM `xh_addons` WHERE `status` = 1 AND `name` IN ('Attachment')  [ RunTime:0.1305s ]
SQL: SELECT `id`,`name` FROM `xh_addons` WHERE `status` = 1 AND `name` IN ('Editor')  [ RunTime:0.1674s ]
SQL: SELECT `id`,`name` FROM `xh_addons` WHERE `status` = 1 AND `name` IN ('EditorForAdmin')  [ RunTime:0.2087s ]
SQL: SELECT `id`,`name` FROM `xh_addons` WHERE `status` = 1 AND `name` IN ('SiteStat','SystemInfo','DevTeam')  [ RunTime:0.1999s ]
SQL: SELECT `id`,`name` FROM `xh_addons` WHERE `status` = 1 AND `name` IN ('Editor')  [ RunTime:0.2034s ]
INFO: Run Common\Behavior\InitHookBehavior [ RunTime:6.847516s ]
INFO: [ app_init ] --END-- [ RunTime:6.853945s ]
INFO: [ app_begin ] --START--
INFO: Run Behavior\ReadHtmlCacheBehavior [ RunTime:0.005223s ]
INFO: [ app_begin ] --END-- [ RunTime:0.005302s ]
INFO: [ view_parse ] --START--
INFO: [ template_filter ] --START--
INFO: Run Behavior\ContentReplaceBehavior [ RunTime:0.000405s ]
INFO: [ template_filter ] --END-- [ RunTime:0.000496s ]
SQL: SHOW COLUMNS FROM `xh_adv` [ RunTime:0.2252s ]
SQL: SELECT * FROM `xh_adv` LEFT JOIN xh_adv_pos as b ON xh_adv.pos_id = b.id  WHERE b.status = 1 AND b.type = 1 AND b.path = 'Home/Index/index'  [ RunTime:3.3900s ]
NOTIC: [8] Undefined variable: oneplus_seo_meta /home/vagrant/Code/omo/Runtime/Cache/Home/769e70f2e46f34ceb60619bbda5e4691.php 第 6 行.
NOTIC: [8] Undefined variable: seo /home/vagrant/Code/omo/Runtime/Cache/Home/769e70f2e46f34ceb60619bbda5e4691.php 第 6 行.
SQL: SHOW COLUMNS FROM `xh_seo_rule` [ RunTime:0.2269s ]
ERR: Call to undefined function Common\Model\mysql_escape_string()

[ 2016-08-31T22:06:43+08:00 ] 192.168.3.1 /
INFO: [ app_init ] --START--
INFO: Run Behavior\BuildLiteBehavior [ RunTime:0.000021s ]
SQL: SHOW COLUMNS FROM `xh_hooks` [ RunTime:1.6382s ]
SQL: SELECT `name`,`addons` FROM `xh_hooks`  [ RunTime:0.2081s ]
SQL: SHOW COLUMNS FROM `xh_addons` [ RunTime:0.1983s ]
SQL: SELECT `id`,`name` FROM `xh_addons` WHERE `status` = 1 AND `name` IN ('ReturnTop')  [ RunTime:1.4771s ]
SQL: SELECT `id`,`name` FROM `xh_addons` WHERE `status` = 1 AND `name` IN ('Attachment')  [ RunTime:1.2828s ]
SQL: SELECT `id`,`name` FROM `xh_addons` WHERE `status` = 1 AND `name` IN ('Attachment','SocialComment')  [ RunTime:0.2066s ]
SQL: SELECT `id`,`name` FROM `xh_addons` WHERE `status` = 1 AND `name` IN ('Attachment')  [ RunTime:1.2249s ]
SQL: SELECT `id`,`name` FROM `xh_addons` WHERE `status` = 1 AND `name` IN ('Editor')  [ RunTime:0.1276s ]
SQL: SELECT `id`,`name` FROM `xh_addons` WHERE `status` = 1 AND `name` IN ('EditorForAdmin')  [ RunTime:0.1790s ]
SQL: SELECT `id`,`name` FROM `xh_addons` WHERE `status` = 1 AND `name` IN ('SiteStat','SystemInfo','DevTeam')  [ RunTime:0.6117s ]
SQL: SELECT `id`,`name` FROM `xh_addons` WHERE `status` = 1 AND `name` IN ('Editor')  [ RunTime:0.2044s ]
INFO: Run Common\Behavior\InitHookBehavior [ RunTime:12.162360s ]
INFO: [ app_init ] --END-- [ RunTime:12.163753s ]
INFO: [ app_begin ] --START--
INFO: Run Behavior\ReadHtmlCacheBehavior [ RunTime:0.003227s ]
INFO: [ app_begin ] --END-- [ RunTime:0.003350s ]
INFO: [ view_parse ] --START--
INFO: [ template_filter ] --START--
INFO: Run Behavior\ContentReplaceBehavior [ RunTime:0.000476s ]
INFO: [ template_filter ] --END-- [ RunTime:0.000545s ]
SQL: SHOW COLUMNS FROM `xh_adv` [ RunTime:0.1744s ]
SQL: SELECT * FROM `xh_adv` LEFT JOIN xh_adv_pos as b ON xh_adv.pos_id = b.id  WHERE b.status = 1 AND b.type = 1 AND b.path = 'Home/Index/index'  [ RunTime:12.3916s ]
NOTIC: [8] Undefined variable: oneplus_seo_meta /home/vagrant/Code/omo/Runtime/Cache/Home/769e70f2e46f34ceb60619bbda5e4691.php 第 6 行.
NOTIC: [8] Undefined variable: seo /home/vagrant/Code/omo/Runtime/Cache/Home/769e70f2e46f34ceb60619bbda5e4691.php 第 6 行.
SQL: SHOW COLUMNS FROM `xh_seo_rule` [ RunTime:0.1212s ]
ERR: Call to undefined function Common\Model\mysql_escape_string()

[ 2016-08-31T22:08:12+08:00 ] 192.168.3.1 /
INFO: [ app_init ] --START--
INFO: Run Behavior\BuildLiteBehavior [ RunTime:0.000024s ]
INFO: Run Common\Behavior\InitHookBehavior [ RunTime:0.024601s ]
INFO: [ app_init ] --END-- [ RunTime:0.027242s ]
INFO: [ app_begin ] --START--
INFO: Run Behavior\ReadHtmlCacheBehavior [ RunTime:0.006430s ]
INFO: [ app_begin ] --END-- [ RunTime:0.006544s ]
INFO: [ view_parse ] --START--
INFO: [ template_filter ] --START--
INFO: Run Behavior\ContentReplaceBehavior [ RunTime:0.000347s ]
INFO: [ template_filter ] --END-- [ RunTime:0.000472s ]
SQL: SHOW COLUMNS FROM `xh_adv` [ RunTime:0.7171s ]
SQL: SELECT * FROM `xh_adv` LEFT JOIN xh_adv_pos as b ON xh_adv.pos_id = b.id  WHERE b.status = 1 AND b.type = 1 AND b.path = 'Home/Index/index'  [ RunTime:2.4931s ]
NOTIC: [8] Undefined variable: oneplus_seo_meta /home/vagrant/Code/omo/Runtime/Cache/Home/769e70f2e46f34ceb60619bbda5e4691.php 第 6 行.
NOTIC: [8] Undefined variable: seo /home/vagrant/Code/omo/Runtime/Cache/Home/769e70f2e46f34ceb60619bbda5e4691.php 第 6 行.
SQL: SHOW COLUMNS FROM `xh_seo_rule` [ RunTime:0.1309s ]
NOTIC: [2] mysqli_real_escape_string() expects exactly 2 parameters, 1 given /home/vagrant/Code/omo/Application/Common/Model/SeoRuleModel.class.php 第 81 行.
NOTIC: [2] mysqli_real_escape_string() expects exactly 2 parameters, 1 given /home/vagrant/Code/omo/Application/Common/Model/SeoRuleModel.class.php 第 82 行.
NOTIC: [2] mysqli_real_escape_string() expects exactly 2 parameters, 1 given /home/vagrant/Code/omo/Application/Common/Model/SeoRuleModel.class.php 第 83 行.
SQL: SELECT * FROM `xh_seo_rule` WHERE ( (app='' or app='') and (controller='' or controller='') and (action='' or action='') and status=1 ) ORDER BY sort asc  [ RunTime:2.4647s ]
NOTIC: [2] Invalid argument supplied for foreach() /home/vagrant/Code/omo/Application/Common/Model/SeoRuleModel.class.php 第 39 行.
INFO: Run Behavior\ParseTemplateBehavior [ RunTime:28.878993s ]
INFO: [ view_parse ] --END-- [ RunTime:28.879088s ]
INFO: [ view_filter ] --START--
INFO: Run Behavior\WriteHtmlCacheBehavior [ RunTime:0.005786s ]
INFO: [ view_filter ] --END-- [ RunTime:0.005853s ]
INFO: [ app_end ] --START--
INFO: Run Behavior\ShowPageTraceBehavior [ RunTime:0.006103s ]
INFO: [ app_end ] --END-- [ RunTime:0.006161s ]

[ 2016-08-31T22:08:37+08:00 ] 192.168.3.1 /Uploads/Images/2016-06-14/576028b0138a6.jpg
INFO: [ app_init ] --START--
INFO: Run Behavior\BuildLiteBehavior [ RunTime:0.000029s ]
INFO: Run Common\Behavior\InitHookBehavior [ RunTime:0.015417s ]
INFO: [ app_init ] --END-- [ RunTime:0.015589s ]
INFO: [ app_begin ] --START--
INFO: Run Behavior\ReadHtmlCacheBehavior [ RunTime:0.002278s ]
INFO: [ app_begin ] --END-- [ RunTime:0.002378s ]
INFO: [ view_parse ] --START--
INFO: [ template_filter ] --START--
INFO: Run Behavior\ContentReplaceBehavior [ RunTime:0.000389s ]
INFO: [ template_filter ] --END-- [ RunTime:0.000468s ]
ERR: SQLSTATE[HY000] [2006] MySQL server has gone away

[ 2016-08-31T22:08:38+08:00 ] 192.168.3.1 /Public/Home/fonts/font-icons.eot
INFO: [ app_init ] --START--
INFO: Run Behavior\BuildLiteBehavior [ RunTime:0.000025s ]
INFO: Run Common\Behavior\InitHookBehavior [ RunTime:0.022762s ]
INFO: [ app_init ] --END-- [ RunTime:0.024482s ]
INFO: [ app_begin ] --START--
INFO: Run Behavior\ReadHtmlCacheBehavior [ RunTime:0.004882s ]
INFO: [ app_begin ] --END-- [ RunTime:0.004957s ]
INFO: [ view_parse ] --START--
INFO: [ template_filter ] --START--
INFO: Run Behavior\ContentReplaceBehavior [ RunTime:0.000333s ]
INFO: [ template_filter ] --END-- [ RunTime:0.000381s ]
SQL: SHOW COLUMNS FROM `xh_adv` [ RunTime:0.2077s ]
SQL: SELECT * FROM `xh_adv` LEFT JOIN xh_adv_pos as b ON xh_adv.pos_id = b.id  WHERE b.status = 1 AND b.type = 1 AND b.path = 'Home/Index/index'  [ RunTime:0.1227s ]
NOTIC: [8] Undefined variable: oneplus_seo_meta /home/vagrant/Code/omo/Runtime/Cache/Home/769e70f2e46f34ceb60619bbda5e4691.php 第 6 行.
NOTIC: [8] Undefined variable: seo /home/vagrant/Code/omo/Runtime/Cache/Home/769e70f2e46f34ceb60619bbda5e4691.php 第 6 行.
SQL: SHOW COLUMNS FROM `xh_seo_rule` [ RunTime:0.1525s ]
INFO: Run Behavior\ParseTemplateBehavior [ RunTime:1.188635s ]
INFO: [ view_parse ] --END-- [ RunTime:1.188813s ]
INFO: [ view_filter ] --START--
INFO: Run Behavior\WriteHtmlCacheBehavior [ RunTime:0.014233s ]
INFO: [ view_filter ] --END-- [ RunTime:0.014370s ]

[ 2016-08-31T22:08:38+08:00 ] 192.168.3.1 /Home/Index/index.html
INFO: [ app_init ] --START--
INFO: Run Behavior\BuildLiteBehavior [ RunTime:0.000017s ]
INFO: Run Common\Behavior\InitHookBehavior [ RunTime:0.005185s ]
INFO: [ app_init ] --END-- [ RunTime:0.005349s ]
INFO: [ app_begin ] --START--
INFO: Run Behavior\ReadHtmlCacheBehavior [ RunTime:0.000676s ]
INFO: [ app_begin ] --END-- [ RunTime:0.000743s ]

[ 2016-08-31T22:08:51+08:00 ] 192.168.3.1 /
INFO: [ app_init ] --START--
INFO: Run Behavior\BuildLiteBehavior [ RunTime:0.000021s ]
INFO: Run Common\Behavior\InitHookBehavior [ RunTime:0.015098s ]
INFO: [ app_init ] --END-- [ RunTime:0.017662s ]
INFO: [ app_begin ] --START--
INFO: Run Behavior\ReadHtmlCacheBehavior [ RunTime:0.003419s ]
INFO: [ app_begin ] --END-- [ RunTime:0.003510s ]
INFO: [ view_parse ] --START--
INFO: [ template_filter ] --START--
INFO: Run Behavior\ContentReplaceBehavior [ RunTime:0.000461s ]
INFO: [ template_filter ] --END-- [ RunTime:0.000527s ]
SQL: SHOW COLUMNS FROM `xh_adv` [ RunTime:0.3063s ]
SQL: SELECT * FROM `xh_adv` LEFT JOIN xh_adv_pos as b ON xh_adv.pos_id = b.id  WHERE b.status = 1 AND b.type = 1 AND b.path = 'Home/Index/index'  [ RunTime:0.9190s ]
NOTIC: [8] Undefined variable: oneplus_seo_meta /home/vagrant/Code/omo/Runtime/Cache/Home/769e70f2e46f34ceb60619bbda5e4691.php 第 6 行.
NOTIC: [8] Undefined variable: seo /home/vagrant/Code/omo/Runtime/Cache/Home/769e70f2e46f34ceb60619bbda5e4691.php 第 6 行.
SQL: SHOW COLUMNS FROM `xh_seo_rule` [ RunTime:10.3068s ]
INFO: Run Behavior\ParseTemplateBehavior [ RunTime:12.511713s ]
INFO: [ view_parse ] --END-- [ RunTime:12.511837s ]
INFO: [ view_filter ] --START--
INFO: Run Behavior\WriteHtmlCacheBehavior [ RunTime:0.003834s ]
INFO: [ view_filter ] --END-- [ RunTime:0.003915s ]
INFO: [ app_end ] --START--
INFO: Run Behavior\ShowPageTraceBehavior [ RunTime:0.004388s ]
INFO: [ app_end ] --END-- [ RunTime:0.004545s ]

[ 2016-08-31T22:09:06+08:00 ] 192.168.3.1 /Uploads/Images/2016-06-14/576028b0138a6.jpg
INFO: [ app_init ] --START--
INFO: Run Behavior\BuildLiteBehavior [ RunTime:0.000014s ]
INFO: Run Common\Behavior\InitHookBehavior [ RunTime:0.005463s ]
INFO: [ app_init ] --END-- [ RunTime:0.005611s ]
INFO: [ app_begin ] --START--
INFO: Run Behavior\ReadHtmlCacheBehavior [ RunTime:0.003402s ]
INFO: [ app_begin ] --END-- [ RunTime:0.003513s ]
INFO: [ view_parse ] --START--
INFO: [ template_filter ] --START--
INFO: Run Behavior\ContentReplaceBehavior [ RunTime:0.000359s ]
INFO: [ template_filter ] --END-- [ RunTime:0.000563s ]
SQL: SHOW COLUMNS FROM `xh_adv` [ RunTime:3.5862s ]
SQL: SELECT * FROM `xh_adv` LEFT JOIN xh_adv_pos as b ON xh_adv.pos_id = b.id  WHERE b.status = 1 AND b.type = 1 AND b.path = 'Home/Index/index'  [ RunTime:10.1265s ]
NOTIC: [8] Undefined variable: oneplus_seo_meta /home/vagrant/Code/omo/Runtime/Cache/Home/769e70f2e46f34ceb60619bbda5e4691.php 第 6 行.
NOTIC: [8] Undefined variable: seo /home/vagrant/Code/omo/Runtime/Cache/Home/769e70f2e46f34ceb60619bbda5e4691.php 第 6 行.
SQL: SHOW COLUMNS FROM `xh_seo_rule` [ RunTime:0.1973s ]
INFO: Run Behavior\ParseTemplateBehavior [ RunTime:14.565873s ]
INFO: [ view_parse ] --END-- [ RunTime:14.566101s ]
INFO: [ view_filter ] --START--
INFO: Run Behavior\WriteHtmlCacheBehavior [ RunTime:0.004991s ]
INFO: [ view_filter ] --END-- [ RunTime:0.005189s ]

[ 2016-08-31T22:09:06+08:00 ] 192.168.3.1 /Home/Index/index.html
INFO: [ app_init ] --START--
INFO: Run Behavior\BuildLiteBehavior [ RunTime:0.000013s ]
INFO: Run Common\Behavior\InitHookBehavior [ RunTime:0.006884s ]
INFO: [ app_init ] --END-- [ RunTime:0.007048s ]
INFO: [ app_begin ] --START--
INFO: Run Behavior\ReadHtmlCacheBehavior [ RunTime:0.001889s ]
INFO: [ app_begin ] --END-- [ RunTime:0.002083s ]

[ 2016-08-31T22:09:55+08:00 ] 192.168.3.1 /Public/Home/fonts/font-icons.eot
INFO: [ app_init ] --START--
INFO: Run Behavior\BuildLiteBehavior [ RunTime:0.000017s ]
INFO: Run Common\Behavior\InitHookBehavior [ RunTime:0.028989s ]
INFO: [ app_init ] --END-- [ RunTime:0.031926s ]
INFO: [ app_begin ] --START--
INFO: Run Behavior\ReadHtmlCacheBehavior [ RunTime:0.002664s ]
INFO: [ app_begin ] --END-- [ RunTime:0.002776s ]
INFO: [ view_parse ] --START--
INFO: [ template_filter ] --START--
INFO: Run Behavior\ContentReplaceBehavior [ RunTime:0.000427s ]
INFO: [ template_filter ] --END-- [ RunTime:0.000692s ]
SQL: SHOW COLUMNS FROM `xh_adv` [ RunTime:0.1295s ]
SQL: SELECT * FROM `xh_adv` LEFT JOIN xh_adv_pos as b ON xh_adv.pos_id = b.id  WHERE b.status = 1 AND b.type = 1 AND b.path = 'Home/Index/index'  [ RunTime:1.4051s ]
NOTIC: [8] Undefined variable: oneplus_seo_meta /home/vagrant/Code/omo/Runtime/Cache/Home/769e70f2e46f34ceb60619bbda5e4691.php 第 6 行.
NOTIC: [8] Undefined variable: seo /home/vagrant/Code/omo/Runtime/Cache/Home/769e70f2e46f34ceb60619bbda5e4691.php 第 6 行.
SQL: SHOW COLUMNS FROM `xh_seo_rule` [ RunTime:45.6348s ]
INFO: Run Behavior\ParseTemplateBehavior [ RunTime:49.021607s ]
INFO: [ view_parse ] --END-- [ RunTime:49.021757s ]
INFO: [ view_filter ] --START--
INFO: Run Behavior\WriteHtmlCacheBehavior [ RunTime:0.007190s ]
INFO: [ view_filter ] --END-- [ RunTime:0.007387s ]

[ 2016-08-31T22:19:06+08:00 ] 192.168.3.1 /
INFO: [ app_init ] --START--
INFO: Run Behavior\BuildLiteBehavior [ RunTime:0.000013s ]
INFO: Run Common\Behavior\InitHookBehavior [ RunTime:0.007437s ]
INFO: [ app_init ] --END-- [ RunTime:0.008136s ]
INFO: [ app_begin ] --START--
INFO: Run Behavior\ReadHtmlCacheBehavior [ RunTime:0.000891s ]
INFO: [ app_begin ] --END-- [ RunTime:0.000938s ]
INFO: [ view_parse ] --START--
INFO: [ template_filter ] --START--
INFO: Run Behavior\ContentReplaceBehavior [ RunTime:0.000348s ]
INFO: [ template_filter ] --END-- [ RunTime:0.000400s ]
SQL: SHOW COLUMNS FROM `xh_adv` [ RunTime:180.7308s ]
SQL: SELECT * FROM `xh_adv` LEFT JOIN xh_adv_pos as b ON xh_adv.pos_id = b.id  WHERE b.status = 1 AND b.type = 1 AND b.path = 'Home/Index/index'  [ RunTime:360.5599s ]
NOTIC: [8] Undefined variable: oneplus_seo_meta /home/vagrant/Code/omo/Runtime/Cache/Home/769e70f2e46f34ceb60619bbda5e4691.php 第 6 行.
NOTIC: [8] Undefined variable: seo /home/vagrant/Code/omo/Runtime/Cache/Home/769e70f2e46f34ceb60619bbda5e4691.php 第 6 行.
SQL: SHOW COLUMNS FROM `xh_seo_rule` [ RunTime:0.1939s ]
INFO: Run Behavior\ParseTemplateBehavior [ RunTime:550.991782s ]
INFO: [ view_parse ] --END-- [ RunTime:550.991990s ]
INFO: [ view_filter ] --START--
INFO: Run Behavior\WriteHtmlCacheBehavior [ RunTime:0.011929s ]
INFO: [ view_filter ] --END-- [ RunTime:0.012124s ]

[ 2016-08-31T22:25:14+08:00 ] 192.168.3.1 /
INFO: [ app_init ] --START--
INFO: Run Behavior\BuildLiteBehavior [ RunTime:0.000018s ]
INFO: Run Common\Behavior\InitHookBehavior [ RunTime:0.036978s ]
INFO: [ app_init ] --END-- [ RunTime:0.043173s ]
INFO: [ app_begin ] --START--
INFO: Run Behavior\ReadHtmlCacheBehavior [ RunTime:0.007469s ]
INFO: [ app_begin ] --END-- [ RunTime:0.007566s ]
INFO: [ view_parse ] --START--
INFO: [ template_filter ] --START--
INFO: Run Behavior\ContentReplaceBehavior [ RunTime:0.000448s ]
INFO: [ template_filter ] --END-- [ RunTime:0.000522s ]
SQL: SHOW COLUMNS FROM `xh_adv` [ RunTime:0.8224s ]
SQL: SELECT * FROM `xh_adv` LEFT JOIN xh_adv_pos as b ON xh_adv.pos_id = b.id  WHERE b.status = 1 AND b.type = 1 AND b.path = 'Home/Index/index'  [ RunTime:0.9161s ]
NOTIC: [8] Undefined variable: oneplus_seo_meta /home/vagrant/Code/omo/Runtime/Cache/Home/769e70f2e46f34ceb60619bbda5e4691.php 第 6 行.
NOTIC: [8] Undefined variable: seo /home/vagrant/Code/omo/Runtime/Cache/Home/769e70f2e46f34ceb60619bbda5e4691.php 第 6 行.
SQL: SHOW COLUMNS FROM `xh_seo_rule` [ RunTime:0.5685s ]
INFO: Run Behavior\ParseTemplateBehavior [ RunTime:6.101068s ]
INFO: [ view_parse ] --END-- [ RunTime:6.101334s ]
INFO: [ view_filter ] --START--
INFO: Run Behavior\WriteHtmlCacheBehavior [ RunTime:0.041206s ]
INFO: [ view_filter ] --END-- [ RunTime:0.041380s ]
INFO: [ app_end ] --START--
INFO: Run Behavior\ShowPageTraceBehavior [ RunTime:0.021371s ]
INFO: [ app_end ] --END-- [ RunTime:0.021629s ]

[ 2016-08-31T22:25:24+08:00 ] 192.168.3.1 /Public/Home/fonts/font-icons.woff
INFO: [ app_init ] --START--
INFO: Run Behavior\BuildLiteBehavior [ RunTime:0.000028s ]
INFO: Run Common\Behavior\InitHookBehavior [ RunTime:0.017153s ]
INFO: [ app_init ] --END-- [ RunTime:0.018968s ]
INFO: [ app_begin ] --START--
INFO: Run Behavior\ReadHtmlCacheBehavior [ RunTime:0.005102s ]
INFO: [ app_begin ] --END-- [ RunTime:0.005273s ]
INFO: [ view_parse ] --START--
INFO: [ template_filter ] --START--
INFO: Run Behavior\ContentReplaceBehavior [ RunTime:0.000379s ]
INFO: [ template_filter ] --END-- [ RunTime:0.000458s ]
SQL: SHOW COLUMNS FROM `xh_adv` [ RunTime:0.1519s ]
SQL: SELECT * FROM `xh_adv` LEFT JOIN xh_adv_pos as b ON xh_adv.pos_id = b.id  WHERE b.status = 1 AND b.type = 1 AND b.path = 'Home/Index/index'  [ RunTime:0.9728s ]
NOTIC: [8] Undefined variable: oneplus_seo_meta /home/vagrant/Code/omo/Runtime/Cache/Home/769e70f2e46f34ceb60619bbda5e4691.php 第 6 行.
NOTIC: [8] Undefined variable: seo /home/vagrant/Code/omo/Runtime/Cache/Home/769e70f2e46f34ceb60619bbda5e4691.php 第 6 行.
SQL: SHOW COLUMNS FROM `xh_seo_rule` [ RunTime:3.6688s ]
INFO: Run Behavior\ParseTemplateBehavior [ RunTime:9.202636s ]
INFO: [ view_parse ] --END-- [ RunTime:9.202871s ]
INFO: [ view_filter ] --START--
INFO: Run Behavior\WriteHtmlCacheBehavior [ RunTime:0.004361s ]
INFO: [ view_filter ] --END-- [ RunTime:0.004486s ]
INFO: [ app_end ] --START--
INFO: Run Behavior\ShowPageTraceBehavior [ RunTime:0.004039s ]
INFO: [ app_end ] --END-- [ RunTime:0.004178s ]

[ 2016-08-31T22:25:31+08:00 ] 192.168.3.1 /Uploads/Images/2016-06-14/576028b0138a6.jpg
INFO: [ app_init ] --START--
INFO: Run Behavior\BuildLiteBehavior [ RunTime:0.000015s ]
INFO: Run Common\Behavior\InitHookBehavior [ RunTime:0.025314s ]
INFO: [ app_init ] --END-- [ RunTime:0.025599s ]
INFO: [ app_begin ] --START--
INFO: Run Behavior\ReadHtmlCacheBehavior [ RunTime:0.002144s ]
INFO: [ app_begin ] --END-- [ RunTime:0.002296s ]
INFO: [ view_parse ] --START--
INFO: [ template_filter ] --START--
INFO: Run Behavior\ContentReplaceBehavior [ RunTime:0.000380s ]
INFO: [ template_filter ] --END-- [ RunTime:0.000443s ]
SQL: SHOW COLUMNS FROM `xh_adv` [ RunTime:1.0230s ]
SQL: SELECT * FROM `xh_adv` LEFT JOIN xh_adv_pos as b ON xh_adv.pos_id = b.id  WHERE b.status = 1 AND b.type = 1 AND b.path = 'Home/Index/index'  [ RunTime:1.9872s ]
NOTIC: [8] Undefined variable: oneplus_seo_meta /home/vagrant/Code/omo/Runtime/Cache/Home/769e70f2e46f34ceb60619bbda5e4691.php 第 6 行.
NOTIC: [8] Undefined variable: seo /home/vagrant/Code/omo/Runtime/Cache/Home/769e70f2e46f34ceb60619bbda5e4691.php 第 6 行.
SQL: SHOW COLUMNS FROM `xh_seo_rule` [ RunTime:0.1525s ]
INFO: Run Behavior\ParseTemplateBehavior [ RunTime:6.937154s ]
INFO: [ view_parse ] --END-- [ RunTime:6.937323s ]
INFO: [ view_filter ] --START--
INFO: Run Behavior\WriteHtmlCacheBehavior [ RunTime:0.002288s ]
INFO: [ view_filter ] --END-- [ RunTime:0.002494s ]

[ 2016-08-31T22:25:31+08:00 ] 192.168.3.1 /Home/Index/index.html
INFO: [ app_init ] --START--
INFO: Run Behavior\BuildLiteBehavior [ RunTime:0.000014s ]
INFO: Run Common\Behavior\InitHookBehavior [ RunTime:0.006232s ]
INFO: [ app_init ] --END-- [ RunTime:0.006410s ]
INFO: [ app_begin ] --START--
INFO: Run Behavior\ReadHtmlCacheBehavior [ RunTime:0.000983s ]
INFO: [ app_begin ] --END-- [ RunTime:0.001063s ]

[ 2016-08-31T22:25:36+08:00 ] 192.168.3.1 /
INFO: [ app_init ] --START--
INFO: Run Behavior\BuildLiteBehavior [ RunTime:0.000033s ]
INFO: Run Common\Behavior\InitHookBehavior [ RunTime:0.023671s ]
INFO: [ app_init ] --END-- [ RunTime:0.025344s ]
INFO: [ app_begin ] --START--
INFO: Run Behavior\ReadHtmlCacheBehavior [ RunTime:0.002775s ]
INFO: [ app_begin ] --END-- [ RunTime:0.002860s ]
INFO: [ view_parse ] --START--
INFO: [ template_filter ] --START--
INFO: Run Behavior\ContentReplaceBehavior [ RunTime:0.000470s ]
INFO: [ template_filter ] --END-- [ RunTime:0.000544s ]
SQL: SHOW COLUMNS FROM `xh_adv` [ RunTime:0.1869s ]
SQL: SELECT * FROM `xh_adv` LEFT JOIN xh_adv_pos as b ON xh_adv.pos_id = b.id  WHERE b.status = 1 AND b.type = 1 AND b.path = 'Home/Index/index'  [ RunTime:1.0301s ]
NOTIC: [8] Undefined variable: oneplus_seo_meta /home/vagrant/Code/omo/Runtime/Cache/Home/769e70f2e46f34ceb60619bbda5e4691.php 第 6 行.
NOTIC: [8] Undefined variable: seo /home/vagrant/Code/omo/Runtime/Cache/Home/769e70f2e46f34ceb60619bbda5e4691.php 第 6 行.
SQL: SHOW COLUMNS FROM `xh_seo_rule` [ RunTime:0.1775s ]
INFO: Run Behavior\ParseTemplateBehavior [ RunTime:5.169646s ]
INFO: [ view_parse ] --END-- [ RunTime:5.169807s ]
INFO: [ view_filter ] --START--
INFO: Run Behavior\WriteHtmlCacheBehavior [ RunTime:0.008138s ]
INFO: [ view_filter ] --END-- [ RunTime:0.008279s ]

[ 2016-08-31T22:25:53+08:00 ] 192.168.3.1 /
INFO: [ app_init ] --START--
INFO: Run Behavior\BuildLiteBehavior [ RunTime:0.000016s ]
INFO: Run Common\Behavior\InitHookBehavior [ RunTime:0.014986s ]
INFO: [ app_init ] --END-- [ RunTime:0.016022s ]
INFO: [ app_begin ] --START--
INFO: Run Behavior\ReadHtmlCacheBehavior [ RunTime:0.002047s ]
INFO: [ app_begin ] --END-- [ RunTime:0.002111s ]
INFO: [ view_parse ] --START--
INFO: [ template_filter ] --START--
INFO: Run Behavior\ContentReplaceBehavior [ RunTime:0.000364s ]
INFO: [ template_filter ] --END-- [ RunTime:0.000419s ]
SQL: SHOW COLUMNS FROM `xh_adv` [ RunTime:0.1979s ]
SQL: SELECT * FROM `xh_adv` LEFT JOIN xh_adv_pos as b ON xh_adv.pos_id = b.id  WHERE b.status = 1 AND b.type = 1 AND b.path = 'Home/Index/index'  [ RunTime:0.8197s ]
NOTIC: [8] Undefined variable: oneplus_seo_meta /home/vagrant/Code/omo/Runtime/Cache/Home/769e70f2e46f34ceb60619bbda5e4691.php 第 6 行.
NOTIC: [8] Undefined variable: seo /home/vagrant/Code/omo/Runtime/Cache/Home/769e70f2e46f34ceb60619bbda5e4691.php 第 6 行.
SQL: SHOW COLUMNS FROM `xh_seo_rule` [ RunTime:0.7232s ]
INFO: Run Behavior\ParseTemplateBehavior [ RunTime:3.109506s ]
INFO: [ view_parse ] --END-- [ RunTime:3.109604s ]
INFO: [ view_filter ] --START--
INFO: Run Behavior\WriteHtmlCacheBehavior [ RunTime:0.001880s ]
INFO: [ view_filter ] --END-- [ RunTime:0.001955s ]
INFO: [ app_end ] --START--
INFO: Run Behavior\ShowPageTraceBehavior [ RunTime:0.001935s ]
INFO: [ app_end ] --END-- [ RunTime:0.002026s ]

[ 2016-08-31T23:05:30+08:00 ] 192.168.3.1 /
INFO: [ app_init ] --START--
INFO: Run Behavior\BuildLiteBehavior [ RunTime:0.000038s ]
INFO: Run Common\Behavior\InitHookBehavior [ RunTime:0.041589s ]
INFO: [ app_init ] --END-- [ RunTime:0.048180s ]
INFO: [ app_begin ] --START--
INFO: Run Behavior\ReadHtmlCacheBehavior [ RunTime:0.006892s ]
INFO: [ app_begin ] --END-- [ RunTime:0.006965s ]
INFO: [ view_parse ] --START--
INFO: [ template_filter ] --START--
INFO: Run Behavior\ContentReplaceBehavior [ RunTime:0.000346s ]
INFO: [ template_filter ] --END-- [ RunTime:0.000400s ]
SQL: SHOW COLUMNS FROM `xh_adv` [ RunTime:0.2072s ]
SQL: SELECT * FROM `xh_adv` LEFT JOIN xh_adv_pos as b ON xh_adv.pos_id = b.id  WHERE b.status = 1 AND b.type = 1 AND b.path = 'Home/Index/index'  [ RunTime:1.9420s ]
NOTIC: [8] Undefined variable: oneplus_seo_meta /home/vagrant/Code/omo/Runtime/Cache/Home/769e70f2e46f34ceb60619bbda5e4691.php 第 6 行.
NOTIC: [8] Undefined variable: seo /home/vagrant/Code/omo/Runtime/Cache/Home/769e70f2e46f34ceb60619bbda5e4691.php 第 6 行.
SQL: SHOW COLUMNS FROM `xh_seo_rule` [ RunTime:0.6671s ]
INFO: Run Behavior\ParseTemplateBehavior [ RunTime:3.702455s ]
INFO: [ view_parse ] --END-- [ RunTime:3.702563s ]
INFO: [ view_filter ] --START--
INFO: Run Behavior\WriteHtmlCacheBehavior [ RunTime:0.009792s ]
INFO: [ view_filter ] --END-- [ RunTime:0.009893s ]
INFO: [ app_end ] --START--
INFO: Run Behavior\ShowPageTraceBehavior [ RunTime:0.013401s ]
INFO: [ app_end ] --END-- [ RunTime:0.013522s ]

[ 2016-08-31T23:05:32+08:00 ] 192.168.3.1 /Public/Home/fonts/font-icons.woff
INFO: [ app_init ] --START--
INFO: Run Behavior\BuildLiteBehavior [ RunTime:0.000023s ]
INFO: Run Common\Behavior\InitHookBehavior [ RunTime:0.011981s ]
INFO: [ app_init ] --END-- [ RunTime:0.014278s ]
INFO: [ app_begin ] --START--
INFO: Run Behavior\ReadHtmlCacheBehavior [ RunTime:0.003784s ]
INFO: [ app_begin ] --END-- [ RunTime:0.003887s ]
INFO: [ view_parse ] --START--
INFO: [ template_filter ] --START--
INFO: Run Behavior\ContentReplaceBehavior [ RunTime:0.000411s ]
INFO: [ template_filter ] --END-- [ RunTime:0.000483s ]
SQL: SHOW COLUMNS FROM `xh_adv` [ RunTime:0.1512s ]
SQL: SELECT * FROM `xh_adv` LEFT JOIN xh_adv_pos as b ON xh_adv.pos_id = b.id  WHERE b.status = 1 AND b.type = 1 AND b.path = 'Home/Index/index'  [ RunTime:0.2031s ]
NOTIC: [8] Undefined variable: oneplus_seo_meta /home/vagrant/Code/omo/Runtime/Cache/Home/769e70f2e46f34ceb60619bbda5e4691.php 第 6 行.
NOTIC: [8] Undefined variable: seo /home/vagrant/Code/omo/Runtime/Cache/Home/769e70f2e46f34ceb60619bbda5e4691.php 第 6 行.
SQL: SHOW COLUMNS FROM `xh_seo_rule` [ RunTime:0.2014s ]
INFO: Run Behavior\ParseTemplateBehavior [ RunTime:1.112521s ]
INFO: [ view_parse ] --END-- [ RunTime:1.112592s ]
INFO: [ view_filter ] --START--
INFO: Run Behavior\WriteHtmlCacheBehavior [ RunTime:0.003001s ]
INFO: [ view_filter ] --END-- [ RunTime:0.003080s ]
INFO: [ app_end ] --START--
INFO: Run Behavior\ShowPageTraceBehavior [ RunTime:0.001830s ]
INFO: [ app_end ] --END-- [ RunTime:0.001901s ]

[ 2016-08-31T23:05:39+08:00 ] 192.168.3.1 /Uploads/Images/2016-06-14/576028b0138a6.jpg
INFO: [ app_init ] --START--
INFO: Run Behavior\BuildLiteBehavior [ RunTime:0.000017s ]
INFO: Run Common\Behavior\InitHookBehavior [ RunTime:0.012738s ]
INFO: [ app_init ] --END-- [ RunTime:0.012950s ]
INFO: [ app_begin ] --START--
INFO: Run Behavior\ReadHtmlCacheBehavior [ RunTime:0.000811s ]
INFO: [ app_begin ] --END-- [ RunTime:0.000887s ]
INFO: [ view_parse ] --START--
INFO: [ template_filter ] --START--
INFO: Run Behavior\ContentReplaceBehavior [ RunTime:0.000774s ]
INFO: [ template_filter ] --END-- [ RunTime:0.000862s ]
SQL: SHOW COLUMNS FROM `xh_adv` [ RunTime:0.2015s ]
SQL: SELECT * FROM `xh_adv` LEFT JOIN xh_adv_pos as b ON xh_adv.pos_id = b.id  WHERE b.status = 1 AND b.type = 1 AND b.path = 'Home/Index/index'  [ RunTime:0.2055s ]
NOTIC: [8] Undefined variable: oneplus_seo_meta /home/vagrant/Code/omo/Runtime/Cache/Home/769e70f2e46f34ceb60619bbda5e4691.php 第 6 行.
NOTIC: [8] Undefined variable: seo /home/vagrant/Code/omo/Runtime/Cache/Home/769e70f2e46f34ceb60619bbda5e4691.php 第 6 行.
SQL: SHOW COLUMNS FROM `xh_seo_rule` [ RunTime:0.8131s ]
INFO: Run Behavior\ParseTemplateBehavior [ RunTime:6.852346s ]
INFO: [ view_parse ] --END-- [ RunTime:6.852509s ]
INFO: [ view_filter ] --START--
INFO: Run Behavior\WriteHtmlCacheBehavior [ RunTime:0.006269s ]
INFO: [ view_filter ] --END-- [ RunTime:0.006486s ]
INFO: [ app_end ] --START--
INFO: Run Behavior\ShowPageTraceBehavior [ RunTime:0.006336s ]
INFO: [ app_end ] --END-- [ RunTime:0.006629s ]

[ 2016-08-31T23:05:39+08:00 ] 192.168.3.1 /Home/Index/index.html
INFO: [ app_init ] --START--
INFO: Run Behavior\BuildLiteBehavior [ RunTime:0.000038s ]
INFO: Run Common\Behavior\InitHookBehavior [ RunTime:0.013175s ]
INFO: [ app_init ] --END-- [ RunTime:0.013687s ]
INFO: [ app_begin ] --START--
INFO: Run Behavior\ReadHtmlCacheBehavior [ RunTime:0.002025s ]
INFO: [ app_begin ] --END-- [ RunTime:0.002098s ]

[ 2016-08-31T23:16:18+08:00 ] 192.168.3.1 /
INFO: [ app_init ] --START--
INFO: Run Behavior\BuildLiteBehavior [ RunTime:0.000019s ]
INFO: Run Common\Behavior\InitHookBehavior [ RunTime:0.014729s ]
INFO: [ app_init ] --END-- [ RunTime:0.017790s ]
INFO: [ app_begin ] --START--
INFO: Run Behavior\ReadHtmlCacheBehavior [ RunTime:0.003102s ]
INFO: [ app_begin ] --END-- [ RunTime:0.003204s ]
INFO: [ view_parse ] --START--
INFO: [ template_filter ] --START--
INFO: Run Behavior\ContentReplaceBehavior [ RunTime:0.000349s ]
INFO: [ template_filter ] --END-- [ RunTime:0.000409s ]
ERR: SQLSTATE[HY000] [2002] Connection refused

[ 2016-08-31T23:17:58+08:00 ] 192.168.3.1 /
INFO: [ app_init ] --START--
INFO: Run Behavior\BuildLiteBehavior [ RunTime:0.000019s ]
INFO: Run Common\Behavior\InitHookBehavior [ RunTime:0.023059s ]
INFO: [ app_init ] --END-- [ RunTime:0.025114s ]
INFO: [ app_begin ] --START--
INFO: Run Behavior\ReadHtmlCacheBehavior [ RunTime:0.002649s ]
INFO: [ app_begin ] --END-- [ RunTime:0.002728s ]
INFO: [ view_parse ] --START--
INFO: [ template_filter ] --START--
INFO: Run Behavior\ContentReplaceBehavior [ RunTime:0.000409s ]
INFO: [ template_filter ] --END-- [ RunTime:0.000480s ]
ERR: SQLSTATE[HY000] [2002] Connection refused

[ 2016-08-31T23:17:59+08:00 ] 192.168.3.1 /
INFO: [ app_init ] --START--
INFO: Run Behavior\BuildLiteBehavior [ RunTime:0.000044s ]
INFO: Run Common\Behavior\InitHookBehavior [ RunTime:0.010480s ]
INFO: [ app_init ] --END-- [ RunTime:0.010827s ]
INFO: [ app_begin ] --START--
INFO: Run Behavior\ReadHtmlCacheBehavior [ RunTime:0.000860s ]
INFO: [ app_begin ] --END-- [ RunTime:0.000929s ]
INFO: [ view_parse ] --START--
INFO: [ template_filter ] --START--
INFO: Run Behavior\ContentReplaceBehavior [ RunTime:0.000415s ]
INFO: [ template_filter ] --END-- [ RunTime:0.000478s ]
ERR: SQLSTATE[HY000] [2002] Connection refused

[ 2016-08-31T23:19:13+08:00 ] 192.168.3.1 /
INFO: [ app_init ] --START--
INFO: Run Behavior\BuildLiteBehavior [ RunTime:0.000017s ]
INFO: Run Common\Behavior\InitHookBehavior [ RunTime:0.025333s ]
INFO: [ app_init ] --END-- [ RunTime:0.027929s ]
INFO: [ app_begin ] --START--
INFO: Run Behavior\ReadHtmlCacheBehavior [ RunTime:0.003071s ]
INFO: [ app_begin ] --END-- [ RunTime:0.003143s ]
INFO: [ view_parse ] --START--
INFO: [ template_filter ] --START--
INFO: Run Behavior\ContentReplaceBehavior [ RunTime:0.000374s ]
INFO: [ template_filter ] --END-- [ RunTime:0.000430s ]
ERR: SQLSTATE[42S02]: Base table or view not found: 1146 Table 'ohmyoffice_db.xh_adv' doesn't exist

[ 2016-08-31T23:20:34+08:00 ] 192.168.3.1 /
INFO: [ app_init ] --START--
INFO: Run Behavior\BuildLiteBehavior [ RunTime:0.000021s ]
INFO: Run Common\Behavior\InitHookBehavior [ RunTime:0.015345s ]
INFO: [ app_init ] --END-- [ RunTime:0.017106s ]
INFO: [ app_begin ] --START--
INFO: Run Behavior\ReadHtmlCacheBehavior [ RunTime:0.002493s ]
INFO: [ app_begin ] --END-- [ RunTime:0.002582s ]
INFO: [ view_parse ] --START--
INFO: [ template_filter ] --START--
INFO: Run Behavior\ContentReplaceBehavior [ RunTime:0.000346s ]
INFO: [ template_filter ] --END-- [ RunTime:0.000396s ]
SQL: SHOW COLUMNS FROM `xh_adv` [ RunTime:0.0006s ]
SQL: SELECT * FROM `xh_adv` LEFT JOIN xh_adv_pos as b ON xh_adv.pos_id = b.id  WHERE b.status = 1 AND b.type = 1 AND b.path = 'Home/Index/index'  [ RunTime:0.0229s ]
NOTIC: [8] Undefined variable: oneplus_seo_meta /home/vagrant/Code/omo/Runtime/Cache/Home/769e70f2e46f34ceb60619bbda5e4691.php 第 6 行.
NOTIC: [8] Undefined variable: seo /home/vagrant/Code/omo/Runtime/Cache/Home/769e70f2e46f34ceb60619bbda5e4691.php 第 6 行.
ERR: SQLSTATE[42S02]: Base table or view not found: 1146 Table 'ohmyoffice_db.xh_seo_rule' doesn't exist

[ 2016-08-31T23:37:13+08:00 ] 192.168.3.1 /
INFO: [ app_init ] --START--
INFO: Run Behavior\BuildLiteBehavior [ RunTime:0.000026s ]
INFO: Run Common\Behavior\InitHookBehavior [ RunTime:0.020569s ]
INFO: [ app_init ] --END-- [ RunTime:0.021905s ]
INFO: [ app_begin ] --START--
INFO: Run Behavior\ReadHtmlCacheBehavior [ RunTime:0.002050s ]
INFO: [ app_begin ] --END-- [ RunTime:0.002122s ]
INFO: [ view_parse ] --START--
INFO: [ template_filter ] --START--
INFO: Run Behavior\ContentReplaceBehavior [ RunTime:0.000369s ]
INFO: [ template_filter ] --END-- [ RunTime:0.000434s ]
SQL: SHOW COLUMNS FROM `xh_adv` [ RunTime:0.0006s ]
SQL: SELECT * FROM `xh_adv` LEFT JOIN xh_adv_pos as b ON xh_adv.pos_id = b.id  WHERE b.status = 1 AND b.type = 1 AND b.path = 'Home/Index/index'  [ RunTime:0.0005s ]
NOTIC: [8] Undefined variable: oneplus_seo_meta /home/vagrant/Code/omo/Runtime/Cache/Home/769e70f2e46f34ceb60619bbda5e4691.php 第 6 行.
NOTIC: [8] Undefined variable: seo /home/vagrant/Code/omo/Runtime/Cache/Home/769e70f2e46f34ceb60619bbda5e4691.php 第 6 行.
ERR: SQLSTATE[42S02]: Base table or view not found: 1146 Table 'ohmyoffice_db.xh_seo_rule' doesn't exist

