[ 2016-09-03T07:47:49+08:00 ] 192.168.3.1 /index.php
INFO: [ app_init ] --START--
INFO: Run Behavior\BuildLiteBehavior [ RunTime:0.000030s ]
INFO: Run Common\Behavior\InitHookBehavior [ RunTime:0.085118s ]
INFO: [ app_init ] --END-- [ RunTime:0.099065s ]
INFO: [ app_begin ] --START--
INFO: Run Behavior\ReadHtmlCacheBehavior [ RunTime:0.015877s ]
INFO: [ app_begin ] --END-- [ RunTime:0.015974s ]
INFO: [ view_parse ] --START--
INFO: [ template_filter ] --START--
INFO: Run Behavior\ContentReplaceBehavior [ RunTime:0.000334s ]
INFO: [ template_filter ] --END-- [ RunTime:0.000386s ]
SQL: SHOW COLUMNS FROM `xh_adv` [ RunTime:0.0011s ]
SQL: SELECT * FROM `xh_adv` LEFT JOIN xh_adv_pos as b ON xh_adv.pos_id = b.id  WHERE b.status = 1 AND b.type = 1 AND b.path = 'Home/Index/index'  [ RunTime:0.0032s ]
NOTIC: [8] Undefined variable: oneplus_seo_meta /home/vagrant/Code/omo/Runtime/Cache/Home/769e70f2e46f34ceb60619bbda5e4691.php 第 6 行.
NOTIC: [8] Undefined variable: seo /home/vagrant/Code/omo/Runtime/Cache/Home/769e70f2e46f34ceb60619bbda5e4691.php 第 6 行.
SQL: SHOW COLUMNS FROM `xh_seo_rule` [ RunTime:0.0005s ]
INFO: Run Behavior\ParseTemplateBehavior [ RunTime:0.395008s ]
INFO: [ view_parse ] --END-- [ RunTime:0.395088s ]
INFO: [ view_filter ] --START--
INFO: Run Behavior\WriteHtmlCacheBehavior [ RunTime:0.013184s ]
INFO: [ view_filter ] --END-- [ RunTime:0.013235s ]
INFO: [ app_end ] --START--
INFO: Run Behavior\ShowPageTraceBehavior [ RunTime:0.013181s ]
INFO: [ app_end ] --END-- [ RunTime:0.013258s ]

[ 2016-09-03T07:47:50+08:00 ] 192.168.3.1 /Public/Home/fonts/font-icons.woff
INFO: [ app_init ] --START--
INFO: Run Behavior\BuildLiteBehavior [ RunTime:0.000018s ]
INFO: Run Common\Behavior\InitHookBehavior [ RunTime:0.022759s ]
INFO: [ app_init ] --END-- [ RunTime:0.023177s ]
INFO: [ app_begin ] --START--
INFO: Run Behavior\ReadHtmlCacheBehavior [ RunTime:0.005223s ]
INFO: [ app_begin ] --END-- [ RunTime:0.005379s ]
INFO: [ view_parse ] --START--
INFO: [ template_filter ] --START--
INFO: Run Behavior\ContentReplaceBehavior [ RunTime:0.000437s ]
INFO: [ template_filter ] --END-- [ RunTime:0.000530s ]
SQL: SHOW COLUMNS FROM `xh_adv` [ RunTime:0.0007s ]
SQL: SELECT * FROM `xh_adv` LEFT JOIN xh_adv_pos as b ON xh_adv.pos_id = b.id  WHERE b.status = 1 AND b.type = 1 AND b.path = 'Home/Index/index'  [ RunTime:0.0004s ]
NOTIC: [8] Undefined variable: oneplus_seo_meta /home/vagrant/Code/omo/Runtime/Cache/Home/769e70f2e46f34ceb60619bbda5e4691.php 第 6 行.
NOTIC: [8] Undefined variable: seo /home/vagrant/Code/omo/Runtime/Cache/Home/769e70f2e46f34ceb60619bbda5e4691.php 第 6 行.
SQL: SHOW COLUMNS FROM `xh_seo_rule` [ RunTime:0.0012s ]
INFO: Run Behavior\ParseTemplateBehavior [ RunTime:0.293606s ]
INFO: [ view_parse ] --END-- [ RunTime:0.293685s ]
INFO: [ view_filter ] --START--
INFO: Run Behavior\WriteHtmlCacheBehavior [ RunTime:0.000470s ]
INFO: [ view_filter ] --END-- [ RunTime:0.000506s ]
INFO: [ app_end ] --START--
INFO: Run Behavior\ShowPageTraceBehavior [ RunTime:0.000560s ]
INFO: [ app_end ] --END-- [ RunTime:0.000604s ]

[ 2016-09-03T07:47:50+08:00 ] 192.168.3.1 /Uploads/Images/2016-06-14/576028b0138a6.jpg
INFO: [ app_init ] --START--
INFO: Run Behavior\BuildLiteBehavior [ RunTime:0.000019s ]
INFO: Run Common\Behavior\InitHookBehavior [ RunTime:0.032616s ]
INFO: [ app_init ] --END-- [ RunTime:0.032812s ]
INFO: [ app_begin ] --START--
INFO: Run Behavior\ReadHtmlCacheBehavior [ RunTime:0.001194s ]
INFO: [ app_begin ] --END-- [ RunTime:0.001292s ]
INFO: [ view_parse ] --START--
INFO: [ template_filter ] --START--
INFO: Run Behavior\ContentReplaceBehavior [ RunTime:0.000411s ]
INFO: [ template_filter ] --END-- [ RunTime:0.000550s ]
SQL: SHOW COLUMNS FROM `xh_adv` [ RunTime:0.0004s ]
SQL: SELECT * FROM `xh_adv` LEFT JOIN xh_adv_pos as b ON xh_adv.pos_id = b.id  WHERE b.status = 1 AND b.type = 1 AND b.path = 'Home/Index/index'  [ RunTime:0.0003s ]
NOTIC: [8] Undefined variable: oneplus_seo_meta /home/vagrant/Code/omo/Runtime/Cache/Home/769e70f2e46f34ceb60619bbda5e4691.php 第 6 行.
NOTIC: [8] Undefined variable: seo /home/vagrant/Code/omo/Runtime/Cache/Home/769e70f2e46f34ceb60619bbda5e4691.php 第 6 行.
SQL: SHOW COLUMNS FROM `xh_seo_rule` [ RunTime:0.0004s ]
INFO: Run Behavior\ParseTemplateBehavior [ RunTime:0.113787s ]
INFO: [ view_parse ] --END-- [ RunTime:0.113843s ]
INFO: [ view_filter ] --START--
INFO: Run Behavior\WriteHtmlCacheBehavior [ RunTime:0.000471s ]
INFO: [ view_filter ] --END-- [ RunTime:0.000509s ]
INFO: [ app_end ] --START--
INFO: Run Behavior\ShowPageTraceBehavior [ RunTime:0.000580s ]
INFO: [ app_end ] --END-- [ RunTime:0.000624s ]

[ 2016-09-03T07:47:50+08:00 ] 192.168.3.1 /Home/Index/index.html
INFO: [ app_init ] --START--
INFO: Run Behavior\BuildLiteBehavior [ RunTime:0.000018s ]
INFO: Run Common\Behavior\InitHookBehavior [ RunTime:0.007533s ]
INFO: [ app_init ] --END-- [ RunTime:0.007753s ]
INFO: [ app_begin ] --START--
INFO: Run Behavior\ReadHtmlCacheBehavior [ RunTime:0.001064s ]
INFO: [ app_begin ] --END-- [ RunTime:0.001465s ]

[ 2016-09-03T07:47:55+08:00 ] 192.168.3.1 /
INFO: [ app_init ] --START--
INFO: Run Behavior\BuildLiteBehavior [ RunTime:0.000014s ]
INFO: Run Common\Behavior\InitHookBehavior [ RunTime:0.006211s ]
INFO: [ app_init ] --END-- [ RunTime:0.006935s ]
INFO: [ app_begin ] --START--
INFO: Run Behavior\ReadHtmlCacheBehavior [ RunTime:0.000982s ]
INFO: [ app_begin ] --END-- [ RunTime:0.001034s ]
INFO: [ view_parse ] --START--
INFO: [ template_filter ] --START--
INFO: Run Behavior\ContentReplaceBehavior [ RunTime:0.000378s ]
INFO: [ template_filter ] --END-- [ RunTime:0.000430s ]
SQL: SHOW COLUMNS FROM `xh_adv` [ RunTime:0.0005s ]
SQL: SELECT * FROM `xh_adv` LEFT JOIN xh_adv_pos as b ON xh_adv.pos_id = b.id  WHERE b.status = 1 AND b.type = 1 AND b.path = 'Home/Index/index'  [ RunTime:0.0003s ]
NOTIC: [8] Undefined variable: oneplus_seo_meta /home/vagrant/Code/omo/Runtime/Cache/Home/769e70f2e46f34ceb60619bbda5e4691.php 第 6 行.
NOTIC: [8] Undefined variable: seo /home/vagrant/Code/omo/Runtime/Cache/Home/769e70f2e46f34ceb60619bbda5e4691.php 第 6 行.
SQL: SHOW COLUMNS FROM `xh_seo_rule` [ RunTime:0.0005s ]
INFO: Run Behavior\ParseTemplateBehavior [ RunTime:0.093095s ]
INFO: [ view_parse ] --END-- [ RunTime:0.093158s ]
INFO: [ view_filter ] --START--
INFO: Run Behavior\WriteHtmlCacheBehavior [ RunTime:0.002063s ]
INFO: [ view_filter ] --END-- [ RunTime:0.002103s ]
INFO: [ app_end ] --START--
INFO: Run Behavior\ShowPageTraceBehavior [ RunTime:0.001799s ]
INFO: [ app_end ] --END-- [ RunTime:0.001842s ]

[ 2016-09-03T07:47:55+08:00 ] 192.168.3.1 /Uploads/Images/2016-06-14/576028b0138a6.jpg
INFO: [ app_init ] --START--
INFO: Run Behavior\BuildLiteBehavior [ RunTime:0.000018s ]
INFO: Run Common\Behavior\InitHookBehavior [ RunTime:0.010098s ]
INFO: [ app_init ] --END-- [ RunTime:0.010296s ]
INFO: [ app_begin ] --START--
INFO: Run Behavior\ReadHtmlCacheBehavior [ RunTime:0.001680s ]
INFO: [ app_begin ] --END-- [ RunTime:0.001778s ]
INFO: [ view_parse ] --START--
INFO: [ template_filter ] --START--
INFO: Run Behavior\ContentReplaceBehavior [ RunTime:0.000724s ]
INFO: [ template_filter ] --END-- [ RunTime:0.000884s ]
SQL: SHOW COLUMNS FROM `xh_adv` [ RunTime:0.0004s ]
SQL: SELECT * FROM `xh_adv` LEFT JOIN xh_adv_pos as b ON xh_adv.pos_id = b.id  WHERE b.status = 1 AND b.type = 1 AND b.path = 'Home/Index/index'  [ RunTime:0.0003s ]
NOTIC: [8] Undefined variable: oneplus_seo_meta /home/vagrant/Code/omo/Runtime/Cache/Home/769e70f2e46f34ceb60619bbda5e4691.php 第 6 行.
NOTIC: [8] Undefined variable: seo /home/vagrant/Code/omo/Runtime/Cache/Home/769e70f2e46f34ceb60619bbda5e4691.php 第 6 行.
SQL: SHOW COLUMNS FROM `xh_seo_rule` [ RunTime:0.0005s ]
INFO: Run Behavior\ParseTemplateBehavior [ RunTime:0.099410s ]
INFO: [ view_parse ] --END-- [ RunTime:0.099478s ]
INFO: [ view_filter ] --START--
INFO: Run Behavior\WriteHtmlCacheBehavior [ RunTime:0.000646s ]
INFO: [ view_filter ] --END-- [ RunTime:0.000701s ]
INFO: [ app_end ] --START--
INFO: Run Behavior\ShowPageTraceBehavior [ RunTime:0.000619s ]
INFO: [ app_end ] --END-- [ RunTime:0.000663s ]

[ 2016-09-03T07:47:55+08:00 ] 192.168.3.1 /Home/Index/index.html
INFO: [ app_init ] --START--
INFO: Run Behavior\BuildLiteBehavior [ RunTime:0.000019s ]
INFO: Run Common\Behavior\InitHookBehavior [ RunTime:0.007540s ]
INFO: [ app_init ] --END-- [ RunTime:0.007751s ]
INFO: [ app_begin ] --START--
INFO: Run Behavior\ReadHtmlCacheBehavior [ RunTime:0.001242s ]
INFO: [ app_begin ] --END-- [ RunTime:0.001309s ]

[ 2016-09-03T07:47:57+08:00 ] 192.168.3.1 /Home/Offices/index.html
INFO: [ app_init ] --START--
INFO: Run Behavior\BuildLiteBehavior [ RunTime:0.000044s ]
INFO: Run Common\Behavior\InitHookBehavior [ RunTime:0.019905s ]
INFO: [ app_init ] --END-- [ RunTime:0.020453s ]
INFO: [ app_begin ] --START--
INFO: Run Behavior\ReadHtmlCacheBehavior [ RunTime:0.003288s ]
INFO: [ app_begin ] --END-- [ RunTime:0.003580s ]
INFO: [ view_parse ] --START--
INFO: [ template_filter ] --START--
INFO: Run Behavior\ContentReplaceBehavior [ RunTime:0.001028s ]
INFO: [ template_filter ] --END-- [ RunTime:0.001195s ]
SQL: SHOW COLUMNS FROM `xh_adv` [ RunTime:0.0005s ]
SQL: SELECT * FROM `xh_adv` LEFT JOIN xh_adv_pos as b ON xh_adv.pos_id = b.id  WHERE b.status = 1 AND b.type = 1 AND b.path = 'Home/Index/index'  [ RunTime:0.0003s ]
NOTIC: [8] Undefined variable: oneplus_seo_meta /home/vagrant/Code/omo/Runtime/Cache/Home/769e70f2e46f34ceb60619bbda5e4691.php 第 6 行.
NOTIC: [8] Undefined variable: seo /home/vagrant/Code/omo/Runtime/Cache/Home/769e70f2e46f34ceb60619bbda5e4691.php 第 6 行.
SQL: SHOW COLUMNS FROM `xh_seo_rule` [ RunTime:0.0007s ]
INFO: Run Behavior\ParseTemplateBehavior [ RunTime:0.183893s ]
INFO: [ view_parse ] --END-- [ RunTime:0.184027s ]
INFO: [ view_filter ] --START--
INFO: Run Behavior\WriteHtmlCacheBehavior [ RunTime:0.001325s ]
INFO: [ view_filter ] --END-- [ RunTime:0.001368s ]
INFO: [ app_end ] --START--
INFO: Run Behavior\ShowPageTraceBehavior [ RunTime:0.001464s ]
INFO: [ app_end ] --END-- [ RunTime:0.001509s ]

[ 2016-09-03T07:47:58+08:00 ] 192.168.3.1 /Uploads/Images/2016-06-14/576028b0138a6.jpg
INFO: [ app_init ] --START--
INFO: Run Behavior\BuildLiteBehavior [ RunTime:0.000013s ]
INFO: Run Common\Behavior\InitHookBehavior [ RunTime:0.012259s ]
INFO: [ app_init ] --END-- [ RunTime:0.012518s ]
INFO: [ app_begin ] --START--
INFO: Run Behavior\ReadHtmlCacheBehavior [ RunTime:0.001285s ]
INFO: [ app_begin ] --END-- [ RunTime:0.001527s ]
INFO: [ view_parse ] --START--
INFO: [ template_filter ] --START--
INFO: Run Behavior\ContentReplaceBehavior [ RunTime:0.000358s ]
INFO: [ template_filter ] --END-- [ RunTime:0.000435s ]
SQL: SHOW COLUMNS FROM `xh_adv` [ RunTime:0.0008s ]
SQL: SELECT * FROM `xh_adv` LEFT JOIN xh_adv_pos as b ON xh_adv.pos_id = b.id  WHERE b.status = 1 AND b.type = 1 AND b.path = 'Home/Index/index'  [ RunTime:0.0015s ]
NOTIC: [8] Undefined variable: oneplus_seo_meta /home/vagrant/Code/omo/Runtime/Cache/Home/769e70f2e46f34ceb60619bbda5e4691.php 第 6 行.
NOTIC: [8] Undefined variable: seo /home/vagrant/Code/omo/Runtime/Cache/Home/769e70f2e46f34ceb60619bbda5e4691.php 第 6 行.
SQL: SHOW COLUMNS FROM `xh_seo_rule` [ RunTime:0.0005s ]
INFO: Run Behavior\ParseTemplateBehavior [ RunTime:0.122636s ]
INFO: [ view_parse ] --END-- [ RunTime:0.123079s ]
INFO: [ view_filter ] --START--
INFO: Run Behavior\WriteHtmlCacheBehavior [ RunTime:0.000901s ]
INFO: [ view_filter ] --END-- [ RunTime:0.000941s ]
INFO: [ app_end ] --START--
INFO: Run Behavior\ShowPageTraceBehavior [ RunTime:0.001015s ]
INFO: [ app_end ] --END-- [ RunTime:0.001057s ]

[ 2016-09-03T07:47:58+08:00 ] 192.168.3.1 /Home/Index/index.html
INFO: [ app_init ] --START--
INFO: Run Behavior\BuildLiteBehavior [ RunTime:0.000024s ]
INFO: Run Common\Behavior\InitHookBehavior [ RunTime:0.013886s ]
INFO: [ app_init ] --END-- [ RunTime:0.020027s ]
INFO: [ app_begin ] --START--
INFO: Run Behavior\ReadHtmlCacheBehavior [ RunTime:0.002000s ]
INFO: [ app_begin ] --END-- [ RunTime:0.002064s ]

[ 2016-09-03T07:52:53+08:00 ] 192.168.3.1 /Home/Offices/index.html
INFO: [ app_init ] --START--
INFO: Run Behavior\BuildLiteBehavior [ RunTime:0.000026s ]
INFO: Run Common\Behavior\InitHookBehavior [ RunTime:0.045869s ]
INFO: [ app_init ] --END-- [ RunTime:0.053698s ]
INFO: [ app_begin ] --START--
INFO: Run Behavior\ReadHtmlCacheBehavior [ RunTime:0.010978s ]
INFO: [ app_begin ] --END-- [ RunTime:0.011105s ]
SQL: SHOW COLUMNS FROM `xh_resources` [ RunTime:0.0154s ]
SQL: SELECT `id`,`uid`,`title`,`desc`,`city`,`area`,`trading_area`,`address`,`position`,`build_time`,`cover`,`vadio`,`website`,`company`,`more_desc`,`update_time`,`deadline`,`create_time`,`click_count`,`postcode`,`step`,`status` FROM `xh_resources` WHERE `status` = 1 AND `city` = 321 AND `create_time` < 1472860372 AND ( deadline = 0 OR deadline > 1472860372 ) ORDER BY `id` DESC  [ RunTime:0.0019s ]
SQL: SHOW COLUMNS FROM `xh_resources_images` [ RunTime:0.0024s ]
SQL: SELECT * FROM `xh_resources_images` WHERE `rid` = 10096 AND `type` = 1 LIMIT 3   [ RunTime:0.0010s ]
SQL: SHOW COLUMNS FROM `xh_resources_service` [ RunTime:0.0025s ]
SQL: SELECT `service_name` FROM `xh_resources_service` WHERE `rid` = 10096  [ RunTime:0.0010s ]
SQL: SHOW COLUMNS FROM `xh_resources_position` [ RunTime:0.0028s ]
SQL: SELECT MIN(month) AS tp_min FROM `xh_resources_position` WHERE `rid` = 10096 LIMIT 1   [ RunTime:0.0017s ]
SQL: SELECT MIN(hour) AS tp_min FROM `xh_resources_position` WHERE `rid` = 10096 LIMIT 1   [ RunTime:0.0002s ]
SQL: SELECT COUNT(*) AS tp_count FROM `xh_resources_position` WHERE `rid` = 10096 AND `actual_time` = 1 LIMIT 1   [ RunTime:0.0002s ]
SQL: SELECT COUNT(*) AS tp_count FROM `xh_resources_position` WHERE `rid` = 10096 AND `actual_time` = 1 LIMIT 1   [ RunTime:0.0001s ]
SQL: SELECT * FROM `xh_resources_images` WHERE `rid` = 10085 AND `type` = 1 LIMIT 3   [ RunTime:0.0001s ]
SQL: SELECT `service_name` FROM `xh_resources_service` WHERE `rid` = 10085  [ RunTime:0.0001s ]
SQL: SELECT MIN(month) AS tp_min FROM `xh_resources_position` WHERE `rid` = 10085 LIMIT 1   [ RunTime:0.0001s ]
SQL: SELECT MIN(hour) AS tp_min FROM `xh_resources_position` WHERE `rid` = 10085 LIMIT 1   [ RunTime:0.0001s ]
SQL: SELECT COUNT(*) AS tp_count FROM `xh_resources_position` WHERE `rid` = 10085 AND `actual_time` = 1 LIMIT 1   [ RunTime:0.0001s ]
SQL: SELECT COUNT(*) AS tp_count FROM `xh_resources_position` WHERE `rid` = 10085 AND `actual_time` = 1 LIMIT 1   [ RunTime:0.0001s ]
SQL: SELECT * FROM `xh_resources_images` WHERE `rid` = 10083 AND `type` = 1 LIMIT 3   [ RunTime:0.0001s ]
SQL: SELECT `service_name` FROM `xh_resources_service` WHERE `rid` = 10083  [ RunTime:0.0001s ]
SQL: SELECT MIN(month) AS tp_min FROM `xh_resources_position` WHERE `rid` = 10083 LIMIT 1   [ RunTime:0.0001s ]
SQL: SELECT MIN(hour) AS tp_min FROM `xh_resources_position` WHERE `rid` = 10083 LIMIT 1   [ RunTime:0.0001s ]
SQL: SELECT COUNT(*) AS tp_count FROM `xh_resources_position` WHERE `rid` = 10083 AND `actual_time` = 1 LIMIT 1   [ RunTime:0.0001s ]
SQL: SELECT COUNT(*) AS tp_count FROM `xh_resources_position` WHERE `rid` = 10083 AND `actual_time` = 1 LIMIT 1   [ RunTime:0.0001s ]
SQL: SELECT * FROM `xh_resources_images` WHERE `rid` = 10082 AND `type` = 1 LIMIT 3   [ RunTime:0.0001s ]
SQL: SELECT `service_name` FROM `xh_resources_service` WHERE `rid` = 10082  [ RunTime:0.0002s ]
SQL: SELECT MIN(month) AS tp_min FROM `xh_resources_position` WHERE `rid` = 10082 LIMIT 1   [ RunTime:0.0001s ]
SQL: SELECT MIN(hour) AS tp_min FROM `xh_resources_position` WHERE `rid` = 10082 LIMIT 1   [ RunTime:0.0002s ]
SQL: SELECT COUNT(*) AS tp_count FROM `xh_resources_position` WHERE `rid` = 10082 AND `actual_time` = 1 LIMIT 1   [ RunTime:0.0001s ]
SQL: SELECT COUNT(*) AS tp_count FROM `xh_resources_position` WHERE `rid` = 10082 AND `actual_time` = 1 LIMIT 1   [ RunTime:0.0001s ]
SQL: SELECT * FROM `xh_resources_images` WHERE `rid` = 10080 AND `type` = 1 LIMIT 3   [ RunTime:0.0001s ]
SQL: SELECT `service_name` FROM `xh_resources_service` WHERE `rid` = 10080  [ RunTime:0.0001s ]
SQL: SELECT MIN(month) AS tp_min FROM `xh_resources_position` WHERE `rid` = 10080 LIMIT 1   [ RunTime:0.0001s ]
SQL: SELECT MIN(hour) AS tp_min FROM `xh_resources_position` WHERE `rid` = 10080 LIMIT 1   [ RunTime:0.0001s ]
SQL: SELECT COUNT(*) AS tp_count FROM `xh_resources_position` WHERE `rid` = 10080 AND `actual_time` = 1 LIMIT 1   [ RunTime:0.0001s ]
SQL: SELECT COUNT(*) AS tp_count FROM `xh_resources_position` WHERE `rid` = 10080 AND `actual_time` = 1 LIMIT 1   [ RunTime:0.0002s ]
INFO: [ view_parse ] --START--
INFO: [ template_filter ] --START--
INFO: Run Behavior\ContentReplaceBehavior [ RunTime:0.000209s ]
INFO: [ template_filter ] --END-- [ RunTime:0.000257s ]
SQL: SHOW COLUMNS FROM `xh_adv` [ RunTime:0.0025s ]
SQL: SELECT * FROM `xh_adv` LEFT JOIN xh_adv_pos as b ON xh_adv.pos_id = b.id  WHERE b.status = 1 AND b.type = 1 AND b.path = 'Home/Offices/index'  [ RunTime:0.0056s ]
NOTIC: [2] Invalid argument supplied for foreach() /home/vagrant/Code/omo/Runtime/Cache/Home/a756d13413f4bc7aceac163d74eb527a.php 第 4 行.
NOTIC: [8] Undefined variable: oneplus_seo_meta /home/vagrant/Code/omo/Runtime/Cache/Home/a756d13413f4bc7aceac163d74eb527a.php 第 6 行.
NOTIC: [8] Undefined variable: seo /home/vagrant/Code/omo/Runtime/Cache/Home/a756d13413f4bc7aceac163d74eb527a.php 第 6 行.
SQL: SHOW COLUMNS FROM `xh_seo_rule` [ RunTime:0.0026s ]
NOTIC: [8] Undefined variable: list /home/vagrant/Code/omo/Runtime/Cache/Home/a756d13413f4bc7aceac163d74eb527a.php 第 57 行.
SQL: SHOW COLUMNS FROM `xh_region` [ RunTime:0.0031s ]
SQL: SELECT `region_name` FROM `xh_region` WHERE `region_id` = 2704 LIMIT 1   [ RunTime:0.0020s ]
SQL: SELECT `region_name` FROM `xh_region` WHERE `region_id` = 2707 LIMIT 1   [ RunTime:0.0002s ]
SQL: SELECT `region_name` FROM `xh_region` WHERE `region_id` = 2703 LIMIT 1   [ RunTime:0.0001s ]
SQL: SELECT `region_name` FROM `xh_region` WHERE `region_id` = 2704 LIMIT 1   [ RunTime:0.0001s ]
SQL: SELECT `region_name` FROM `xh_region` WHERE `region_id` = 2706 LIMIT 1   [ RunTime:0.0001s ]
INFO: Run Behavior\ParseTemplateBehavior [ RunTime:0.210572s ]
INFO: [ view_parse ] --END-- [ RunTime:0.210617s ]
INFO: [ view_filter ] --START--
INFO: Run Behavior\WriteHtmlCacheBehavior [ RunTime:0.005431s ]
INFO: [ view_filter ] --END-- [ RunTime:0.005480s ]
INFO: [ app_end ] --START--
INFO: Run Behavior\ShowPageTraceBehavior [ RunTime:0.006883s ]
INFO: [ app_end ] --END-- [ RunTime:0.006940s ]

[ 2016-09-03T08:02:11+08:00 ] 192.168.3.1 /
INFO: [ app_init ] --START--
INFO: Run Behavior\BuildLiteBehavior [ RunTime:0.000012s ]
INFO: Run Common\Behavior\InitHookBehavior [ RunTime:0.005940s ]
INFO: [ app_init ] --END-- [ RunTime:0.006770s ]
INFO: [ app_begin ] --START--
INFO: Run Behavior\ReadHtmlCacheBehavior [ RunTime:0.001504s ]
INFO: [ app_begin ] --END-- [ RunTime:0.001557s ]
INFO: [ view_parse ] --START--
INFO: [ template_filter ] --START--
INFO: Run Behavior\ContentReplaceBehavior [ RunTime:0.000339s ]
INFO: [ template_filter ] --END-- [ RunTime:0.000402s ]
SQL: SHOW COLUMNS FROM `xh_adv` [ RunTime:0.0005s ]
SQL: SELECT * FROM `xh_adv` LEFT JOIN xh_adv_pos as b ON xh_adv.pos_id = b.id  WHERE b.status = 1 AND b.type = 1 AND b.path = 'Home/Index/index'  [ RunTime:0.0003s ]
NOTIC: [8] Undefined variable: oneplus_seo_meta /home/vagrant/Code/omo/Runtime/Cache/Home/769e70f2e46f34ceb60619bbda5e4691.php 第 6 行.
NOTIC: [8] Undefined variable: seo /home/vagrant/Code/omo/Runtime/Cache/Home/769e70f2e46f34ceb60619bbda5e4691.php 第 6 行.
SQL: SHOW COLUMNS FROM `xh_seo_rule` [ RunTime:0.0006s ]
INFO: Run Behavior\ParseTemplateBehavior [ RunTime:0.129251s ]
INFO: [ view_parse ] --END-- [ RunTime:0.129308s ]
INFO: [ view_filter ] --START--
INFO: Run Behavior\WriteHtmlCacheBehavior [ RunTime:0.001650s ]
INFO: [ view_filter ] --END-- [ RunTime:0.001691s ]
INFO: [ app_end ] --START--
INFO: Run Behavior\ShowPageTraceBehavior [ RunTime:0.002365s ]
INFO: [ app_end ] --END-- [ RunTime:0.002422s ]

[ 2016-09-03T08:02:11+08:00 ] 192.168.3.1 /Home/Index/index.html
INFO: [ app_init ] --START--
INFO: Run Behavior\BuildLiteBehavior [ RunTime:0.000020s ]
INFO: Run Common\Behavior\InitHookBehavior [ RunTime:0.005519s ]
INFO: [ app_init ] --END-- [ RunTime:0.005703s ]
INFO: [ app_begin ] --START--
INFO: Run Behavior\ReadHtmlCacheBehavior [ RunTime:0.001473s ]
INFO: [ app_begin ] --END-- [ RunTime:0.001568s ]

[ 2016-09-03T08:02:20+08:00 ] 192.168.3.1 /
INFO: [ app_init ] --START--
INFO: Run Behavior\BuildLiteBehavior [ RunTime:0.000012s ]
INFO: Run Common\Behavior\InitHookBehavior [ RunTime:0.009214s ]
INFO: [ app_init ] --END-- [ RunTime:0.009995s ]
INFO: [ app_begin ] --START--
INFO: Run Behavior\ReadHtmlCacheBehavior [ RunTime:0.001135s ]
INFO: [ app_begin ] --END-- [ RunTime:0.001191s ]
INFO: [ view_parse ] --START--
INFO: [ template_filter ] --START--
INFO: Run Behavior\ContentReplaceBehavior [ RunTime:0.000424s ]
INFO: [ template_filter ] --END-- [ RunTime:0.000494s ]
SQL: SHOW COLUMNS FROM `xh_adv` [ RunTime:0.0005s ]
SQL: SELECT * FROM `xh_adv` LEFT JOIN xh_adv_pos as b ON xh_adv.pos_id = b.id  WHERE b.status = 1 AND b.type = 1 AND b.path = 'Home/Index/index'  [ RunTime:0.0005s ]
NOTIC: [8] Undefined variable: oneplus_seo_meta /home/vagrant/Code/omo/Runtime/Cache/Home/769e70f2e46f34ceb60619bbda5e4691.php 第 6 行.
NOTIC: [8] Undefined variable: seo /home/vagrant/Code/omo/Runtime/Cache/Home/769e70f2e46f34ceb60619bbda5e4691.php 第 6 行.
SQL: SHOW COLUMNS FROM `xh_seo_rule` [ RunTime:0.0005s ]
INFO: Run Behavior\ParseTemplateBehavior [ RunTime:0.094984s ]
INFO: [ view_parse ] --END-- [ RunTime:0.095031s ]
INFO: [ view_filter ] --START--
INFO: Run Behavior\WriteHtmlCacheBehavior [ RunTime:0.001121s ]
INFO: [ view_filter ] --END-- [ RunTime:0.001165s ]
INFO: [ app_end ] --START--
INFO: Run Behavior\ShowPageTraceBehavior [ RunTime:0.001099s ]
INFO: [ app_end ] --END-- [ RunTime:0.001142s ]

[ 2016-09-03T08:02:20+08:00 ] 192.168.3.1 /Home/Index/index.html
INFO: [ app_init ] --START--
INFO: Run Behavior\BuildLiteBehavior [ RunTime:0.000019s ]
INFO: Run Common\Behavior\InitHookBehavior [ RunTime:0.008338s ]
INFO: [ app_init ] --END-- [ RunTime:0.008530s ]
INFO: [ app_begin ] --START--
INFO: Run Behavior\ReadHtmlCacheBehavior [ RunTime:0.001254s ]
INFO: [ app_begin ] --END-- [ RunTime:0.001339s ]

[ 2016-09-03T08:02:25+08:00 ] 192.168.3.1 /Home/Offices/index.html
INFO: [ app_init ] --START--
INFO: Run Behavior\BuildLiteBehavior [ RunTime:0.000022s ]
INFO: Run Common\Behavior\InitHookBehavior [ RunTime:0.009450s ]
INFO: [ app_init ] --END-- [ RunTime:0.010618s ]
INFO: [ app_begin ] --START--
INFO: Run Behavior\ReadHtmlCacheBehavior [ RunTime:0.003076s ]
INFO: [ app_begin ] --END-- [ RunTime:0.003180s ]
SQL: SHOW COLUMNS FROM `xh_resources` [ RunTime:0.0009s ]
SQL: SELECT `id`,`uid`,`title`,`desc`,`city`,`area`,`trading_area`,`address`,`position`,`build_time`,`cover`,`vadio`,`website`,`company`,`more_desc`,`update_time`,`deadline`,`create_time`,`click_count`,`postcode`,`step`,`status` FROM `xh_resources` WHERE `status` = 1 AND `city` = 321 AND `create_time` < 1472860944 AND ( deadline = 0 OR deadline > 1472860944 ) ORDER BY `id` DESC  [ RunTime:0.0007s ]
SQL: SHOW COLUMNS FROM `xh_resources_images` [ RunTime:0.0007s ]
SQL: SELECT * FROM `xh_resources_images` WHERE `rid` = 10096 AND `type` = 1 LIMIT 3   [ RunTime:0.0003s ]
SQL: SHOW COLUMNS FROM `xh_resources_service` [ RunTime:0.0007s ]
SQL: SELECT `service_name` FROM `xh_resources_service` WHERE `rid` = 10096  [ RunTime:0.0004s ]
SQL: SHOW COLUMNS FROM `xh_resources_position` [ RunTime:0.0007s ]
SQL: SELECT MIN(month) AS tp_min FROM `xh_resources_position` WHERE `rid` = 10096 LIMIT 1   [ RunTime:0.0003s ]
SQL: SELECT MIN(hour) AS tp_min FROM `xh_resources_position` WHERE `rid` = 10096 LIMIT 1   [ RunTime:0.0002s ]
SQL: SELECT COUNT(*) AS tp_count FROM `xh_resources_position` WHERE `rid` = 10096 AND `actual_time` = 1 LIMIT 1   [ RunTime:0.0002s ]
SQL: SELECT COUNT(*) AS tp_count FROM `xh_resources_position` WHERE `rid` = 10096 AND `actual_time` = 1 LIMIT 1   [ RunTime:0.0003s ]
SQL: SELECT * FROM `xh_resources_images` WHERE `rid` = 10085 AND `type` = 1 LIMIT 3   [ RunTime:0.0004s ]
SQL: SELECT `service_name` FROM `xh_resources_service` WHERE `rid` = 10085  [ RunTime:0.0002s ]
SQL: SELECT MIN(month) AS tp_min FROM `xh_resources_position` WHERE `rid` = 10085 LIMIT 1   [ RunTime:0.0002s ]
SQL: SELECT MIN(hour) AS tp_min FROM `xh_resources_position` WHERE `rid` = 10085 LIMIT 1   [ RunTime:0.0002s ]
SQL: SELECT COUNT(*) AS tp_count FROM `xh_resources_position` WHERE `rid` = 10085 AND `actual_time` = 1 LIMIT 1   [ RunTime:0.0002s ]
SQL: SELECT COUNT(*) AS tp_count FROM `xh_resources_position` WHERE `rid` = 10085 AND `actual_time` = 1 LIMIT 1   [ RunTime:0.0002s ]
SQL: SELECT * FROM `xh_resources_images` WHERE `rid` = 10083 AND `type` = 1 LIMIT 3   [ RunTime:0.0002s ]
SQL: SELECT `service_name` FROM `xh_resources_service` WHERE `rid` = 10083  [ RunTime:0.0002s ]
SQL: SELECT MIN(month) AS tp_min FROM `xh_resources_position` WHERE `rid` = 10083 LIMIT 1   [ RunTime:0.0002s ]
SQL: SELECT MIN(hour) AS tp_min FROM `xh_resources_position` WHERE `rid` = 10083 LIMIT 1   [ RunTime:0.0002s ]
SQL: SELECT COUNT(*) AS tp_count FROM `xh_resources_position` WHERE `rid` = 10083 AND `actual_time` = 1 LIMIT 1   [ RunTime:0.0002s ]
SQL: SELECT COUNT(*) AS tp_count FROM `xh_resources_position` WHERE `rid` = 10083 AND `actual_time` = 1 LIMIT 1   [ RunTime:0.0002s ]
SQL: SELECT * FROM `xh_resources_images` WHERE `rid` = 10082 AND `type` = 1 LIMIT 3   [ RunTime:0.0002s ]
SQL: SELECT `service_name` FROM `xh_resources_service` WHERE `rid` = 10082  [ RunTime:0.0002s ]
SQL: SELECT MIN(month) AS tp_min FROM `xh_resources_position` WHERE `rid` = 10082 LIMIT 1   [ RunTime:0.0002s ]
SQL: SELECT MIN(hour) AS tp_min FROM `xh_resources_position` WHERE `rid` = 10082 LIMIT 1   [ RunTime:0.0004s ]
SQL: SELECT COUNT(*) AS tp_count FROM `xh_resources_position` WHERE `rid` = 10082 AND `actual_time` = 1 LIMIT 1   [ RunTime:0.0004s ]
SQL: SELECT COUNT(*) AS tp_count FROM `xh_resources_position` WHERE `rid` = 10082 AND `actual_time` = 1 LIMIT 1   [ RunTime:0.0004s ]
SQL: SELECT * FROM `xh_resources_images` WHERE `rid` = 10080 AND `type` = 1 LIMIT 3   [ RunTime:0.0002s ]
SQL: SELECT `service_name` FROM `xh_resources_service` WHERE `rid` = 10080  [ RunTime:0.0002s ]
SQL: SELECT MIN(month) AS tp_min FROM `xh_resources_position` WHERE `rid` = 10080 LIMIT 1   [ RunTime:0.0002s ]
SQL: SELECT MIN(hour) AS tp_min FROM `xh_resources_position` WHERE `rid` = 10080 LIMIT 1   [ RunTime:0.0002s ]
SQL: SELECT COUNT(*) AS tp_count FROM `xh_resources_position` WHERE `rid` = 10080 AND `actual_time` = 1 LIMIT 1   [ RunTime:0.0002s ]
SQL: SELECT COUNT(*) AS tp_count FROM `xh_resources_position` WHERE `rid` = 10080 AND `actual_time` = 1 LIMIT 1   [ RunTime:0.0002s ]
INFO: [ view_parse ] --START--
INFO: [ template_filter ] --START--
INFO: Run Behavior\ContentReplaceBehavior [ RunTime:0.000366s ]
INFO: [ template_filter ] --END-- [ RunTime:0.000446s ]
SQL: SHOW COLUMNS FROM `xh_adv` [ RunTime:0.0005s ]
SQL: SELECT * FROM `xh_adv` LEFT JOIN xh_adv_pos as b ON xh_adv.pos_id = b.id  WHERE b.status = 1 AND b.type = 1 AND b.path = 'Home/Offices/index'  [ RunTime:0.0003s ]
NOTIC: [2] Invalid argument supplied for foreach() /home/vagrant/Code/omo/Runtime/Cache/Home/a756d13413f4bc7aceac163d74eb527a.php 第 4 行.
NOTIC: [8] Undefined variable: oneplus_seo_meta /home/vagrant/Code/omo/Runtime/Cache/Home/a756d13413f4bc7aceac163d74eb527a.php 第 6 行.
NOTIC: [8] Undefined variable: seo /home/vagrant/Code/omo/Runtime/Cache/Home/a756d13413f4bc7aceac163d74eb527a.php 第 6 行.
SQL: SHOW COLUMNS FROM `xh_seo_rule` [ RunTime:0.0006s ]
NOTIC: [8] Undefined variable: list /home/vagrant/Code/omo/Runtime/Cache/Home/a756d13413f4bc7aceac163d74eb527a.php 第 57 行.
SQL: SHOW COLUMNS FROM `xh_region` [ RunTime:0.0004s ]
SQL: SELECT `region_name` FROM `xh_region` WHERE `region_id` = 2704 LIMIT 1   [ RunTime:0.0002s ]
SQL: SELECT `region_name` FROM `xh_region` WHERE `region_id` = 2707 LIMIT 1   [ RunTime:0.0001s ]
SQL: SELECT `region_name` FROM `xh_region` WHERE `region_id` = 2703 LIMIT 1   [ RunTime:0.0001s ]
SQL: SELECT `region_name` FROM `xh_region` WHERE `region_id` = 2704 LIMIT 1   [ RunTime:0.0001s ]
SQL: SELECT `region_name` FROM `xh_region` WHERE `region_id` = 2706 LIMIT 1   [ RunTime:0.0001s ]
INFO: Run Behavior\ParseTemplateBehavior [ RunTime:0.170954s ]
INFO: [ view_parse ] --END-- [ RunTime:0.171031s ]
INFO: [ view_filter ] --START--
INFO: Run Behavior\WriteHtmlCacheBehavior [ RunTime:0.002498s ]
INFO: [ view_filter ] --END-- [ RunTime:0.002546s ]
INFO: [ app_end ] --START--
INFO: Run Behavior\ShowPageTraceBehavior [ RunTime:0.001951s ]
INFO: [ app_end ] --END-- [ RunTime:0.002001s ]

[ 2016-09-03T08:02:26+08:00 ] 192.168.3.1 /Home/Offices/detail/id/10096.html
INFO: [ app_init ] --START--
INFO: Run Behavior\BuildLiteBehavior [ RunTime:0.000017s ]
INFO: Run Common\Behavior\InitHookBehavior [ RunTime:0.004541s ]
INFO: [ app_init ] --END-- [ RunTime:0.004706s ]
INFO: [ app_begin ] --START--
INFO: Run Behavior\ReadHtmlCacheBehavior [ RunTime:0.000618s ]
INFO: [ app_begin ] --END-- [ RunTime:0.000743s ]
SQL: SHOW COLUMNS FROM `xh_resources` [ RunTime:0.0009s ]
SQL: SELECT `id`,`uid`,`title`,`desc`,`city`,`area`,`trading_area`,`address`,`position`,`build_time`,`cover`,`vadio`,`website`,`company`,`more_desc`,`update_time`,`deadline`,`create_time`,`click_count`,`postcode`,`step`,`status` FROM `xh_resources` WHERE `id` = 10096 LIMIT 1   [ RunTime:0.0003s ]
SQL: SHOW COLUMNS FROM `xh_region` [ RunTime:0.0005s ]
SQL: SELECT `region_name` FROM `xh_region` WHERE `region_id` = 321 LIMIT 1   [ RunTime:0.0002s ]
SQL: SELECT `region_name` FROM `xh_region` WHERE `region_id` = 2704 LIMIT 1   [ RunTime:0.0001s ]
SQL: SHOW COLUMNS FROM `xh_res_con` [ RunTime:0.0017s ]
SQL: SELECT * FROM `xh_res_con` WHERE `type` = 1 AND `rid` = 10096 LIMIT 1   [ RunTime:0.0010s ]
SQL: SHOW COLUMNS FROM `xh_resources_contacts` [ RunTime:0.0015s ]
SQL: SELECT * FROM `xh_resources_contacts` WHERE `id` = 10254 LIMIT 1   [ RunTime:0.0010s ]
SQL: SHOW COLUMNS FROM `xh_resources_position` [ RunTime:0.0006s ]
SQL: SELECT MIN(month) AS tp_min FROM `xh_resources_position` WHERE `rid` = 10096 LIMIT 1   [ RunTime:0.0002s ]
SQL: SELECT MIN(hour) AS tp_min FROM `xh_resources_position` WHERE `rid` = 10096 LIMIT 1   [ RunTime:0.0001s ]
SQL: SHOW COLUMNS FROM `xh_resources_images` [ RunTime:0.0005s ]
SQL: SELECT * FROM `xh_resources_images` WHERE `rid` = 10096  [ RunTime:0.0002s ]
SQL: SHOW COLUMNS FROM `xh_resources_service` [ RunTime:0.0005s ]
SQL: SELECT `service_name` FROM `xh_resources_service` WHERE `rid` = 10096  [ RunTime:0.0003s ]
SQL: SELECT * FROM `xh_resources_position` WHERE `promotion` = 1 AND `status` = 1 AND `rid` = 10096  [ RunTime:0.0003s ]
NOTIC: [2] Invalid argument supplied for foreach() /home/vagrant/Code/omo/Application/Home/Model/ResourcesModel.class.php 第 125 行.
SQL: SELECT * FROM `xh_resources_position` WHERE `status` = 1 AND `rid` = 10096  [ RunTime:0.0002s ]
NOTIC: [2] Invalid argument supplied for foreach() /home/vagrant/Code/omo/Application/Home/Model/ResourcesModel.class.php 第 125 行.
INFO: [ view_parse ] --START--
INFO: [ template_filter ] --START--
INFO: Run Behavior\ContentReplaceBehavior [ RunTime:0.000292s ]
INFO: [ template_filter ] --END-- [ RunTime:0.000342s ]
SQL: SHOW COLUMNS FROM `xh_adv` [ RunTime:0.0005s ]
SQL: SELECT * FROM `xh_adv` LEFT JOIN xh_adv_pos as b ON xh_adv.pos_id = b.id  WHERE b.status = 1 AND b.type = 1 AND b.path = 'Home/Offices/detail'  [ RunTime:0.0004s ]
NOTIC: [2] Invalid argument supplied for foreach() /home/vagrant/Code/omo/Runtime/Cache/Home/b0bba21cc7f996b0ac914c74dd4020d6.php 第 4 行.
NOTIC: [8] Undefined variable: oneplus_seo_meta /home/vagrant/Code/omo/Runtime/Cache/Home/b0bba21cc7f996b0ac914c74dd4020d6.php 第 6 行.
NOTIC: [8] Undefined variable: seo /home/vagrant/Code/omo/Runtime/Cache/Home/b0bba21cc7f996b0ac914c74dd4020d6.php 第 6 行.
SQL: SHOW COLUMNS FROM `xh_seo_rule` [ RunTime:0.0005s ]
NOTIC: [2] mysqli_real_escape_string() expects exactly 2 parameters, 1 given /home/vagrant/Code/omo/Application/Common/Model/SeoRuleModel.class.php 第 81 行.
NOTIC: [2] mysqli_real_escape_string() expects exactly 2 parameters, 1 given /home/vagrant/Code/omo/Application/Common/Model/SeoRuleModel.class.php 第 82 行.
NOTIC: [2] mysqli_real_escape_string() expects exactly 2 parameters, 1 given /home/vagrant/Code/omo/Application/Common/Model/SeoRuleModel.class.php 第 83 行.
SQL: SELECT * FROM `xh_seo_rule` WHERE ( (app='' or app='') and (controller='' or controller='') and (action='' or action='') and status=1 ) ORDER BY sort asc  [ RunTime:0.0003s ]
NOTIC: [2] Invalid argument supplied for foreach() /home/vagrant/Code/omo/Application/Common/Model/SeoRuleModel.class.php 第 39 行.
INFO: Run Behavior\ParseTemplateBehavior [ RunTime:0.249099s ]
INFO: [ view_parse ] --END-- [ RunTime:0.249158s ]
INFO: [ view_filter ] --START--
INFO: Run Behavior\WriteHtmlCacheBehavior [ RunTime:0.000878s ]
INFO: [ view_filter ] --END-- [ RunTime:0.000936s ]
INFO: [ app_end ] --START--
INFO: Run Behavior\ShowPageTraceBehavior [ RunTime:0.000762s ]
INFO: [ app_end ] --END-- [ RunTime:0.000821s ]

[ 2016-09-03T08:08:16+08:00 ] 192.168.3.1 /Home/Offices/index.html
INFO: [ app_init ] --START--
INFO: Run Behavior\BuildLiteBehavior [ RunTime:0.000054s ]
INFO: Run Common\Behavior\InitHookBehavior [ RunTime:0.035311s ]
INFO: [ app_init ] --END-- [ RunTime:0.039365s ]
INFO: [ app_begin ] --START--
INFO: Run Behavior\ReadHtmlCacheBehavior [ RunTime:0.006914s ]
INFO: [ app_begin ] --END-- [ RunTime:0.007195s ]
SQL: SHOW COLUMNS FROM `xh_resources` [ RunTime:0.0022s ]
SQL: SELECT `id`,`uid`,`title`,`desc`,`city`,`area`,`trading_area`,`address`,`position`,`build_time`,`cover`,`vadio`,`website`,`company`,`more_desc`,`update_time`,`deadline`,`create_time`,`click_count`,`postcode`,`step`,`status` FROM `xh_resources` WHERE `status` = 1 AND `city` = 321 AND `create_time` < 1472861295 AND ( deadline = 0 OR deadline > 1472861295 ) ORDER BY `id` DESC  [ RunTime:0.0015s ]
SQL: SHOW COLUMNS FROM `xh_resources_images` [ RunTime:0.0023s ]
SQL: SELECT * FROM `xh_resources_images` WHERE `rid` = 10096 AND `type` = 1 LIMIT 3   [ RunTime:0.0011s ]
SQL: SHOW COLUMNS FROM `xh_resources_service` [ RunTime:0.0016s ]
SQL: SELECT `service_name` FROM `xh_resources_service` WHERE `rid` = 10096  [ RunTime:0.0010s ]
SQL: SHOW COLUMNS FROM `xh_resources_position` [ RunTime:0.0019s ]
SQL: SELECT MIN(month) AS tp_min FROM `xh_resources_position` WHERE `rid` = 10096 LIMIT 1   [ RunTime:0.0006s ]
SQL: SELECT MIN(hour) AS tp_min FROM `xh_resources_position` WHERE `rid` = 10096 LIMIT 1   [ RunTime:0.0007s ]
SQL: SELECT COUNT(*) AS tp_count FROM `xh_resources_position` WHERE `rid` = 10096 AND `actual_time` = 1 LIMIT 1   [ RunTime:0.0007s ]
SQL: SELECT COUNT(*) AS tp_count FROM `xh_resources_position` WHERE `rid` = 10096 AND `actual_time` = 1 LIMIT 1   [ RunTime:0.0004s ]
SQL: SELECT * FROM `xh_resources_images` WHERE `rid` = 10085 AND `type` = 1 LIMIT 3   [ RunTime:0.0007s ]
SQL: SELECT `service_name` FROM `xh_resources_service` WHERE `rid` = 10085  [ RunTime:0.0005s ]
SQL: SELECT MIN(month) AS tp_min FROM `xh_resources_position` WHERE `rid` = 10085 LIMIT 1   [ RunTime:0.0006s ]
SQL: SELECT MIN(hour) AS tp_min FROM `xh_resources_position` WHERE `rid` = 10085 LIMIT 1   [ RunTime:0.0008s ]
SQL: SELECT COUNT(*) AS tp_count FROM `xh_resources_position` WHERE `rid` = 10085 AND `actual_time` = 1 LIMIT 1   [ RunTime:0.0004s ]
SQL: SELECT COUNT(*) AS tp_count FROM `xh_resources_position` WHERE `rid` = 10085 AND `actual_time` = 1 LIMIT 1   [ RunTime:0.0003s ]
SQL: SELECT * FROM `xh_resources_images` WHERE `rid` = 10083 AND `type` = 1 LIMIT 3   [ RunTime:0.0004s ]
SQL: SELECT `service_name` FROM `xh_resources_service` WHERE `rid` = 10083  [ RunTime:0.0003s ]
SQL: SELECT MIN(month) AS tp_min FROM `xh_resources_position` WHERE `rid` = 10083 LIMIT 1   [ RunTime:0.0004s ]
SQL: SELECT MIN(hour) AS tp_min FROM `xh_resources_position` WHERE `rid` = 10083 LIMIT 1   [ RunTime:0.0003s ]
SQL: SELECT COUNT(*) AS tp_count FROM `xh_resources_position` WHERE `rid` = 10083 AND `actual_time` = 1 LIMIT 1   [ RunTime:0.0003s ]
SQL: SELECT COUNT(*) AS tp_count FROM `xh_resources_position` WHERE `rid` = 10083 AND `actual_time` = 1 LIMIT 1   [ RunTime:0.0003s ]
SQL: SELECT * FROM `xh_resources_images` WHERE `rid` = 10082 AND `type` = 1 LIMIT 3   [ RunTime:0.0007s ]
SQL: SELECT `service_name` FROM `xh_resources_service` WHERE `rid` = 10082  [ RunTime:0.0008s ]
SQL: SELECT MIN(month) AS tp_min FROM `xh_resources_position` WHERE `rid` = 10082 LIMIT 1   [ RunTime:0.0008s ]
SQL: SELECT MIN(hour) AS tp_min FROM `xh_resources_position` WHERE `rid` = 10082 LIMIT 1   [ RunTime:0.0003s ]
SQL: SELECT COUNT(*) AS tp_count FROM `xh_resources_position` WHERE `rid` = 10082 AND `actual_time` = 1 LIMIT 1   [ RunTime:0.0003s ]
SQL: SELECT COUNT(*) AS tp_count FROM `xh_resources_position` WHERE `rid` = 10082 AND `actual_time` = 1 LIMIT 1   [ RunTime:0.0004s ]
SQL: SELECT * FROM `xh_resources_images` WHERE `rid` = 10080 AND `type` = 1 LIMIT 3   [ RunTime:0.0008s ]
SQL: SELECT `service_name` FROM `xh_resources_service` WHERE `rid` = 10080  [ RunTime:0.0008s ]
SQL: SELECT MIN(month) AS tp_min FROM `xh_resources_position` WHERE `rid` = 10080 LIMIT 1   [ RunTime:0.0004s ]
SQL: SELECT MIN(hour) AS tp_min FROM `xh_resources_position` WHERE `rid` = 10080 LIMIT 1   [ RunTime:0.0002s ]
SQL: SELECT COUNT(*) AS tp_count FROM `xh_resources_position` WHERE `rid` = 10080 AND `actual_time` = 1 LIMIT 1   [ RunTime:0.0002s ]
SQL: SELECT COUNT(*) AS tp_count FROM `xh_resources_position` WHERE `rid` = 10080 AND `actual_time` = 1 LIMIT 1   [ RunTime:0.0002s ]
INFO: [ view_parse ] --START--
INFO: [ template_filter ] --START--
INFO: Run Behavior\ContentReplaceBehavior [ RunTime:0.000466s ]
INFO: [ template_filter ] --END-- [ RunTime:0.000569s ]
SQL: SHOW COLUMNS FROM `xh_adv` [ RunTime:0.0007s ]
SQL: SELECT * FROM `xh_adv` LEFT JOIN xh_adv_pos as b ON xh_adv.pos_id = b.id  WHERE b.status = 1 AND b.type = 1 AND b.path = 'Home/Offices/index'  [ RunTime:0.0003s ]
NOTIC: [2] Invalid argument supplied for foreach() /home/vagrant/Code/omo/Runtime/Cache/Home/a756d13413f4bc7aceac163d74eb527a.php 第 4 行.
NOTIC: [8] Undefined variable: oneplus_seo_meta /home/vagrant/Code/omo/Runtime/Cache/Home/a756d13413f4bc7aceac163d74eb527a.php 第 6 行.
NOTIC: [8] Undefined variable: seo /home/vagrant/Code/omo/Runtime/Cache/Home/a756d13413f4bc7aceac163d74eb527a.php 第 6 行.
SQL: SHOW COLUMNS FROM `xh_seo_rule` [ RunTime:0.0005s ]
NOTIC: [8] Undefined variable: list /home/vagrant/Code/omo/Runtime/Cache/Home/a756d13413f4bc7aceac163d74eb527a.php 第 57 行.
SQL: SHOW COLUMNS FROM `xh_region` [ RunTime:0.0005s ]
SQL: SELECT `region_name` FROM `xh_region` WHERE `region_id` = 2704 LIMIT 1   [ RunTime:0.0002s ]
SQL: SELECT `region_name` FROM `xh_region` WHERE `region_id` = 2707 LIMIT 1   [ RunTime:0.0001s ]
SQL: SELECT `region_name` FROM `xh_region` WHERE `region_id` = 2703 LIMIT 1   [ RunTime:0.0001s ]
SQL: SELECT `region_name` FROM `xh_region` WHERE `region_id` = 2704 LIMIT 1   [ RunTime:0.0001s ]
SQL: SELECT `region_name` FROM `xh_region` WHERE `region_id` = 2706 LIMIT 1   [ RunTime:0.0001s ]
INFO: Run Behavior\ParseTemplateBehavior [ RunTime:0.261777s ]
INFO: [ view_parse ] --END-- [ RunTime:0.261850s ]
INFO: [ view_filter ] --START--
INFO: Run Behavior\WriteHtmlCacheBehavior [ RunTime:0.002146s ]
INFO: [ view_filter ] --END-- [ RunTime:0.002191s ]
INFO: [ app_end ] --START--
INFO: Run Behavior\ShowPageTraceBehavior [ RunTime:0.002710s ]
INFO: [ app_end ] --END-- [ RunTime:0.002761s ]

[ 2016-09-03T08:08:19+08:00 ] 192.168.3.1 /Home/Offices/detail/id/10085.html
INFO: [ app_init ] --START--
INFO: Run Behavior\BuildLiteBehavior [ RunTime:0.000021s ]
INFO: Run Common\Behavior\InitHookBehavior [ RunTime:0.012844s ]
INFO: [ app_init ] --END-- [ RunTime:0.014611s ]
INFO: [ app_begin ] --START--
INFO: Run Behavior\ReadHtmlCacheBehavior [ RunTime:0.003166s ]
INFO: [ app_begin ] --END-- [ RunTime:0.003236s ]
SQL: SHOW COLUMNS FROM `xh_resources` [ RunTime:0.0005s ]
SQL: SELECT `id`,`uid`,`title`,`desc`,`city`,`area`,`trading_area`,`address`,`position`,`build_time`,`cover`,`vadio`,`website`,`company`,`more_desc`,`update_time`,`deadline`,`create_time`,`click_count`,`postcode`,`step`,`status` FROM `xh_resources` WHERE `id` = 10085 LIMIT 1   [ RunTime:0.0002s ]
SQL: SHOW COLUMNS FROM `xh_region` [ RunTime:0.0005s ]
SQL: SELECT `region_name` FROM `xh_region` WHERE `region_id` = 321 LIMIT 1   [ RunTime:0.0001s ]
SQL: SELECT `region_name` FROM `xh_region` WHERE `region_id` = 2707 LIMIT 1   [ RunTime:0.0001s ]
SQL: SHOW COLUMNS FROM `xh_res_con` [ RunTime:0.0005s ]
SQL: SELECT * FROM `xh_res_con` WHERE `type` = 1 AND `rid` = 10085 LIMIT 1   [ RunTime:0.0002s ]
SQL: SHOW COLUMNS FROM `xh_resources_contacts` [ RunTime:0.0005s ]
SQL: SELECT * FROM `xh_resources_contacts` WHERE `id` = null LIMIT 1   [ RunTime:0.0002s ]
SQL: SHOW COLUMNS FROM `xh_resources_position` [ RunTime:0.0005s ]
SQL: SELECT MIN(month) AS tp_min FROM `xh_resources_position` WHERE `rid` = 10085 LIMIT 1   [ RunTime:0.0002s ]
SQL: SELECT MIN(hour) AS tp_min FROM `xh_resources_position` WHERE `rid` = 10085 LIMIT 1   [ RunTime:0.0001s ]
SQL: SHOW COLUMNS FROM `xh_resources_images` [ RunTime:0.0007s ]
SQL: SELECT * FROM `xh_resources_images` WHERE `rid` = 10085  [ RunTime:0.0002s ]
SQL: SHOW COLUMNS FROM `xh_resources_service` [ RunTime:0.0006s ]
SQL: SELECT `service_name` FROM `xh_resources_service` WHERE `rid` = 10085  [ RunTime:0.0002s ]
SQL: SELECT * FROM `xh_resources_position` WHERE `promotion` = 1 AND `status` = 1 AND `rid` = 10085  [ RunTime:0.0001s ]
NOTIC: [2] Invalid argument supplied for foreach() /home/vagrant/Code/omo/Application/Home/Model/ResourcesModel.class.php 第 125 行.
SQL: SELECT * FROM `xh_resources_position` WHERE `status` = 1 AND `rid` = 10085  [ RunTime:0.0001s ]
SQL: SHOW COLUMNS FROM `xh_position_images` [ RunTime:0.0228s ]
SQL: SELECT `path` FROM `xh_position_images` WHERE ( pid = 10155 ) LIMIT 1   [ RunTime:0.0010s ]
SQL: SELECT `path` FROM `xh_position_images` WHERE ( pid = 10155 )  [ RunTime:0.0002s ]
SQL: SELECT `path` FROM `xh_position_images` WHERE ( pid = 10156 ) LIMIT 1   [ RunTime:0.0002s ]
SQL: SELECT `path` FROM `xh_position_images` WHERE ( pid = 10156 )  [ RunTime:0.0001s ]
SQL: SELECT `path` FROM `xh_position_images` WHERE ( pid = 10157 ) LIMIT 1   [ RunTime:0.0001s ]
SQL: SELECT `path` FROM `xh_position_images` WHERE ( pid = 10157 )  [ RunTime:0.0001s ]
INFO: [ view_parse ] --START--
INFO: [ template_filter ] --START--
INFO: Run Behavior\ContentReplaceBehavior [ RunTime:0.000281s ]
INFO: [ template_filter ] --END-- [ RunTime:0.000329s ]
SQL: SHOW COLUMNS FROM `xh_adv` [ RunTime:0.0006s ]
SQL: SELECT * FROM `xh_adv` LEFT JOIN xh_adv_pos as b ON xh_adv.pos_id = b.id  WHERE b.status = 1 AND b.type = 1 AND b.path = 'Home/Offices/detail'  [ RunTime:0.0003s ]
NOTIC: [2] Invalid argument supplied for foreach() /home/vagrant/Code/omo/Runtime/Cache/Home/b0bba21cc7f996b0ac914c74dd4020d6.php 第 4 行.
NOTIC: [8] Undefined variable: oneplus_seo_meta /home/vagrant/Code/omo/Runtime/Cache/Home/b0bba21cc7f996b0ac914c74dd4020d6.php 第 6 行.
NOTIC: [8] Undefined variable: seo /home/vagrant/Code/omo/Runtime/Cache/Home/b0bba21cc7f996b0ac914c74dd4020d6.php 第 6 行.
SQL: SHOW COLUMNS FROM `xh_seo_rule` [ RunTime:0.0008s ]
NOTIC: [8] Undefined index: chinese_name /home/vagrant/Code/omo/Runtime/Cache/Home/b0bba21cc7f996b0ac914c74dd4020d6.php 第 82 行.
INFO: Run Behavior\ParseTemplateBehavior [ RunTime:0.237316s ]
INFO: [ view_parse ] --END-- [ RunTime:0.237370s ]
INFO: [ view_filter ] --START--
INFO: Run Behavior\WriteHtmlCacheBehavior [ RunTime:0.004123s ]
INFO: [ view_filter ] --END-- [ RunTime:0.004194s ]
INFO: [ app_end ] --START--
INFO: Run Behavior\ShowPageTraceBehavior [ RunTime:0.004160s ]
INFO: [ app_end ] --END-- [ RunTime:0.004244s ]

[ 2016-09-03T09:15:32+08:00 ] 192.168.233.1 /
INFO: [ app_init ] --START--
INFO: Run Behavior\BuildLiteBehavior [ RunTime:0.000016s ]
INFO: Run Common\Behavior\InitHookBehavior [ RunTime:0.081590s ]
INFO: [ app_init ] --END-- [ RunTime:0.094787s ]
INFO: [ app_begin ] --START--
INFO: Run Behavior\ReadHtmlCacheBehavior [ RunTime:0.017934s ]
INFO: [ app_begin ] --END-- [ RunTime:0.018009s ]
INFO: [ view_parse ] --START--
INFO: [ template_filter ] --START--
INFO: Run Behavior\ContentReplaceBehavior [ RunTime:0.000350s ]
INFO: [ template_filter ] --END-- [ RunTime:0.000404s ]
SQL: SHOW COLUMNS FROM `xh_adv` [ RunTime:0.0116s ]
SQL: SELECT * FROM `xh_adv` LEFT JOIN xh_adv_pos as b ON xh_adv.pos_id = b.id  WHERE b.status = 1 AND b.type = 1 AND b.path = 'Home/Index/index'  [ RunTime:0.0052s ]
NOTIC: [8] Undefined variable: oneplus_seo_meta /home/vagrant/Code/omo/Runtime/Cache/Home/769e70f2e46f34ceb60619bbda5e4691.php 第 6 行.
NOTIC: [8] Undefined variable: seo /home/vagrant/Code/omo/Runtime/Cache/Home/769e70f2e46f34ceb60619bbda5e4691.php 第 6 行.
SQL: SHOW COLUMNS FROM `xh_seo_rule` [ RunTime:0.0023s ]
INFO: Run Behavior\ParseTemplateBehavior [ RunTime:0.417148s ]
INFO: [ view_parse ] --END-- [ RunTime:0.417211s ]
INFO: [ view_filter ] --START--
INFO: Run Behavior\WriteHtmlCacheBehavior [ RunTime:0.011473s ]
INFO: [ view_filter ] --END-- [ RunTime:0.011527s ]
INFO: [ app_end ] --START--
INFO: Run Behavior\ShowPageTraceBehavior [ RunTime:0.012629s ]
INFO: [ app_end ] --END-- [ RunTime:0.012733s ]

[ 2016-09-03T09:15:33+08:00 ] 192.168.233.1 /Public/Home/fonts/font-icons.woff
INFO: [ app_init ] --START--
INFO: Run Behavior\BuildLiteBehavior [ RunTime:0.000014s ]
INFO: Run Common\Behavior\InitHookBehavior [ RunTime:0.028372s ]
INFO: [ app_init ] --END-- [ RunTime:0.028535s ]
INFO: [ app_begin ] --START--
INFO: Run Behavior\ReadHtmlCacheBehavior [ RunTime:0.004290s ]
INFO: [ app_begin ] --END-- [ RunTime:0.004375s ]
INFO: [ view_parse ] --START--
INFO: [ template_filter ] --START--
INFO: Run Behavior\ContentReplaceBehavior [ RunTime:0.002267s ]
INFO: [ template_filter ] --END-- [ RunTime:0.002443s ]
SQL: SHOW COLUMNS FROM `xh_adv` [ RunTime:0.0005s ]
SQL: SELECT * FROM `xh_adv` LEFT JOIN xh_adv_pos as b ON xh_adv.pos_id = b.id  WHERE b.status = 1 AND b.type = 1 AND b.path = 'Home/Index/index'  [ RunTime:0.0005s ]
NOTIC: [8] Undefined variable: oneplus_seo_meta /home/vagrant/Code/omo/Runtime/Cache/Home/769e70f2e46f34ceb60619bbda5e4691.php 第 6 行.
NOTIC: [8] Undefined variable: seo /home/vagrant/Code/omo/Runtime/Cache/Home/769e70f2e46f34ceb60619bbda5e4691.php 第 6 行.
SQL: SHOW COLUMNS FROM `xh_seo_rule` [ RunTime:0.0007s ]
INFO: Run Behavior\ParseTemplateBehavior [ RunTime:0.259157s ]
INFO: [ view_parse ] --END-- [ RunTime:0.259223s ]
INFO: [ view_filter ] --START--
INFO: Run Behavior\WriteHtmlCacheBehavior [ RunTime:0.000671s ]
INFO: [ view_filter ] --END-- [ RunTime:0.000705s ]
INFO: [ app_end ] --START--
INFO: Run Behavior\ShowPageTraceBehavior [ RunTime:0.000545s ]
INFO: [ app_end ] --END-- [ RunTime:0.000584s ]

[ 2016-09-03T09:15:33+08:00 ] 192.168.233.1 /Uploads/Images/2016-06-14/576028b0138a6.jpg
INFO: [ app_init ] --START--
INFO: Run Behavior\BuildLiteBehavior [ RunTime:0.000017s ]
INFO: Run Common\Behavior\InitHookBehavior [ RunTime:0.037144s ]
INFO: [ app_init ] --END-- [ RunTime:0.037332s ]
INFO: [ app_begin ] --START--
INFO: Run Behavior\ReadHtmlCacheBehavior [ RunTime:0.000546s ]
INFO: [ app_begin ] --END-- [ RunTime:0.000601s ]
INFO: [ view_parse ] --START--
INFO: [ template_filter ] --START--
INFO: Run Behavior\ContentReplaceBehavior [ RunTime:0.000826s ]
INFO: [ template_filter ] --END-- [ RunTime:0.001048s ]
SQL: SHOW COLUMNS FROM `xh_adv` [ RunTime:0.0005s ]
SQL: SELECT * FROM `xh_adv` LEFT JOIN xh_adv_pos as b ON xh_adv.pos_id = b.id  WHERE b.status = 1 AND b.type = 1 AND b.path = 'Home/Index/index'  [ RunTime:0.0003s ]
NOTIC: [8] Undefined variable: oneplus_seo_meta /home/vagrant/Code/omo/Runtime/Cache/Home/769e70f2e46f34ceb60619bbda5e4691.php 第 6 行.
NOTIC: [8] Undefined variable: seo /home/vagrant/Code/omo/Runtime/Cache/Home/769e70f2e46f34ceb60619bbda5e4691.php 第 6 行.
SQL: SHOW COLUMNS FROM `xh_seo_rule` [ RunTime:0.0005s ]
INFO: Run Behavior\ParseTemplateBehavior [ RunTime:0.111794s ]
INFO: [ view_parse ] --END-- [ RunTime:0.111859s ]
INFO: [ view_filter ] --START--
INFO: Run Behavior\WriteHtmlCacheBehavior [ RunTime:0.000617s ]
INFO: [ view_filter ] --END-- [ RunTime:0.000653s ]
INFO: [ app_end ] --START--
INFO: Run Behavior\ShowPageTraceBehavior [ RunTime:0.000626s ]
INFO: [ app_end ] --END-- [ RunTime:0.000666s ]

[ 2016-09-03T09:15:33+08:00 ] 192.168.233.1 /Home/Index/index.html
INFO: [ app_init ] --START--
INFO: Run Behavior\BuildLiteBehavior [ RunTime:0.000013s ]
INFO: Run Common\Behavior\InitHookBehavior [ RunTime:0.007789s ]
INFO: [ app_init ] --END-- [ RunTime:0.007937s ]
INFO: [ app_begin ] --START--
INFO: Run Behavior\ReadHtmlCacheBehavior [ RunTime:0.000511s ]
INFO: [ app_begin ] --END-- [ RunTime:0.000551s ]

[ 2016-09-03T09:15:59+08:00 ] 192.168.233.1 /Public/Core/js/ext/magnific/jquery.magnific-popup.min.js
INFO: [ app_init ] --START--
INFO: Run Behavior\BuildLiteBehavior [ RunTime:0.000012s ]
INFO: Run Common\Behavior\InitHookBehavior [ RunTime:0.009610s ]
INFO: [ app_init ] --END-- [ RunTime:0.009727s ]
INFO: [ app_begin ] --START--
INFO: Run Behavior\ReadHtmlCacheBehavior [ RunTime:0.001187s ]
INFO: [ app_begin ] --END-- [ RunTime:0.001259s ]
INFO: [ view_parse ] --START--
INFO: [ template_filter ] --START--
INFO: Run Behavior\ContentReplaceBehavior [ RunTime:0.000330s ]
INFO: [ template_filter ] --END-- [ RunTime:0.000381s ]
SQL: SHOW COLUMNS FROM `xh_adv` [ RunTime:0.0005s ]
SQL: SELECT * FROM `xh_adv` LEFT JOIN xh_adv_pos as b ON xh_adv.pos_id = b.id  WHERE b.status = 1 AND b.type = 1 AND b.path = 'Home/Index/index'  [ RunTime:0.0004s ]
NOTIC: [8] Undefined variable: oneplus_seo_meta /home/vagrant/Code/omo/Runtime/Cache/Home/769e70f2e46f34ceb60619bbda5e4691.php 第 6 行.
NOTIC: [8] Undefined variable: seo /home/vagrant/Code/omo/Runtime/Cache/Home/769e70f2e46f34ceb60619bbda5e4691.php 第 6 行.
SQL: SHOW COLUMNS FROM `xh_seo_rule` [ RunTime:0.0007s ]
INFO: Run Behavior\ParseTemplateBehavior [ RunTime:0.101082s ]
INFO: [ view_parse ] --END-- [ RunTime:0.101140s ]
INFO: [ view_filter ] --START--
INFO: Run Behavior\WriteHtmlCacheBehavior [ RunTime:0.000670s ]
INFO: [ view_filter ] --END-- [ RunTime:0.000706s ]
INFO: [ app_end ] --START--
INFO: Run Behavior\ShowPageTraceBehavior [ RunTime:0.001343s ]
INFO: [ app_end ] --END-- [ RunTime:0.001391s ]

[ 2016-09-03T09:15:59+08:00 ] 192.168.233.1 /Public/Core/js/ext/magnific/magnific-popup.css
INFO: [ app_init ] --START--
INFO: Run Behavior\BuildLiteBehavior [ RunTime:0.000015s ]
INFO: Run Common\Behavior\InitHookBehavior [ RunTime:0.010341s ]
INFO: [ app_init ] --END-- [ RunTime:0.010480s ]
INFO: [ app_begin ] --START--
INFO: Run Behavior\ReadHtmlCacheBehavior [ RunTime:0.000626s ]
INFO: [ app_begin ] --END-- [ RunTime:0.000680s ]
INFO: [ view_parse ] --START--
INFO: [ template_filter ] --START--
INFO: Run Behavior\ContentReplaceBehavior [ RunTime:0.000332s ]
INFO: [ template_filter ] --END-- [ RunTime:0.000385s ]
SQL: SHOW COLUMNS FROM `xh_adv` [ RunTime:0.0009s ]
SQL: SELECT * FROM `xh_adv` LEFT JOIN xh_adv_pos as b ON xh_adv.pos_id = b.id  WHERE b.status = 1 AND b.type = 1 AND b.path = 'Home/Index/index'  [ RunTime:0.0006s ]
NOTIC: [8] Undefined variable: oneplus_seo_meta /home/vagrant/Code/omo/Runtime/Cache/Home/769e70f2e46f34ceb60619bbda5e4691.php 第 6 行.
NOTIC: [8] Undefined variable: seo /home/vagrant/Code/omo/Runtime/Cache/Home/769e70f2e46f34ceb60619bbda5e4691.php 第 6 行.
SQL: SHOW COLUMNS FROM `xh_seo_rule` [ RunTime:0.0007s ]
INFO: Run Behavior\ParseTemplateBehavior [ RunTime:0.084329s ]
INFO: [ view_parse ] --END-- [ RunTime:0.084389s ]
INFO: [ view_filter ] --START--
INFO: Run Behavior\WriteHtmlCacheBehavior [ RunTime:0.001070s ]
INFO: [ view_filter ] --END-- [ RunTime:0.001112s ]
INFO: [ app_end ] --START--
INFO: Run Behavior\ShowPageTraceBehavior [ RunTime:0.001521s ]
INFO: [ app_end ] --END-- [ RunTime:0.001564s ]

[ 2016-09-03T09:16:02+08:00 ] 192.168.233.1 /Public/Core/js/ext/magnific/magnific-popup.css
INFO: [ app_init ] --START--
INFO: Run Behavior\BuildLiteBehavior [ RunTime:0.000009s ]
INFO: Run Common\Behavior\InitHookBehavior [ RunTime:0.008876s ]
INFO: [ app_init ] --END-- [ RunTime:0.008985s ]
INFO: [ app_begin ] --START--
INFO: Run Behavior\ReadHtmlCacheBehavior [ RunTime:0.000949s ]
INFO: [ app_begin ] --END-- [ RunTime:0.001004s ]
INFO: [ view_parse ] --START--
INFO: [ template_filter ] --START--
INFO: Run Behavior\ContentReplaceBehavior [ RunTime:0.000372s ]
INFO: [ template_filter ] --END-- [ RunTime:0.000426s ]
SQL: SHOW COLUMNS FROM `xh_adv` [ RunTime:0.0005s ]
SQL: SELECT * FROM `xh_adv` LEFT JOIN xh_adv_pos as b ON xh_adv.pos_id = b.id  WHERE b.status = 1 AND b.type = 1 AND b.path = 'Home/Index/index'  [ RunTime:0.0003s ]
NOTIC: [8] Undefined variable: oneplus_seo_meta /home/vagrant/Code/omo/Runtime/Cache/Home/769e70f2e46f34ceb60619bbda5e4691.php 第 6 行.
NOTIC: [8] Undefined variable: seo /home/vagrant/Code/omo/Runtime/Cache/Home/769e70f2e46f34ceb60619bbda5e4691.php 第 6 行.
SQL: SHOW COLUMNS FROM `xh_seo_rule` [ RunTime:0.0005s ]
INFO: Run Behavior\ParseTemplateBehavior [ RunTime:0.099409s ]
INFO: [ view_parse ] --END-- [ RunTime:0.099477s ]
INFO: [ view_filter ] --START--
INFO: Run Behavior\WriteHtmlCacheBehavior [ RunTime:0.001309s ]
INFO: [ view_filter ] --END-- [ RunTime:0.001350s ]
INFO: [ app_end ] --START--
INFO: Run Behavior\ShowPageTraceBehavior [ RunTime:0.001536s ]
INFO: [ app_end ] --END-- [ RunTime:0.001586s ]

[ 2016-09-03T09:16:02+08:00 ] 192.168.233.1 /Public/Core/js/ext/magnific/jquery.magnific-popup.min.js
INFO: [ app_init ] --START--
INFO: Run Behavior\BuildLiteBehavior [ RunTime:0.000013s ]
INFO: Run Common\Behavior\InitHookBehavior [ RunTime:0.009289s ]
INFO: [ app_init ] --END-- [ RunTime:0.009437s ]
INFO: [ app_begin ] --START--
INFO: Run Behavior\ReadHtmlCacheBehavior [ RunTime:0.000879s ]
INFO: [ app_begin ] --END-- [ RunTime:0.000929s ]
INFO: [ view_parse ] --START--
INFO: [ template_filter ] --START--
INFO: Run Behavior\ContentReplaceBehavior [ RunTime:0.000333s ]
INFO: [ template_filter ] --END-- [ RunTime:0.000385s ]
SQL: SHOW COLUMNS FROM `xh_adv` [ RunTime:0.0005s ]
SQL: SELECT * FROM `xh_adv` LEFT JOIN xh_adv_pos as b ON xh_adv.pos_id = b.id  WHERE b.status = 1 AND b.type = 1 AND b.path = 'Home/Index/index'  [ RunTime:0.0003s ]
NOTIC: [8] Undefined variable: oneplus_seo_meta /home/vagrant/Code/omo/Runtime/Cache/Home/769e70f2e46f34ceb60619bbda5e4691.php 第 6 行.
NOTIC: [8] Undefined variable: seo /home/vagrant/Code/omo/Runtime/Cache/Home/769e70f2e46f34ceb60619bbda5e4691.php 第 6 行.
SQL: SHOW COLUMNS FROM `xh_seo_rule` [ RunTime:0.0006s ]
INFO: Run Behavior\ParseTemplateBehavior [ RunTime:0.100993s ]
INFO: [ view_parse ] --END-- [ RunTime:0.101054s ]
INFO: [ view_filter ] --START--
INFO: Run Behavior\WriteHtmlCacheBehavior [ RunTime:0.001240s ]
INFO: [ view_filter ] --END-- [ RunTime:0.001286s ]
INFO: [ app_end ] --START--
INFO: Run Behavior\ShowPageTraceBehavior [ RunTime:0.001531s ]
INFO: [ app_end ] --END-- [ RunTime:0.001578s ]

[ 2016-09-03T09:16:07+08:00 ] 192.168.233.1 /Public/Core/js/ext/magnific/magnific-popup.css
INFO: [ app_init ] --START--
INFO: Run Behavior\BuildLiteBehavior [ RunTime:0.000010s ]
INFO: Run Common\Behavior\InitHookBehavior [ RunTime:0.004411s ]
INFO: [ app_init ] --END-- [ RunTime:0.004505s ]
INFO: [ app_begin ] --START--
INFO: Run Behavior\ReadHtmlCacheBehavior [ RunTime:0.000807s ]
INFO: [ app_begin ] --END-- [ RunTime:0.000862s ]
INFO: [ view_parse ] --START--
INFO: [ template_filter ] --START--
INFO: Run Behavior\ContentReplaceBehavior [ RunTime:0.000348s ]
INFO: [ template_filter ] --END-- [ RunTime:0.000402s ]
SQL: SHOW COLUMNS FROM `xh_adv` [ RunTime:0.0005s ]
SQL: SELECT * FROM `xh_adv` LEFT JOIN xh_adv_pos as b ON xh_adv.pos_id = b.id  WHERE b.status = 1 AND b.type = 1 AND b.path = 'Home/Index/index'  [ RunTime:0.0004s ]
NOTIC: [8] Undefined variable: oneplus_seo_meta /home/vagrant/Code/omo/Runtime/Cache/Home/769e70f2e46f34ceb60619bbda5e4691.php 第 6 行.
NOTIC: [8] Undefined variable: seo /home/vagrant/Code/omo/Runtime/Cache/Home/769e70f2e46f34ceb60619bbda5e4691.php 第 6 行.
SQL: SHOW COLUMNS FROM `xh_seo_rule` [ RunTime:0.0005s ]
INFO: Run Behavior\ParseTemplateBehavior [ RunTime:0.085997s ]
INFO: [ view_parse ] --END-- [ RunTime:0.086053s ]
INFO: [ view_filter ] --START--
INFO: Run Behavior\WriteHtmlCacheBehavior [ RunTime:0.001026s ]
INFO: [ view_filter ] --END-- [ RunTime:0.001087s ]
INFO: [ app_end ] --START--
INFO: Run Behavior\ShowPageTraceBehavior [ RunTime:0.001525s ]
INFO: [ app_end ] --END-- [ RunTime:0.001588s ]

[ 2016-09-03T09:16:07+08:00 ] 192.168.233.1 /Public/Core/js/ext/magnific/jquery.magnific-popup.min.js
INFO: [ app_init ] --START--
INFO: Run Behavior\BuildLiteBehavior [ RunTime:0.000012s ]
INFO: Run Common\Behavior\InitHookBehavior [ RunTime:0.004338s ]
INFO: [ app_init ] --END-- [ RunTime:0.004469s ]
INFO: [ app_begin ] --START--
INFO: Run Behavior\ReadHtmlCacheBehavior [ RunTime:0.000903s ]
INFO: [ app_begin ] --END-- [ RunTime:0.000947s ]
INFO: [ view_parse ] --START--
INFO: [ template_filter ] --START--
INFO: Run Behavior\ContentReplaceBehavior [ RunTime:0.000386s ]
INFO: [ template_filter ] --END-- [ RunTime:0.000640s ]
SQL: SHOW COLUMNS FROM `xh_adv` [ RunTime:0.0005s ]
SQL: SELECT * FROM `xh_adv` LEFT JOIN xh_adv_pos as b ON xh_adv.pos_id = b.id  WHERE b.status = 1 AND b.type = 1 AND b.path = 'Home/Index/index'  [ RunTime:0.0003s ]
NOTIC: [8] Undefined variable: oneplus_seo_meta /home/vagrant/Code/omo/Runtime/Cache/Home/769e70f2e46f34ceb60619bbda5e4691.php 第 6 行.
NOTIC: [8] Undefined variable: seo /home/vagrant/Code/omo/Runtime/Cache/Home/769e70f2e46f34ceb60619bbda5e4691.php 第 6 行.
SQL: SHOW COLUMNS FROM `xh_seo_rule` [ RunTime:0.0005s ]
INFO: Run Behavior\ParseTemplateBehavior [ RunTime:0.099288s ]
INFO: [ view_parse ] --END-- [ RunTime:0.099367s ]
INFO: [ view_filter ] --START--
INFO: Run Behavior\WriteHtmlCacheBehavior [ RunTime:0.001487s ]
INFO: [ view_filter ] --END-- [ RunTime:0.001526s ]
INFO: [ app_end ] --START--
INFO: Run Behavior\ShowPageTraceBehavior [ RunTime:0.001221s ]
INFO: [ app_end ] --END-- [ RunTime:0.001265s ]

[ 2016-09-03T09:16:25+08:00 ] 192.168.233.1 /Public/Core/js/ext/magnific/magnific-popup.css
INFO: [ app_init ] --START--
INFO: Run Behavior\BuildLiteBehavior [ RunTime:0.000012s ]
INFO: Run Common\Behavior\InitHookBehavior [ RunTime:0.004874s ]
INFO: [ app_init ] --END-- [ RunTime:0.004989s ]
INFO: [ app_begin ] --START--
INFO: Run Behavior\ReadHtmlCacheBehavior [ RunTime:0.000699s ]
INFO: [ app_begin ] --END-- [ RunTime:0.000753s ]
INFO: [ view_parse ] --START--
INFO: [ template_filter ] --START--
INFO: Run Behavior\ContentReplaceBehavior [ RunTime:0.000333s ]
INFO: [ template_filter ] --END-- [ RunTime:0.000400s ]
SQL: SHOW COLUMNS FROM `xh_adv` [ RunTime:0.0005s ]
SQL: SELECT * FROM `xh_adv` LEFT JOIN xh_adv_pos as b ON xh_adv.pos_id = b.id  WHERE b.status = 1 AND b.type = 1 AND b.path = 'Home/Index/index'  [ RunTime:0.0005s ]
NOTIC: [8] Undefined variable: oneplus_seo_meta /home/vagrant/Code/omo/Runtime/Cache/Home/769e70f2e46f34ceb60619bbda5e4691.php 第 6 行.
NOTIC: [8] Undefined variable: seo /home/vagrant/Code/omo/Runtime/Cache/Home/769e70f2e46f34ceb60619bbda5e4691.php 第 6 行.
SQL: SHOW COLUMNS FROM `xh_seo_rule` [ RunTime:0.0005s ]
INFO: Run Behavior\ParseTemplateBehavior [ RunTime:0.100233s ]
INFO: [ view_parse ] --END-- [ RunTime:0.100300s ]
INFO: [ view_filter ] --START--
INFO: Run Behavior\WriteHtmlCacheBehavior [ RunTime:0.001394s ]
INFO: [ view_filter ] --END-- [ RunTime:0.001434s ]
INFO: [ app_end ] --START--
INFO: Run Behavior\ShowPageTraceBehavior [ RunTime:0.001373s ]
INFO: [ app_end ] --END-- [ RunTime:0.001417s ]

[ 2016-09-03T09:16:25+08:00 ] 192.168.233.1 /Public/Core/js/ext/magnific/jquery.magnific-popup.min.js
INFO: [ app_init ] --START--
INFO: Run Behavior\BuildLiteBehavior [ RunTime:0.000011s ]
INFO: Run Common\Behavior\InitHookBehavior [ RunTime:0.004691s ]
INFO: [ app_init ] --END-- [ RunTime:0.004796s ]
INFO: [ app_begin ] --START--
INFO: Run Behavior\ReadHtmlCacheBehavior [ RunTime:0.000699s ]
INFO: [ app_begin ] --END-- [ RunTime:0.000739s ]
INFO: [ view_parse ] --START--
INFO: [ template_filter ] --START--
INFO: Run Behavior\ContentReplaceBehavior [ RunTime:0.000433s ]
INFO: [ template_filter ] --END-- [ RunTime:0.000969s ]
SQL: SHOW COLUMNS FROM `xh_adv` [ RunTime:0.0004s ]
SQL: SELECT * FROM `xh_adv` LEFT JOIN xh_adv_pos as b ON xh_adv.pos_id = b.id  WHERE b.status = 1 AND b.type = 1 AND b.path = 'Home/Index/index'  [ RunTime:0.0005s ]
NOTIC: [8] Undefined variable: oneplus_seo_meta /home/vagrant/Code/omo/Runtime/Cache/Home/769e70f2e46f34ceb60619bbda5e4691.php 第 6 行.
NOTIC: [8] Undefined variable: seo /home/vagrant/Code/omo/Runtime/Cache/Home/769e70f2e46f34ceb60619bbda5e4691.php 第 6 行.
SQL: SHOW COLUMNS FROM `xh_seo_rule` [ RunTime:0.0005s ]
INFO: Run Behavior\ParseTemplateBehavior [ RunTime:0.142047s ]
INFO: [ view_parse ] --END-- [ RunTime:0.142113s ]
INFO: [ view_filter ] --START--
INFO: Run Behavior\WriteHtmlCacheBehavior [ RunTime:0.000886s ]
INFO: [ view_filter ] --END-- [ RunTime:0.000940s ]
INFO: [ app_end ] --START--
INFO: Run Behavior\ShowPageTraceBehavior [ RunTime:0.001332s ]
INFO: [ app_end ] --END-- [ RunTime:0.001385s ]

[ 2016-09-03T09:16:28+08:00 ] 192.168.233.1 /Public/Core/js/ext/magnific/magnific-popup.css
INFO: [ app_init ] --START--
INFO: Run Behavior\BuildLiteBehavior [ RunTime:0.000012s ]
INFO: Run Common\Behavior\InitHookBehavior [ RunTime:0.003610s ]
INFO: [ app_init ] --END-- [ RunTime:0.003723s ]
INFO: [ app_begin ] --START--
INFO: Run Behavior\ReadHtmlCacheBehavior [ RunTime:0.000865s ]
INFO: [ app_begin ] --END-- [ RunTime:0.000924s ]
INFO: [ view_parse ] --START--
INFO: [ template_filter ] --START--
INFO: Run Behavior\ContentReplaceBehavior [ RunTime:0.000361s ]
INFO: [ template_filter ] --END-- [ RunTime:0.000415s ]
SQL: SHOW COLUMNS FROM `xh_adv` [ RunTime:0.0004s ]
SQL: SELECT * FROM `xh_adv` LEFT JOIN xh_adv_pos as b ON xh_adv.pos_id = b.id  WHERE b.status = 1 AND b.type = 1 AND b.path = 'Home/Index/index'  [ RunTime:0.0004s ]
NOTIC: [8] Undefined variable: oneplus_seo_meta /home/vagrant/Code/omo/Runtime/Cache/Home/769e70f2e46f34ceb60619bbda5e4691.php 第 6 行.
NOTIC: [8] Undefined variable: seo /home/vagrant/Code/omo/Runtime/Cache/Home/769e70f2e46f34ceb60619bbda5e4691.php 第 6 行.
SQL: SHOW COLUMNS FROM `xh_seo_rule` [ RunTime:0.0008s ]
INFO: Run Behavior\ParseTemplateBehavior [ RunTime:0.112361s ]
INFO: [ view_parse ] --END-- [ RunTime:0.112418s ]
INFO: [ view_filter ] --START--
INFO: Run Behavior\WriteHtmlCacheBehavior [ RunTime:0.001376s ]
INFO: [ view_filter ] --END-- [ RunTime:0.001425s ]
INFO: [ app_end ] --START--
INFO: Run Behavior\ShowPageTraceBehavior [ RunTime:0.000825s ]
INFO: [ app_end ] --END-- [ RunTime:0.000886s ]

[ 2016-09-03T09:16:29+08:00 ] 192.168.233.1 /Public/Core/js/ext/magnific/jquery.magnific-popup.min.js
INFO: [ app_init ] --START--
INFO: Run Behavior\BuildLiteBehavior [ RunTime:0.000009s ]
INFO: Run Common\Behavior\InitHookBehavior [ RunTime:0.003460s ]
INFO: [ app_init ] --END-- [ RunTime:0.003550s ]
INFO: [ app_begin ] --START--
INFO: Run Behavior\ReadHtmlCacheBehavior [ RunTime:0.002150s ]
INFO: [ app_begin ] --END-- [ RunTime:0.002247s ]
INFO: [ view_parse ] --START--
INFO: [ template_filter ] --START--
INFO: Run Behavior\ContentReplaceBehavior [ RunTime:0.000375s ]
INFO: [ template_filter ] --END-- [ RunTime:0.000431s ]
SQL: SHOW COLUMNS FROM `xh_adv` [ RunTime:0.0006s ]
SQL: SELECT * FROM `xh_adv` LEFT JOIN xh_adv_pos as b ON xh_adv.pos_id = b.id  WHERE b.status = 1 AND b.type = 1 AND b.path = 'Home/Index/index'  [ RunTime:0.0003s ]
NOTIC: [8] Undefined variable: oneplus_seo_meta /home/vagrant/Code/omo/Runtime/Cache/Home/769e70f2e46f34ceb60619bbda5e4691.php 第 6 行.
NOTIC: [8] Undefined variable: seo /home/vagrant/Code/omo/Runtime/Cache/Home/769e70f2e46f34ceb60619bbda5e4691.php 第 6 行.
SQL: SHOW COLUMNS FROM `xh_seo_rule` [ RunTime:0.0005s ]
INFO: Run Behavior\ParseTemplateBehavior [ RunTime:0.151972s ]
INFO: [ view_parse ] --END-- [ RunTime:0.152037s ]
INFO: [ view_filter ] --START--
INFO: Run Behavior\WriteHtmlCacheBehavior [ RunTime:0.001554s ]
INFO: [ view_filter ] --END-- [ RunTime:0.001602s ]
INFO: [ app_end ] --START--
INFO: Run Behavior\ShowPageTraceBehavior [ RunTime:0.000998s ]
INFO: [ app_end ] --END-- [ RunTime:0.001044s ]

[ 2016-09-03T09:16:34+08:00 ] 192.168.233.1 /Public/Core/js/ext/magnific/magnific-popup.css
INFO: [ app_init ] --START--
INFO: Run Behavior\BuildLiteBehavior [ RunTime:0.000009s ]
INFO: Run Common\Behavior\InitHookBehavior [ RunTime:0.004259s ]
INFO: [ app_init ] --END-- [ RunTime:0.004350s ]
INFO: [ app_begin ] --START--
INFO: Run Behavior\ReadHtmlCacheBehavior [ RunTime:0.000815s ]
INFO: [ app_begin ] --END-- [ RunTime:0.000927s ]
INFO: [ view_parse ] --START--
INFO: [ template_filter ] --START--
INFO: Run Behavior\ContentReplaceBehavior [ RunTime:0.000357s ]
INFO: [ template_filter ] --END-- [ RunTime:0.000410s ]
SQL: SHOW COLUMNS FROM `xh_adv` [ RunTime:0.0005s ]
SQL: SELECT * FROM `xh_adv` LEFT JOIN xh_adv_pos as b ON xh_adv.pos_id = b.id  WHERE b.status = 1 AND b.type = 1 AND b.path = 'Home/Index/index'  [ RunTime:0.0003s ]
NOTIC: [8] Undefined variable: oneplus_seo_meta /home/vagrant/Code/omo/Runtime/Cache/Home/769e70f2e46f34ceb60619bbda5e4691.php 第 6 行.
NOTIC: [8] Undefined variable: seo /home/vagrant/Code/omo/Runtime/Cache/Home/769e70f2e46f34ceb60619bbda5e4691.php 第 6 行.
SQL: SHOW COLUMNS FROM `xh_seo_rule` [ RunTime:0.0004s ]
INFO: Run Behavior\ParseTemplateBehavior [ RunTime:0.095982s ]
INFO: [ view_parse ] --END-- [ RunTime:0.096045s ]
INFO: [ view_filter ] --START--
INFO: Run Behavior\WriteHtmlCacheBehavior [ RunTime:0.000854s ]
INFO: [ view_filter ] --END-- [ RunTime:0.000889s ]
INFO: [ app_end ] --START--
INFO: Run Behavior\ShowPageTraceBehavior [ RunTime:0.001200s ]
INFO: [ app_end ] --END-- [ RunTime:0.001238s ]

[ 2016-09-03T09:16:34+08:00 ] 192.168.233.1 /Public/Core/js/ext/magnific/jquery.magnific-popup.min.js
INFO: [ app_init ] --START--
INFO: Run Behavior\BuildLiteBehavior [ RunTime:0.000013s ]
INFO: Run Common\Behavior\InitHookBehavior [ RunTime:0.003984s ]
INFO: [ app_init ] --END-- [ RunTime:0.004108s ]
INFO: [ app_begin ] --START--
INFO: Run Behavior\ReadHtmlCacheBehavior [ RunTime:0.001281s ]
INFO: [ app_begin ] --END-- [ RunTime:0.001335s ]
INFO: [ view_parse ] --START--
INFO: [ template_filter ] --START--
INFO: Run Behavior\ContentReplaceBehavior [ RunTime:0.000333s ]
INFO: [ template_filter ] --END-- [ RunTime:0.000431s ]
SQL: SHOW COLUMNS FROM `xh_adv` [ RunTime:0.0004s ]
SQL: SELECT * FROM `xh_adv` LEFT JOIN xh_adv_pos as b ON xh_adv.pos_id = b.id  WHERE b.status = 1 AND b.type = 1 AND b.path = 'Home/Index/index'  [ RunTime:0.0003s ]
NOTIC: [8] Undefined variable: oneplus_seo_meta /home/vagrant/Code/omo/Runtime/Cache/Home/769e70f2e46f34ceb60619bbda5e4691.php 第 6 行.
NOTIC: [8] Undefined variable: seo /home/vagrant/Code/omo/Runtime/Cache/Home/769e70f2e46f34ceb60619bbda5e4691.php 第 6 行.
SQL: SHOW COLUMNS FROM `xh_seo_rule` [ RunTime:0.0005s ]
INFO: Run Behavior\ParseTemplateBehavior [ RunTime:0.145511s ]
INFO: [ view_parse ] --END-- [ RunTime:0.145575s ]
INFO: [ view_filter ] --START--
INFO: Run Behavior\WriteHtmlCacheBehavior [ RunTime:0.001192s ]
INFO: [ view_filter ] --END-- [ RunTime:0.001234s ]
INFO: [ app_end ] --START--
INFO: Run Behavior\ShowPageTraceBehavior [ RunTime:0.001310s ]
INFO: [ app_end ] --END-- [ RunTime:0.001366s ]

