[ 2016-09-01T13:31:56+08:00 ] 192.168.3.1 /Buseness/User/login.html
INFO: [ app_init ] --START--
INFO: Run Behavior\BuildLiteBehavior [ RunTime:0.000033s ]
INFO: Run Common\Behavior\InitHookBehavior [ RunTime:0.011058s ]
INFO: [ app_init ] --END-- [ RunTime:0.012512s ]
INFO: [ app_begin ] --START--
INFO: Run Behavior\ReadHtmlCacheBehavior [ RunTime:0.002083s ]
INFO: [ app_begin ] --END-- [ RunTime:0.002159s ]
INFO: [ view_parse ] --START--
INFO: [ template_filter ] --START--
INFO: Run Behavior\ContentReplaceBehavior [ RunTime:0.000128s ]
INFO: [ template_filter ] --END-- [ RunTime:0.000193s ]
SQL: SHOW COLUMNS FROM `xh_adv` [ RunTime:0.0004s ]
SQL: SELECT * FROM `xh_adv` LEFT JOIN xh_adv_pos as b ON xh_adv.pos_id = b.id  WHERE b.status = 1 AND b.type = 1 AND b.path = 'Buseness/User/login'  [ RunTime:0.0003s ]
NOTIC: [2] Invalid argument supplied for foreach() /home/vagrant/Code/omo/Runtime/Cache/Buseness/ac85e1333e5148edf0da3375d6695a38.php 第 4 行.
NOTIC: [8] Undefined variable: oneplus_seo_meta /home/vagrant/Code/omo/Runtime/Cache/Buseness/ac85e1333e5148edf0da3375d6695a38.php 第 6 行.
NOTIC: [8] Undefined variable: seo /home/vagrant/Code/omo/Runtime/Cache/Buseness/ac85e1333e5148edf0da3375d6695a38.php 第 6 行.
SQL: SHOW COLUMNS FROM `xh_seo_rule` [ RunTime:0.0005s ]
NOTIC: [2] mysqli_real_escape_string() expects exactly 2 parameters, 1 given /home/vagrant/Code/omo/Application/Common/Model/SeoRuleModel.class.php 第 81 行.
NOTIC: [2] mysqli_real_escape_string() expects exactly 2 parameters, 1 given /home/vagrant/Code/omo/Application/Common/Model/SeoRuleModel.class.php 第 82 行.
NOTIC: [2] mysqli_real_escape_string() expects exactly 2 parameters, 1 given /home/vagrant/Code/omo/Application/Common/Model/SeoRuleModel.class.php 第 83 行.
SQL: SELECT * FROM `xh_seo_rule` WHERE ( (app='' or app='') and (controller='' or controller='') and (action='' or action='') and status=1 ) ORDER BY sort asc  [ RunTime:0.0003s ]
NOTIC: [2] Invalid argument supplied for foreach() /home/vagrant/Code/omo/Application/Common/Model/SeoRuleModel.class.php 第 39 行.
INFO: Run Behavior\ParseTemplateBehavior [ RunTime:0.263491s ]
INFO: [ view_parse ] --END-- [ RunTime:0.263566s ]
INFO: [ view_filter ] --START--
INFO: Run Behavior\WriteHtmlCacheBehavior [ RunTime:0.002089s ]
INFO: [ view_filter ] --END-- [ RunTime:0.002243s ]
INFO: [ app_end ] --START--
INFO: Run Behavior\ShowPageTraceBehavior [ RunTime:0.001921s ]
INFO: [ app_end ] --END-- [ RunTime:0.001979s ]

[ 2016-09-01T13:32:01+08:00 ] 192.168.3.1 /Buseness/User/login.html
INFO: [ app_init ] --START--
INFO: Run Behavior\BuildLiteBehavior [ RunTime:0.000023s ]
INFO: Run Common\Behavior\InitHookBehavior [ RunTime:0.028757s ]
INFO: [ app_init ] --END-- [ RunTime:0.035689s ]
INFO: [ app_begin ] --START--
INFO: Run Behavior\ReadHtmlCacheBehavior [ RunTime:0.002736s ]
INFO: [ app_begin ] --END-- [ RunTime:0.002849s ]
NOTIC: [8] Undefined index: lite /home/vagrant/Code/omo/ThinkPHP/Library/Think/Db.class.php 第 37 行.
SQL: SHOW COLUMNS FROM `xh_member` [ RunTime:0.0007s ]
SQL: SELECT `uid`,`nickname`,`sex`,`birthday`,`qq`,`score`,`login`,`reg_ip`,`reg_time`,`last_login_ip`,`last_login_time`,`status` FROM `xh_member` WHERE `uid` = 134 LIMIT 1   [ RunTime:0.0003s ]
SQL: UPDATE `xh_member` SET `login`=`login`+1,`last_login_time`='1472707921',`last_login_ip`='3232236289' WHERE `uid` = 134 [ RunTime:0.0002s ]
SQL: SHOW COLUMNS FROM `xh_action` [ RunTime:0.0007s ]
SQL: SELECT * FROM `xh_action` WHERE `name` = 'user_login' LIMIT 1   [ RunTime:0.0003s ]
SQL: SHOW COLUMNS FROM `xh_member` [ RunTime:0.0005s ]
SQL: SELECT `nickname` FROM `xh_member` WHERE `uid` = 134 LIMIT 1   [ RunTime:0.0003s ]
SQL: SHOW COLUMNS FROM `xh_action_log` [ RunTime:0.0005s ]
SQL: INSERT INTO `xh_action_log` (`action_id`,`user_id`,`action_ip`,`model`,`record_id`,`create_time`,`remark`) VALUES ('1','134','3232236289','member','134','1472707921','24122331在2016-09-01 13:32登录了后台') [ RunTime:0.0003s ]
SQL: SELECT * FROM `xh_action` WHERE `name` = 'user_login' LIMIT 1   [ RunTime:0.0002s ]
NOTIC: [8] Undefined offset: 1 /home/vagrant/Code/omo/Application/Common/Common/function.php 第 679 行.
NOTIC: [2] array_key_exists() expects parameter 2 to be array, null given /home/vagrant/Code/omo/Application/Common/Common/function.php 第 679 行.
SQL: SELECT COUNT(*) AS tp_count FROM `xh_action_log` WHERE `action_id` = 1 AND `user_id` = 134 AND `create_time` > 1472621521 LIMIT 1   [ RunTime:0.0003s ]
SQL: UPDATE `xh_member` SET `score`=score+10 WHERE ( uid=134 AND status>-1 ) [ RunTime:0.0002s ]

[ 2016-09-01T13:32:02+08:00 ] 192.168.3.1 /Buseness/Building/lists.html
INFO: [ app_init ] --START--
INFO: Run Behavior\BuildLiteBehavior [ RunTime:0.000012s ]
INFO: Run Common\Behavior\InitHookBehavior [ RunTime:0.004164s ]
INFO: [ app_init ] --END-- [ RunTime:0.004304s ]
INFO: [ app_begin ] --START--
INFO: Run Behavior\ReadHtmlCacheBehavior [ RunTime:0.000685s ]
INFO: [ app_begin ] --END-- [ RunTime:0.000737s ]
SQL: SHOW COLUMNS FROM `xh_config` [ RunTime:0.0004s ]
SQL: SELECT `type`,`name`,`value` FROM `xh_config` WHERE `status` = 1  [ RunTime:0.0002s ]
SQL: SHOW COLUMNS FROM `xh_resources` [ RunTime:0.0006s ]
SQL: SELECT `id`,`uid`,`title`,`desc`,`city`,`area`,`trading_area`,`address`,`position`,`build_time`,`cover`,`vadio`,`website`,`company`,`more_desc`,`update_time`,`deadline`,`create_time`,`click_count`,`postcode`,`step`,`status` FROM `xh_resources` WHERE `uid` = 134 AND `create_time` < 1472707921 AND ( deadline = 0 OR deadline > 1472707921 ) ORDER BY create_time desc  [ RunTime:0.0004s ]
SQL: SHOW COLUMNS FROM `xh_resources_images` [ RunTime:0.0004s ]
SQL: SELECT * FROM `xh_resources_images` WHERE `rid` = 10093 AND `type` = 1 LIMIT 3   [ RunTime:0.0002s ]
SQL: SHOW COLUMNS FROM `xh_resources_service` [ RunTime:0.0004s ]
SQL: SELECT `service_name` FROM `xh_resources_service` WHERE `rid` = 10093  [ RunTime:0.0002s ]
SQL: SHOW COLUMNS FROM `xh_resources_position` [ RunTime:0.0004s ]
SQL: SELECT MIN(month) AS tp_min FROM `xh_resources_position` WHERE `rid` = 10093 LIMIT 1   [ RunTime:0.0002s ]
SQL: SELECT MIN(hour) AS tp_min FROM `xh_resources_position` WHERE `rid` = 10093 LIMIT 1   [ RunTime:0.0001s ]
SQL: SELECT COUNT(*) AS tp_count FROM `xh_resources_position` WHERE `rid` = 10093 AND `actual_time` = 1 LIMIT 1   [ RunTime:0.0001s ]
SQL: SELECT COUNT(*) AS tp_count FROM `xh_resources_position` WHERE `rid` = 10093 AND `actual_time` = 1 LIMIT 1   [ RunTime:0.0001s ]
SQL: SELECT COUNT(id) AS tp_count FROM `xh_resources` WHERE `uid` = 134 AND `status` = 1 AND `create_time` < 1472707921 AND ( deadline = 0 OR deadline > 1472707921 ) LIMIT 1   [ RunTime:0.0001s ]
INFO: [ view_parse ] --START--
INFO: [ template_filter ] --START--
INFO: Run Behavior\ContentReplaceBehavior [ RunTime:0.000193s ]
INFO: [ template_filter ] --END-- [ RunTime:0.000240s ]
SQL: SHOW COLUMNS FROM `xh_adv` [ RunTime:0.0005s ]
SQL: SELECT * FROM `xh_adv` LEFT JOIN xh_adv_pos as b ON xh_adv.pos_id = b.id  WHERE b.status = 1 AND b.type = 1 AND b.path = 'Buseness/Building/lists'  [ RunTime:0.0004s ]
NOTIC: [2] Invalid argument supplied for foreach() /home/vagrant/Code/omo/Runtime/Cache/Buseness/03aef7672379fe6f5b4a5c4bf2a5b65c.php 第 4 行.
NOTIC: [8] Undefined variable: oneplus_seo_meta /home/vagrant/Code/omo/Runtime/Cache/Buseness/03aef7672379fe6f5b4a5c4bf2a5b65c.php 第 6 行.
NOTIC: [8] Undefined variable: seo /home/vagrant/Code/omo/Runtime/Cache/Buseness/03aef7672379fe6f5b4a5c4bf2a5b65c.php 第 6 行.
SQL: SHOW COLUMNS FROM `xh_seo_rule` [ RunTime:0.0007s ]
NOTIC: [2] mysqli_real_escape_string() expects exactly 2 parameters, 1 given /home/vagrant/Code/omo/Application/Common/Model/SeoRuleModel.class.php 第 81 行.
NOTIC: [2] mysqli_real_escape_string() expects exactly 2 parameters, 1 given /home/vagrant/Code/omo/Application/Common/Model/SeoRuleModel.class.php 第 82 行.
NOTIC: [2] mysqli_real_escape_string() expects exactly 2 parameters, 1 given /home/vagrant/Code/omo/Application/Common/Model/SeoRuleModel.class.php 第 83 行.
SQL: SELECT * FROM `xh_seo_rule` WHERE ( (app='' or app='') and (controller='' or controller='') and (action='' or action='') and status=1 ) ORDER BY sort asc  [ RunTime:0.0005s ]
NOTIC: [2] Invalid argument supplied for foreach() /home/vagrant/Code/omo/Application/Common/Model/SeoRuleModel.class.php 第 39 行.
SQL: SELECT * FROM `xh_resources_images` WHERE `rid` = 10093 AND `type` = 1 LIMIT 1   [ RunTime:0.0005s ]
SQL: SHOW COLUMNS FROM `xh_region` [ RunTime:0.0005s ]
SQL: SELECT `region_name` FROM `xh_region` WHERE `region_id` = 321 LIMIT 1   [ RunTime:0.0003s ]
SQL: SELECT `region_name` FROM `xh_region` WHERE `region_id` = 2704 LIMIT 1   [ RunTime:0.0002s ]
SQL: SHOW COLUMNS FROM `xh_resources_type` [ RunTime:0.0036s ]
SQL: SELECT COUNT(*) AS tp_count FROM `xh_resources_type` WHERE `rid` = 10093 AND `type` = 5 LIMIT 1   [ RunTime:0.0024s ]
SQL: SELECT COUNT(*) AS tp_count FROM `xh_resources_type` WHERE `rid` = 10093 LIMIT 1   [ RunTime:0.0002s ]
SQL: SELECT COUNT(*) AS tp_count FROM `xh_resources_type` WHERE `rid` = 10093 LIMIT 1   [ RunTime:0.0002s ]
SQL: SELECT COUNT(*) AS tp_count FROM `xh_resources_type` WHERE `rid` = 10093 LIMIT 1   [ RunTime:0.0001s ]
NOTIC: [8] Use of undefined constant id - assumed 'id' /home/vagrant/Code/omo/Runtime/Cache/Buseness/03aef7672379fe6f5b4a5c4bf2a5b65c.php 第 152 行.
INFO: Run Behavior\ParseTemplateBehavior [ RunTime:0.224387s ]
INFO: [ view_parse ] --END-- [ RunTime:0.224459s ]
INFO: [ view_filter ] --START--
INFO: Run Behavior\WriteHtmlCacheBehavior [ RunTime:0.002596s ]
INFO: [ view_filter ] --END-- [ RunTime:0.002646s ]
INFO: [ app_end ] --START--
INFO: Run Behavior\ShowPageTraceBehavior [ RunTime:0.001971s ]
INFO: [ app_end ] --END-- [ RunTime:0.002028s ]

[ 2016-09-01T13:32:07+08:00 ] 192.168.3.1 /Buseness/Building/position/rid/10093.html
INFO: [ app_init ] --START--
INFO: Run Behavior\BuildLiteBehavior [ RunTime:0.000017s ]
INFO: Run Common\Behavior\InitHookBehavior [ RunTime:0.008547s ]
INFO: [ app_init ] --END-- [ RunTime:0.010122s ]
INFO: [ app_begin ] --START--
INFO: Run Behavior\ReadHtmlCacheBehavior [ RunTime:0.001316s ]
INFO: [ app_begin ] --END-- [ RunTime:0.001378s ]
SQL: SHOW COLUMNS FROM `xh_config` [ RunTime:0.0006s ]
SQL: SELECT `type`,`name`,`value` FROM `xh_config` WHERE `status` = 1  [ RunTime:0.0003s ]
SQL: SHOW COLUMNS FROM `xh_resources_position` [ RunTime:0.0006s ]
SQL: SELECT * FROM `xh_resources_position` WHERE `rid` = 10093  [ RunTime:0.0002s ]
SQL: SHOW COLUMNS FROM `xh_position_images` [ RunTime:0.0021s ]
SQL: SELECT * FROM `xh_position_images` WHERE `pid` = 10164 ORDER BY id asc LIMIT 1   [ RunTime:0.0015s ]
INFO: [ view_parse ] --START--
INFO: [ template_filter ] --START--
INFO: Run Behavior\ContentReplaceBehavior [ RunTime:0.000129s ]
INFO: [ template_filter ] --END-- [ RunTime:0.000201s ]
SQL: SHOW COLUMNS FROM `xh_adv` [ RunTime:0.0006s ]
SQL: SELECT * FROM `xh_adv` LEFT JOIN xh_adv_pos as b ON xh_adv.pos_id = b.id  WHERE b.status = 1 AND b.type = 1 AND b.path = 'Buseness/Building/position'  [ RunTime:0.0003s ]
NOTIC: [2] Invalid argument supplied for foreach() /home/vagrant/Code/omo/Runtime/Cache/Buseness/cfa4823c20484ddde87721b8ae2b4406.php 第 4 行.
NOTIC: [8] Undefined variable: oneplus_seo_meta /home/vagrant/Code/omo/Runtime/Cache/Buseness/cfa4823c20484ddde87721b8ae2b4406.php 第 6 行.
NOTIC: [8] Undefined variable: seo /home/vagrant/Code/omo/Runtime/Cache/Buseness/cfa4823c20484ddde87721b8ae2b4406.php 第 6 行.
SQL: SHOW COLUMNS FROM `xh_seo_rule` [ RunTime:0.0005s ]
NOTIC: [2] mysqli_real_escape_string() expects exactly 2 parameters, 1 given /home/vagrant/Code/omo/Application/Common/Model/SeoRuleModel.class.php 第 81 行.
NOTIC: [2] mysqli_real_escape_string() expects exactly 2 parameters, 1 given /home/vagrant/Code/omo/Application/Common/Model/SeoRuleModel.class.php 第 82 行.
NOTIC: [2] mysqli_real_escape_string() expects exactly 2 parameters, 1 given /home/vagrant/Code/omo/Application/Common/Model/SeoRuleModel.class.php 第 83 行.
SQL: SELECT * FROM `xh_seo_rule` WHERE ( (app='' or app='') and (controller='' or controller='') and (action='' or action='') and status=1 ) ORDER BY sort asc  [ RunTime:0.0002s ]
NOTIC: [2] Invalid argument supplied for foreach() /home/vagrant/Code/omo/Application/Common/Model/SeoRuleModel.class.php 第 39 行.
INFO: Run Behavior\ParseTemplateBehavior [ RunTime:0.170642s ]
INFO: [ view_parse ] --END-- [ RunTime:0.170710s ]
INFO: [ view_filter ] --START--
INFO: Run Behavior\WriteHtmlCacheBehavior [ RunTime:0.003313s ]
INFO: [ view_filter ] --END-- [ RunTime:0.003366s ]
INFO: [ app_end ] --START--
INFO: Run Behavior\ShowPageTraceBehavior [ RunTime:0.002615s ]
INFO: [ app_end ] --END-- [ RunTime:0.002680s ]

[ 2016-09-01T13:32:10+08:00 ] 192.168.3.1 /Buseness/Building/editPosition/id/10164.html
INFO: [ app_init ] --START--
INFO: Run Behavior\BuildLiteBehavior [ RunTime:0.000035s ]
INFO: Run Common\Behavior\InitHookBehavior [ RunTime:0.008126s ]
INFO: [ app_init ] --END-- [ RunTime:0.009248s ]
INFO: [ app_begin ] --START--
INFO: Run Behavior\ReadHtmlCacheBehavior [ RunTime:0.001791s ]
INFO: [ app_begin ] --END-- [ RunTime:0.001868s ]
SQL: SHOW COLUMNS FROM `xh_config` [ RunTime:0.0005s ]
SQL: SELECT `type`,`name`,`value` FROM `xh_config` WHERE `status` = 1  [ RunTime:0.0002s ]
SQL: SHOW COLUMNS FROM `xh_resources_position` [ RunTime:0.0006s ]
SQL: SELECT * FROM `xh_resources_position` WHERE `id` = 10164 LIMIT 1   [ RunTime:0.0003s ]
SQL: SHOW COLUMNS FROM `xh_position_images` [ RunTime:0.0005s ]
SQL: SELECT * FROM `xh_position_images` WHERE ( pid = 10164 )  [ RunTime:0.0003s ]
SQL: SHOW COLUMNS FROM `xh_resources_type` [ RunTime:0.0006s ]
SQL: SELECT * FROM `xh_resources_type` WHERE ( rid = 10093 )  [ RunTime:0.0003s ]
INFO: [ view_parse ] --START--
INFO: [ template_filter ] --START--
INFO: Run Behavior\ContentReplaceBehavior [ RunTime:0.000252s ]
INFO: [ template_filter ] --END-- [ RunTime:0.000302s ]
SQL: SHOW COLUMNS FROM `xh_adv` [ RunTime:0.0010s ]
SQL: SELECT * FROM `xh_adv` LEFT JOIN xh_adv_pos as b ON xh_adv.pos_id = b.id  WHERE b.status = 1 AND b.type = 1 AND b.path = 'Buseness/Building/editPosition'  [ RunTime:0.0007s ]
NOTIC: [2] Invalid argument supplied for foreach() /home/vagrant/Code/omo/Runtime/Cache/Buseness/7454e183142a0dbfb65d40bda41ee3a6.php 第 4 行.
NOTIC: [8] Undefined variable: oneplus_seo_meta /home/vagrant/Code/omo/Runtime/Cache/Buseness/7454e183142a0dbfb65d40bda41ee3a6.php 第 6 行.
NOTIC: [8] Undefined variable: seo /home/vagrant/Code/omo/Runtime/Cache/Buseness/7454e183142a0dbfb65d40bda41ee3a6.php 第 6 行.
SQL: SHOW COLUMNS FROM `xh_seo_rule` [ RunTime:0.0007s ]
NOTIC: [2] mysqli_real_escape_string() expects exactly 2 parameters, 1 given /home/vagrant/Code/omo/Application/Common/Model/SeoRuleModel.class.php 第 81 行.
NOTIC: [2] mysqli_real_escape_string() expects exactly 2 parameters, 1 given /home/vagrant/Code/omo/Application/Common/Model/SeoRuleModel.class.php 第 82 行.
NOTIC: [2] mysqli_real_escape_string() expects exactly 2 parameters, 1 given /home/vagrant/Code/omo/Application/Common/Model/SeoRuleModel.class.php 第 83 行.
SQL: SELECT * FROM `xh_seo_rule` WHERE ( (app='' or app='') and (controller='' or controller='') and (action='' or action='') and status=1 ) ORDER BY sort asc  [ RunTime:0.0006s ]
NOTIC: [2] Invalid argument supplied for foreach() /home/vagrant/Code/omo/Application/Common/Model/SeoRuleModel.class.php 第 39 行.
NOTIC: [8] Undefined variable: outsides /home/vagrant/Code/omo/Runtime/Cache/Buseness/7454e183142a0dbfb65d40bda41ee3a6.php 第 192 行.
INFO: Run Behavior\ParseTemplateBehavior [ RunTime:0.232324s ]
INFO: [ view_parse ] --END-- [ RunTime:0.232388s ]
INFO: [ view_filter ] --START--
INFO: Run Behavior\WriteHtmlCacheBehavior [ RunTime:0.004713s ]
INFO: [ view_filter ] --END-- [ RunTime:0.004783s ]
INFO: [ app_end ] --START--
INFO: Run Behavior\ShowPageTraceBehavior [ RunTime:0.002104s ]
INFO: [ app_end ] --END-- [ RunTime:0.002176s ]

[ 2016-09-01T13:32:11+08:00 ] 192.168.3.1 /Buseness/Building/editPosition/id/
INFO: [ app_init ] --START--
INFO: Run Behavior\BuildLiteBehavior [ RunTime:0.000011s ]
INFO: Run Common\Behavior\InitHookBehavior [ RunTime:0.003287s ]
INFO: [ app_init ] --END-- [ RunTime:0.003424s ]
INFO: [ app_begin ] --START--
INFO: Run Behavior\ReadHtmlCacheBehavior [ RunTime:0.000736s ]
INFO: [ app_begin ] --END-- [ RunTime:0.000790s ]
SQL: SHOW COLUMNS FROM `xh_config` [ RunTime:0.0005s ]
SQL: SELECT `type`,`name`,`value` FROM `xh_config` WHERE `status` = 1  [ RunTime:0.0004s ]
NOTIC: [8] Undefined variable: position /home/vagrant/Code/omo/Application/Buseness/Controller/BuildingController.class.php 第 319 行.
SQL: SHOW COLUMNS FROM `xh_resources_type` [ RunTime:0.0007s ]
ERR: SQLSTATE[42000]: Syntax error or access violation: 1064 You have an error in your SQL syntax; check the manual that corresponds to your MySQL server version for the right syntax to use near ')' at line 1

[ 2016-09-01T13:37:22+08:00 ] 192.168.3.1 /Buseness/Building/index/step/1/id/10093.html
INFO: [ app_init ] --START--
INFO: Run Behavior\BuildLiteBehavior [ RunTime:0.000024s ]
INFO: Run Common\Behavior\InitHookBehavior [ RunTime:0.039168s ]
INFO: [ app_init ] --END-- [ RunTime:0.042169s ]
INFO: [ app_begin ] --START--
INFO: Run Behavior\ReadHtmlCacheBehavior [ RunTime:0.002115s ]
INFO: [ app_begin ] --END-- [ RunTime:0.002202s ]
SQL: SHOW COLUMNS FROM `xh_config` [ RunTime:0.0008s ]
SQL: SELECT `type`,`name`,`value` FROM `xh_config` WHERE `status` = 1  [ RunTime:0.0004s ]
SQL: SHOW COLUMNS FROM `xh_resources` [ RunTime:0.0007s ]
SQL: SELECT * FROM `xh_resources` WHERE `id` = 10093 AND `uid` = 134 LIMIT 1   [ RunTime:0.0003s ]
SQL: SHOW COLUMNS FROM `xh_region` [ RunTime:0.0006s ]
ERR: SQLSTATE[42000]: Syntax error or access violation: 1055 Expression #7 of SELECT list is not in GROUP BY clause and contains nonaggregated column 'ohmyoffice_db.b.id' which is not functionally dependent on columns in GROUP BY clause; this is incompatible with sql_mode=only_full_group_by

[ 2016-09-01T13:38:20+08:00 ] 192.168.3.1 /Buseness/Building/lists.html
INFO: [ app_init ] --START--
INFO: Run Behavior\BuildLiteBehavior [ RunTime:0.000017s ]
INFO: Run Common\Behavior\InitHookBehavior [ RunTime:0.022243s ]
INFO: [ app_init ] --END-- [ RunTime:0.024957s ]
INFO: [ app_begin ] --START--
INFO: Run Behavior\ReadHtmlCacheBehavior [ RunTime:0.002309s ]
INFO: [ app_begin ] --END-- [ RunTime:0.002375s ]
SQL: SHOW COLUMNS FROM `xh_config` [ RunTime:0.0006s ]
SQL: SELECT `type`,`name`,`value` FROM `xh_config` WHERE `status` = 1  [ RunTime:0.0009s ]
SQL: SHOW COLUMNS FROM `xh_resources` [ RunTime:0.0009s ]
SQL: SELECT `id`,`uid`,`title`,`desc`,`city`,`area`,`trading_area`,`address`,`position`,`build_time`,`cover`,`vadio`,`website`,`company`,`more_desc`,`update_time`,`deadline`,`create_time`,`click_count`,`postcode`,`step`,`status` FROM `xh_resources` WHERE `uid` = 134 AND `create_time` < 1472708300 AND ( deadline = 0 OR deadline > 1472708300 ) ORDER BY create_time desc  [ RunTime:0.0015s ]
SQL: SHOW COLUMNS FROM `xh_resources_images` [ RunTime:0.0005s ]
SQL: SELECT * FROM `xh_resources_images` WHERE `rid` = 10093 AND `type` = 1 LIMIT 3   [ RunTime:0.0002s ]
SQL: SHOW COLUMNS FROM `xh_resources_service` [ RunTime:0.0007s ]
SQL: SELECT `service_name` FROM `xh_resources_service` WHERE `rid` = 10093  [ RunTime:0.0005s ]
SQL: SHOW COLUMNS FROM `xh_resources_position` [ RunTime:0.0006s ]
SQL: SELECT MIN(month) AS tp_min FROM `xh_resources_position` WHERE `rid` = 10093 LIMIT 1   [ RunTime:0.0002s ]
SQL: SELECT MIN(hour) AS tp_min FROM `xh_resources_position` WHERE `rid` = 10093 LIMIT 1   [ RunTime:0.0002s ]
SQL: SELECT COUNT(*) AS tp_count FROM `xh_resources_position` WHERE `rid` = 10093 AND `actual_time` = 1 LIMIT 1   [ RunTime:0.0004s ]
SQL: SELECT COUNT(*) AS tp_count FROM `xh_resources_position` WHERE `rid` = 10093 AND `actual_time` = 1 LIMIT 1   [ RunTime:0.0008s ]
SQL: SELECT COUNT(id) AS tp_count FROM `xh_resources` WHERE `uid` = 134 AND `status` = 1 AND `create_time` < 1472708300 AND ( deadline = 0 OR deadline > 1472708300 ) LIMIT 1   [ RunTime:0.0007s ]
INFO: [ view_parse ] --START--
INFO: [ template_filter ] --START--
INFO: Run Behavior\ContentReplaceBehavior [ RunTime:0.000152s ]
INFO: [ template_filter ] --END-- [ RunTime:0.000197s ]
SQL: SHOW COLUMNS FROM `xh_adv` [ RunTime:0.0006s ]
SQL: SELECT * FROM `xh_adv` LEFT JOIN xh_adv_pos as b ON xh_adv.pos_id = b.id  WHERE b.status = 1 AND b.type = 1 AND b.path = 'Buseness/Building/lists'  [ RunTime:0.0003s ]
NOTIC: [2] Invalid argument supplied for foreach() /home/vagrant/Code/omo/Runtime/Cache/Buseness/03aef7672379fe6f5b4a5c4bf2a5b65c.php 第 4 行.
NOTIC: [8] Undefined variable: oneplus_seo_meta /home/vagrant/Code/omo/Runtime/Cache/Buseness/03aef7672379fe6f5b4a5c4bf2a5b65c.php 第 6 行.
NOTIC: [8] Undefined variable: seo /home/vagrant/Code/omo/Runtime/Cache/Buseness/03aef7672379fe6f5b4a5c4bf2a5b65c.php 第 6 行.
SQL: SHOW COLUMNS FROM `xh_seo_rule` [ RunTime:0.0005s ]
SQL: SELECT * FROM `xh_resources_images` WHERE `rid` = 10093 AND `type` = 1 LIMIT 1   [ RunTime:0.0002s ]
SQL: SHOW COLUMNS FROM `xh_region` [ RunTime:0.0005s ]
SQL: SELECT `region_name` FROM `xh_region` WHERE `region_id` = 321 LIMIT 1   [ RunTime:0.0003s ]
SQL: SELECT `region_name` FROM `xh_region` WHERE `region_id` = 2704 LIMIT 1   [ RunTime:0.0002s ]
SQL: SHOW COLUMNS FROM `xh_resources_type` [ RunTime:0.0005s ]
SQL: SELECT COUNT(*) AS tp_count FROM `xh_resources_type` WHERE `rid` = 10093 AND `type` = 5 LIMIT 1   [ RunTime:0.0002s ]
SQL: SELECT COUNT(*) AS tp_count FROM `xh_resources_type` WHERE `rid` = 10093 LIMIT 1   [ RunTime:0.0001s ]
SQL: SELECT COUNT(*) AS tp_count FROM `xh_resources_type` WHERE `rid` = 10093 LIMIT 1   [ RunTime:0.0001s ]
SQL: SELECT COUNT(*) AS tp_count FROM `xh_resources_type` WHERE `rid` = 10093 LIMIT 1   [ RunTime:0.0001s ]
NOTIC: [8] Use of undefined constant id - assumed 'id' /home/vagrant/Code/omo/Runtime/Cache/Buseness/03aef7672379fe6f5b4a5c4bf2a5b65c.php 第 152 行.
INFO: Run Behavior\ParseTemplateBehavior [ RunTime:0.362373s ]
INFO: [ view_parse ] --END-- [ RunTime:0.362422s ]
INFO: [ view_filter ] --START--
INFO: Run Behavior\WriteHtmlCacheBehavior [ RunTime:0.002563s ]
INFO: [ view_filter ] --END-- [ RunTime:0.002607s ]
INFO: [ app_end ] --START--
INFO: Run Behavior\ShowPageTraceBehavior [ RunTime:0.003292s ]
INFO: [ app_end ] --END-- [ RunTime:0.003340s ]

[ 2016-09-01T13:38:21+08:00 ] 192.168.3.1 /Buseness/Building/index/step/1/id/10093.html
INFO: [ app_init ] --START--
INFO: Run Behavior\BuildLiteBehavior [ RunTime:0.000017s ]
INFO: Run Common\Behavior\InitHookBehavior [ RunTime:0.004698s ]
INFO: [ app_init ] --END-- [ RunTime:0.004859s ]
INFO: [ app_begin ] --START--
INFO: Run Behavior\ReadHtmlCacheBehavior [ RunTime:0.000769s ]
INFO: [ app_begin ] --END-- [ RunTime:0.000838s ]
SQL: SHOW COLUMNS FROM `xh_config` [ RunTime:0.0005s ]
SQL: SELECT `type`,`name`,`value` FROM `xh_config` WHERE `status` = 1  [ RunTime:0.0002s ]
SQL: SHOW COLUMNS FROM `xh_resources` [ RunTime:0.0006s ]
SQL: SELECT * FROM `xh_resources` WHERE `id` = 10093 AND `uid` = 134 LIMIT 1   [ RunTime:0.0003s ]
SQL: SHOW COLUMNS FROM `xh_region` [ RunTime:0.0005s ]
ERR: SQLSTATE[42000]: Syntax error or access violation: 1055 Expression #7 of SELECT list is not in GROUP BY clause and contains nonaggregated column 'ohmyoffice_db.b.id' which is not functionally dependent on columns in GROUP BY clause; this is incompatible with sql_mode=only_full_group_by

[ 2016-09-01T13:38:25+08:00 ] 192.168.3.1 /Buseness/Building/index/step/1.html
INFO: [ app_init ] --START--
INFO: Run Behavior\BuildLiteBehavior [ RunTime:0.000017s ]
INFO: Run Common\Behavior\InitHookBehavior [ RunTime:0.012802s ]
INFO: [ app_init ] --END-- [ RunTime:0.013866s ]
INFO: [ app_begin ] --START--
INFO: Run Behavior\ReadHtmlCacheBehavior [ RunTime:0.002086s ]
INFO: [ app_begin ] --END-- [ RunTime:0.002217s ]
SQL: SHOW COLUMNS FROM `xh_config` [ RunTime:0.0008s ]
SQL: SELECT `type`,`name`,`value` FROM `xh_config` WHERE `status` = 1  [ RunTime:0.0006s ]
NOTIC: [8] Undefined variable: resources /home/vagrant/Code/omo/Application/Buseness/Controller/BuildingController.class.php 第 16 行.
SQL: SHOW COLUMNS FROM `xh_region` [ RunTime:0.0006s ]
ERR: SQLSTATE[42000]: Syntax error or access violation: 1055 Expression #7 of SELECT list is not in GROUP BY clause and contains nonaggregated column 'ohmyoffice_db.b.id' which is not functionally dependent on columns in GROUP BY clause; this is incompatible with sql_mode=only_full_group_by

[ 2016-09-01T13:38:28+08:00 ] 192.168.3.1 /Buseness/Building/index/step/1/id/10093.html
INFO: [ app_init ] --START--
INFO: Run Behavior\BuildLiteBehavior [ RunTime:0.000032s ]
INFO: Run Common\Behavior\InitHookBehavior [ RunTime:0.015074s ]
INFO: [ app_init ] --END-- [ RunTime:0.017323s ]
INFO: [ app_begin ] --START--
INFO: Run Behavior\ReadHtmlCacheBehavior [ RunTime:0.003865s ]
INFO: [ app_begin ] --END-- [ RunTime:0.003966s ]
SQL: SHOW COLUMNS FROM `xh_config` [ RunTime:0.0005s ]
SQL: SELECT `type`,`name`,`value` FROM `xh_config` WHERE `status` = 1  [ RunTime:0.0003s ]
SQL: SHOW COLUMNS FROM `xh_resources` [ RunTime:0.0006s ]
SQL: SELECT * FROM `xh_resources` WHERE `id` = 10093 AND `uid` = 134 LIMIT 1   [ RunTime:0.0002s ]
SQL: SHOW COLUMNS FROM `xh_region` [ RunTime:0.0005s ]
ERR: SQLSTATE[42000]: Syntax error or access violation: 1055 Expression #7 of SELECT list is not in GROUP BY clause and contains nonaggregated column 'ohmyoffice_db.b.id' which is not functionally dependent on columns in GROUP BY clause; this is incompatible with sql_mode=only_full_group_by

[ 2016-09-01T13:38:53+08:00 ] 192.168.3.1 /Buseness/Building/index/step/1/id/10093.html
INFO: [ app_init ] --START--
INFO: Run Behavior\BuildLiteBehavior [ RunTime:0.000016s ]
INFO: Run Common\Behavior\InitHookBehavior [ RunTime:0.009487s ]
INFO: [ app_init ] --END-- [ RunTime:0.010692s ]
INFO: [ app_begin ] --START--
INFO: Run Behavior\ReadHtmlCacheBehavior [ RunTime:0.001987s ]
INFO: [ app_begin ] --END-- [ RunTime:0.002067s ]
SQL: SHOW COLUMNS FROM `xh_config` [ RunTime:0.0006s ]
SQL: SELECT `type`,`name`,`value` FROM `xh_config` WHERE `status` = 1  [ RunTime:0.0002s ]
SQL: SHOW COLUMNS FROM `xh_resources` [ RunTime:0.0008s ]
SQL: SELECT * FROM `xh_resources` WHERE `id` = 10093 AND `uid` = 134 LIMIT 1   [ RunTime:0.0003s ]

[ 2016-09-01T13:39:15+08:00 ] 192.168.3.1 /Buseness/Building/index/step/1/id/10093.html
INFO: [ app_init ] --START--
INFO: Run Behavior\BuildLiteBehavior [ RunTime:0.000022s ]
INFO: Run Common\Behavior\InitHookBehavior [ RunTime:0.008529s ]
INFO: [ app_init ] --END-- [ RunTime:0.009489s ]
INFO: [ app_begin ] --START--
INFO: Run Behavior\ReadHtmlCacheBehavior [ RunTime:0.002079s ]
INFO: [ app_begin ] --END-- [ RunTime:0.002171s ]
SQL: SHOW COLUMNS FROM `xh_config` [ RunTime:0.0005s ]
SQL: SELECT `type`,`name`,`value` FROM `xh_config` WHERE `status` = 1  [ RunTime:0.0002s ]
SQL: SHOW COLUMNS FROM `xh_resources` [ RunTime:0.0007s ]
SQL: SELECT * FROM `xh_resources` WHERE `id` = 10093 AND `uid` = 134 LIMIT 1   [ RunTime:0.0002s ]

[ 2016-09-01T13:39:21+08:00 ] 192.168.3.1 /Buseness/Building/index/step/1/id/10093.html
INFO: [ app_init ] --START--
INFO: Run Behavior\BuildLiteBehavior [ RunTime:0.000023s ]
INFO: Run Common\Behavior\InitHookBehavior [ RunTime:0.008939s ]
INFO: [ app_init ] --END-- [ RunTime:0.009901s ]
INFO: [ app_begin ] --START--
INFO: Run Behavior\ReadHtmlCacheBehavior [ RunTime:0.001828s ]
INFO: [ app_begin ] --END-- [ RunTime:0.001919s ]
SQL: SHOW COLUMNS FROM `xh_config` [ RunTime:0.0008s ]
SQL: SELECT `type`,`name`,`value` FROM `xh_config` WHERE `status` = 1  [ RunTime:0.0007s ]
SQL: SHOW COLUMNS FROM `xh_resources` [ RunTime:0.0009s ]
SQL: SELECT * FROM `xh_resources` WHERE `id` = 10093 AND `uid` = 134 LIMIT 1   [ RunTime:0.0006s ]
SQL: SHOW COLUMNS FROM `xh_region` [ RunTime:0.0009s ]
ERR: SQLSTATE[42000]: Syntax error or access violation: 1055 Expression #7 of SELECT list is not in GROUP BY clause and contains nonaggregated column 'ohmyoffice_db.b.id' which is not functionally dependent on columns in GROUP BY clause; this is incompatible with sql_mode=only_full_group_by

[ 2016-09-01T13:39:36+08:00 ] 192.168.3.1 /Buseness/Building/index/step/1/id/10093.html
INFO: [ app_init ] --START--
INFO: Run Behavior\BuildLiteBehavior [ RunTime:0.000031s ]
INFO: Run Common\Behavior\InitHookBehavior [ RunTime:0.019628s ]
INFO: [ app_init ] --END-- [ RunTime:0.021119s ]
INFO: [ app_begin ] --START--
INFO: Run Behavior\ReadHtmlCacheBehavior [ RunTime:0.002390s ]
INFO: [ app_begin ] --END-- [ RunTime:0.002475s ]
SQL: SHOW COLUMNS FROM `xh_config` [ RunTime:0.0008s ]
SQL: SELECT `type`,`name`,`value` FROM `xh_config` WHERE `status` = 1  [ RunTime:0.0002s ]
SQL: SHOW COLUMNS FROM `xh_resources` [ RunTime:0.0012s ]
SQL: SELECT * FROM `xh_resources` WHERE `id` = 10093 AND `uid` = 134 LIMIT 1   [ RunTime:0.0003s ]
SQL: SHOW COLUMNS FROM `xh_region` [ RunTime:0.0006s ]
ERR: SQLSTATE[42000]: Syntax error or access violation: 1055 Expression #7 of SELECT list is not in GROUP BY clause and contains nonaggregated column 'ohmyoffice_db.b.id' which is not functionally dependent on columns in GROUP BY clause; this is incompatible with sql_mode=only_full_group_by

[ 2016-09-01T13:39:57+08:00 ] 192.168.3.1 /Buseness/Building/index/step/1/id/10093.html
INFO: [ app_init ] --START--
INFO: Run Behavior\BuildLiteBehavior [ RunTime:0.000017s ]
INFO: Run Common\Behavior\InitHookBehavior [ RunTime:0.009868s ]
INFO: [ app_init ] --END-- [ RunTime:0.011054s ]
INFO: [ app_begin ] --START--
INFO: Run Behavior\ReadHtmlCacheBehavior [ RunTime:0.001621s ]
INFO: [ app_begin ] --END-- [ RunTime:0.001682s ]
SQL: SHOW COLUMNS FROM `xh_config` [ RunTime:0.0007s ]
SQL: SELECT `type`,`name`,`value` FROM `xh_config` WHERE `status` = 1  [ RunTime:0.0003s ]
SQL: SHOW COLUMNS FROM `xh_resources` [ RunTime:0.0007s ]
SQL: SELECT * FROM `xh_resources` WHERE `id` = 10093 AND `uid` = 134 LIMIT 1   [ RunTime:0.0003s ]
SQL: SHOW COLUMNS FROM `xh_region` [ RunTime:0.0006s ]
ERR: SQLSTATE[42000]: Syntax error or access violation: 1055 Expression #7 of SELECT list is not in GROUP BY clause and contains nonaggregated column 'ohmyoffice_db.b.id' which is not functionally dependent on columns in GROUP BY clause; this is incompatible with sql_mode=only_full_group_by

[ 2016-09-01T13:39:58+08:00 ] 192.168.3.1 /Buseness/Building/index/step/1/id/10093.html
INFO: [ app_init ] --START--
INFO: Run Behavior\BuildLiteBehavior [ RunTime:0.000016s ]
INFO: Run Common\Behavior\InitHookBehavior [ RunTime:0.012559s ]
INFO: [ app_init ] --END-- [ RunTime:0.012785s ]
INFO: [ app_begin ] --START--
INFO: Run Behavior\ReadHtmlCacheBehavior [ RunTime:0.000692s ]
INFO: [ app_begin ] --END-- [ RunTime:0.000759s ]
SQL: SHOW COLUMNS FROM `xh_config` [ RunTime:0.0005s ]
SQL: SELECT `type`,`name`,`value` FROM `xh_config` WHERE `status` = 1  [ RunTime:0.0002s ]
SQL: SHOW COLUMNS FROM `xh_resources` [ RunTime:0.0005s ]
SQL: SELECT * FROM `xh_resources` WHERE `id` = 10093 AND `uid` = 134 LIMIT 1   [ RunTime:0.0002s ]
SQL: SHOW COLUMNS FROM `xh_region` [ RunTime:0.0007s ]
ERR: SQLSTATE[42000]: Syntax error or access violation: 1055 Expression #7 of SELECT list is not in GROUP BY clause and contains nonaggregated column 'ohmyoffice_db.b.id' which is not functionally dependent on columns in GROUP BY clause; this is incompatible with sql_mode=only_full_group_by

[ 2016-09-01T13:41:30+08:00 ] 192.168.3.1 /Buseness/Building/index/step/1/id/10093.html
INFO: [ app_init ] --START--
INFO: Run Behavior\BuildLiteBehavior [ RunTime:0.000015s ]
INFO: Run Common\Behavior\InitHookBehavior [ RunTime:0.019530s ]
INFO: [ app_init ] --END-- [ RunTime:0.020768s ]
INFO: [ app_begin ] --START--
INFO: Run Behavior\ReadHtmlCacheBehavior [ RunTime:0.001800s ]
INFO: [ app_begin ] --END-- [ RunTime:0.001865s ]
SQL: SHOW COLUMNS FROM `xh_config` [ RunTime:0.0009s ]
SQL: SELECT `type`,`name`,`value` FROM `xh_config` WHERE `status` = 1  [ RunTime:0.0003s ]
SQL: SHOW COLUMNS FROM `xh_resources` [ RunTime:0.0005s ]
SQL: SELECT * FROM `xh_resources` WHERE `id` = 10093 AND `uid` = 134 LIMIT 1   [ RunTime:0.0002s ]
SQL: SHOW COLUMNS FROM `xh_region` [ RunTime:0.0005s ]
ERR: SQLSTATE[42000]: Syntax error or access violation: 1055 Expression #7 of SELECT list is not in GROUP BY clause and contains nonaggregated column 'ohmyoffice_db.b.id' which is not functionally dependent on columns in GROUP BY clause; this is incompatible with sql_mode=only_full_group_by

[ 2016-09-01T13:41:57+08:00 ] 192.168.3.1 /Buseness/Building/index/step/1/id/10093.html
INFO: [ app_init ] --START--
INFO: Run Behavior\BuildLiteBehavior [ RunTime:0.000018s ]
INFO: Run Common\Behavior\InitHookBehavior [ RunTime:0.019118s ]
INFO: [ app_init ] --END-- [ RunTime:0.021949s ]
INFO: [ app_begin ] --START--
INFO: Run Behavior\ReadHtmlCacheBehavior [ RunTime:0.001921s ]
INFO: [ app_begin ] --END-- [ RunTime:0.002002s ]
SQL: SHOW COLUMNS FROM `xh_config` [ RunTime:0.0006s ]
SQL: SELECT `type`,`name`,`value` FROM `xh_config` WHERE `status` = 1  [ RunTime:0.0005s ]
SQL: SHOW COLUMNS FROM `xh_resources` [ RunTime:0.0008s ]
SQL: SELECT * FROM `xh_resources` WHERE `id` = 10093 AND `uid` = 134 LIMIT 1   [ RunTime:0.0004s ]
SQL: SHOW COLUMNS FROM `xh_region` [ RunTime:0.0006s ]
SQL: SELECT * FROM `xh_region` INNER JOIN xh_trading_area AS b ON xh_region.region_id = b.area  WHERE ( region_type = 3 )  [ RunTime:0.0045s ]
SQL: SELECT * FROM `xh_region` WHERE ( region_type = 2 and status = 1 )  [ RunTime:0.0006s ]
SQL: SHOW COLUMNS FROM `xh_trading_area` [ RunTime:0.0006s ]
SQL: SELECT * FROM `xh_trading_area` WHERE ( status = 1 )  [ RunTime:0.0003s ]
INFO: [ view_parse ] --START--
INFO: [ template_filter ] --START--
INFO: Run Behavior\ContentReplaceBehavior [ RunTime:0.000585s ]
INFO: [ template_filter ] --END-- [ RunTime:0.000643s ]
SQL: SHOW COLUMNS FROM `xh_adv` [ RunTime:0.0006s ]
SQL: SELECT * FROM `xh_adv` LEFT JOIN xh_adv_pos as b ON xh_adv.pos_id = b.id  WHERE b.status = 1 AND b.type = 1 AND b.path = 'Buseness/Building/index'  [ RunTime:0.0004s ]
NOTIC: [2] Invalid argument supplied for foreach() /home/vagrant/Code/omo/Runtime/Cache/Buseness/0fd2326466cdb54a440f1b95c818f1fb.php 第 4 行.
NOTIC: [8] Undefined variable: oneplus_seo_meta /home/vagrant/Code/omo/Runtime/Cache/Buseness/0fd2326466cdb54a440f1b95c818f1fb.php 第 6 行.
NOTIC: [8] Undefined variable: seo /home/vagrant/Code/omo/Runtime/Cache/Buseness/0fd2326466cdb54a440f1b95c818f1fb.php 第 6 行.
SQL: SHOW COLUMNS FROM `xh_seo_rule` [ RunTime:0.0006s ]
NOTIC: [2] mysqli_real_escape_string() expects exactly 2 parameters, 1 given /home/vagrant/Code/omo/Application/Common/Model/SeoRuleModel.class.php 第 81 行.
NOTIC: [2] mysqli_real_escape_string() expects exactly 2 parameters, 1 given /home/vagrant/Code/omo/Application/Common/Model/SeoRuleModel.class.php 第 82 行.
NOTIC: [2] mysqli_real_escape_string() expects exactly 2 parameters, 1 given /home/vagrant/Code/omo/Application/Common/Model/SeoRuleModel.class.php 第 83 行.
SQL: SELECT * FROM `xh_seo_rule` WHERE ( (app='' or app='') and (controller='' or controller='') and (action='' or action='') and status=1 ) ORDER BY sort asc  [ RunTime:0.0004s ]
NOTIC: [2] Invalid argument supplied for foreach() /home/vagrant/Code/omo/Application/Common/Model/SeoRuleModel.class.php 第 39 行.
INFO: Run Behavior\ParseTemplateBehavior [ RunTime:0.633005s ]
INFO: [ view_parse ] --END-- [ RunTime:0.633082s ]
INFO: [ view_filter ] --START--
INFO: Run Behavior\WriteHtmlCacheBehavior [ RunTime:0.002900s ]
INFO: [ view_filter ] --END-- [ RunTime:0.002953s ]
INFO: [ app_end ] --START--
INFO: Run Behavior\ShowPageTraceBehavior [ RunTime:0.003015s ]
INFO: [ app_end ] --END-- [ RunTime:0.003104s ]

[ 2016-09-01T13:42:36+08:00 ] 192.168.3.1 /Buseness/Building/index/step/1/id/10093.html
INFO: [ app_init ] --START--
INFO: Run Behavior\BuildLiteBehavior [ RunTime:0.000129s ]
INFO: Run Common\Behavior\InitHookBehavior [ RunTime:0.033867s ]
INFO: [ app_init ] --END-- [ RunTime:0.037785s ]
INFO: [ app_begin ] --START--
INFO: Run Behavior\ReadHtmlCacheBehavior [ RunTime:0.005386s ]
INFO: [ app_begin ] --END-- [ RunTime:0.005468s ]
SQL: SHOW COLUMNS FROM `xh_config` [ RunTime:0.0006s ]
SQL: SELECT `type`,`name`,`value` FROM `xh_config` WHERE `status` = 1  [ RunTime:0.0003s ]
SQL: SHOW COLUMNS FROM `xh_resources` [ RunTime:0.0006s ]
SQL: SELECT * FROM `xh_resources` WHERE `id` = 10093 AND `uid` = 134 LIMIT 1   [ RunTime:0.0003s ]
SQL: SHOW COLUMNS FROM `xh_region` [ RunTime:0.0007s ]
ERR: SQLSTATE[42S22]: Column not found: 1054 Unknown column '__REGION__.region_id' in 'group statement'

[ 2016-09-01T13:43:00+08:00 ] 192.168.3.1 /Buseness/Building/index/step/1/id/10093.html
INFO: [ app_init ] --START--
INFO: Run Behavior\BuildLiteBehavior [ RunTime:0.000021s ]
INFO: Run Common\Behavior\InitHookBehavior [ RunTime:0.030708s ]
INFO: [ app_init ] --END-- [ RunTime:0.032546s ]
INFO: [ app_begin ] --START--
INFO: Run Behavior\ReadHtmlCacheBehavior [ RunTime:0.003025s ]
INFO: [ app_begin ] --END-- [ RunTime:0.003105s ]
SQL: SHOW COLUMNS FROM `xh_config` [ RunTime:0.0006s ]
SQL: SELECT `type`,`name`,`value` FROM `xh_config` WHERE `status` = 1  [ RunTime:0.0004s ]
SQL: SHOW COLUMNS FROM `xh_resources` [ RunTime:0.0012s ]
SQL: SELECT * FROM `xh_resources` WHERE `id` = 10093 AND `uid` = 134 LIMIT 1   [ RunTime:0.0004s ]
SQL: SHOW COLUMNS FROM `xh_region` [ RunTime:0.0008s ]
ERR: SQLSTATE[42S22]: Column not found: 1054 Unknown column 'region.region_id' in 'group statement'

[ 2016-09-01T13:43:16+08:00 ] 192.168.3.1 /Buseness/Building/index/step/1/id/10093.html
INFO: [ app_init ] --START--
INFO: Run Behavior\BuildLiteBehavior [ RunTime:0.000023s ]
INFO: Run Common\Behavior\InitHookBehavior [ RunTime:0.010153s ]
INFO: [ app_init ] --END-- [ RunTime:0.011323s ]
INFO: [ app_begin ] --START--
INFO: Run Behavior\ReadHtmlCacheBehavior [ RunTime:0.001618s ]
INFO: [ app_begin ] --END-- [ RunTime:0.001681s ]
SQL: SHOW COLUMNS FROM `xh_config` [ RunTime:0.0005s ]
SQL: SELECT `type`,`name`,`value` FROM `xh_config` WHERE `status` = 1  [ RunTime:0.0002s ]
SQL: SHOW COLUMNS FROM `xh_resources` [ RunTime:0.0007s ]
SQL: SELECT * FROM `xh_resources` WHERE `id` = 10093 AND `uid` = 134 LIMIT 1   [ RunTime:0.0004s ]
SQL: SHOW COLUMNS FROM `xh_region` [ RunTime:0.0005s ]
ERR: SQLSTATE[42000]: Syntax error or access violation: 1055 Expression #7 of SELECT list is not in GROUP BY clause and contains nonaggregated column 'ohmyoffice_db.b.id' which is not functionally dependent on columns in GROUP BY clause; this is incompatible with sql_mode=only_full_group_by

[ 2016-09-01T13:43:45+08:00 ] 192.168.3.1 /Buseness/Building/index/step/1/id/10093.html
INFO: [ app_init ] --START--
INFO: Run Behavior\BuildLiteBehavior [ RunTime:0.000023s ]
INFO: Run Common\Behavior\InitHookBehavior [ RunTime:0.009310s ]
INFO: [ app_init ] --END-- [ RunTime:0.010031s ]
INFO: [ app_begin ] --START--
INFO: Run Behavior\ReadHtmlCacheBehavior [ RunTime:0.001715s ]
INFO: [ app_begin ] --END-- [ RunTime:0.001795s ]
SQL: SHOW COLUMNS FROM `xh_config` [ RunTime:0.0008s ]
SQL: SELECT `type`,`name`,`value` FROM `xh_config` WHERE `status` = 1  [ RunTime:0.0004s ]
SQL: SHOW COLUMNS FROM `xh_resources` [ RunTime:0.0007s ]
SQL: SELECT * FROM `xh_resources` WHERE `id` = 10093 AND `uid` = 134 LIMIT 1   [ RunTime:0.0005s ]
SQL: SHOW COLUMNS FROM `xh_region` [ RunTime:0.0006s ]
ERR: SQLSTATE[42000]: Syntax error or access violation: 1055 Expression #7 of SELECT list is not in GROUP BY clause and contains nonaggregated column 'ohmyoffice_db.b.id' which is not functionally dependent on columns in GROUP BY clause; this is incompatible with sql_mode=only_full_group_by

[ 2016-09-01T13:45:40+08:00 ] 192.168.3.1 /Buseness/Building/index/step/1/id/10093.html
INFO: [ app_init ] --START--
INFO: Run Behavior\BuildLiteBehavior [ RunTime:0.000078s ]
INFO: Run Common\Behavior\InitHookBehavior [ RunTime:0.035488s ]
INFO: [ app_init ] --END-- [ RunTime:0.038434s ]
INFO: [ app_begin ] --START--
INFO: Run Behavior\ReadHtmlCacheBehavior [ RunTime:0.003155s ]
INFO: [ app_begin ] --END-- [ RunTime:0.003246s ]
SQL: SHOW COLUMNS FROM `xh_config` [ RunTime:0.0004s ]
SQL: SELECT `type`,`name`,`value` FROM `xh_config` WHERE `status` = 1  [ RunTime:0.0003s ]
SQL: SHOW COLUMNS FROM `xh_resources` [ RunTime:0.0008s ]
SQL: SELECT * FROM `xh_resources` WHERE `id` = 10093 AND `uid` = 134 LIMIT 1   [ RunTime:0.0004s ]
SQL: SHOW COLUMNS FROM `xh_trading_area` [ RunTime:0.0007s ]
SQL: SELECT `area` FROM `xh_trading_area`  [ RunTime:0.0002s ]
SQL: SHOW COLUMNS FROM `xh_region` [ RunTime:0.0005s ]
ERR: SQLSTATE[42000]: Syntax error or access violation: 1055 Expression #7 of SELECT list is not in GROUP BY clause and contains nonaggregated column 'ohmyoffice_db.b.id' which is not functionally dependent on columns in GROUP BY clause; this is incompatible with sql_mode=only_full_group_by
NOTIC: [2] Cannot modify header information - headers already sent by (output started at /home/vagrant/Code/omo/ThinkPHP/Common/functions.php:793) /home/vagrant/Code/omo/ThinkPHP/Library/Think/Think.class.php 第 229 行.
NOTIC: [2] Cannot modify header information - headers already sent by (output started at /home/vagrant/Code/omo/ThinkPHP/Common/functions.php:793) /home/vagrant/Code/omo/ThinkPHP/Library/Think/Think.class.php 第 230 行.

[ 2016-09-01T13:48:49+08:00 ] 192.168.3.1 /Buseness/Building/index/step/1/id/10093.html
INFO: [ app_init ] --START--
INFO: Run Behavior\BuildLiteBehavior [ RunTime:0.000016s ]
INFO: Run Common\Behavior\InitHookBehavior [ RunTime:0.018394s ]
INFO: [ app_init ] --END-- [ RunTime:0.020131s ]
INFO: [ app_begin ] --START--
INFO: Run Behavior\ReadHtmlCacheBehavior [ RunTime:0.002319s ]
INFO: [ app_begin ] --END-- [ RunTime:0.002380s ]
SQL: SHOW COLUMNS FROM `xh_config` [ RunTime:0.0004s ]
SQL: SELECT `type`,`name`,`value` FROM `xh_config` WHERE `status` = 1  [ RunTime:0.0002s ]
SQL: SHOW COLUMNS FROM `xh_resources` [ RunTime:0.0006s ]
SQL: SELECT * FROM `xh_resources` WHERE `id` = 10093 AND `uid` = 134 LIMIT 1   [ RunTime:0.0003s ]
SQL: SHOW COLUMNS FROM `xh_trading_area` [ RunTime:0.0005s ]
SQL: SELECT `area` FROM `xh_trading_area`  [ RunTime:0.0002s ]
SQL: SHOW COLUMNS FROM `xh_region` [ RunTime:0.0004s ]
SQL: SELECT * FROM `xh_region` WHERE `region_id` IN ('511','2706','507','2706','2706','2706','2706','2706','2706','2706','2703','2703','2703','2703','2704','2704','2704','2704','2705','2703','2705','2705','2705','2705','2705','2705','2707','2707','2707','2707','2707','2707','2707','2707','2707','2707','2707','2707','2707','2707','2708','2708','2708','2708','2708','2707','2709','2709','2709','2709','2709','2709','2709','2709','2709','2710','2710','2710','2710','2712','2712','2712','2712','2712','2712','2713','2713','2713','2713','2713','2713','2713','2713','2715','2716','2716','2716','2716','2716','2716','2717','2718','2720','2720','2720') AND `region_type` = 3  [ RunTime:0.0005s ]
SQL: SELECT * FROM `xh_region` WHERE ( region_type = 2 and status = 1 )  [ RunTime:0.0005s ]
SQL: SELECT * FROM `xh_trading_area` WHERE ( status = 1 )  [ RunTime:0.0002s ]
INFO: [ view_parse ] --START--
INFO: [ template_filter ] --START--
INFO: Run Behavior\ContentReplaceBehavior [ RunTime:0.000975s ]
INFO: [ template_filter ] --END-- [ RunTime:0.001177s ]
SQL: SHOW COLUMNS FROM `xh_adv` [ RunTime:0.0006s ]
SQL: SELECT * FROM `xh_adv` LEFT JOIN xh_adv_pos as b ON xh_adv.pos_id = b.id  WHERE b.status = 1 AND b.type = 1 AND b.path = 'Buseness/Building/index'  [ RunTime:0.0005s ]
NOTIC: [2] Invalid argument supplied for foreach() /home/vagrant/Code/omo/Runtime/Cache/Buseness/0fd2326466cdb54a440f1b95c818f1fb.php 第 4 行.
NOTIC: [8] Undefined variable: oneplus_seo_meta /home/vagrant/Code/omo/Runtime/Cache/Buseness/0fd2326466cdb54a440f1b95c818f1fb.php 第 6 行.
NOTIC: [8] Undefined variable: seo /home/vagrant/Code/omo/Runtime/Cache/Buseness/0fd2326466cdb54a440f1b95c818f1fb.php 第 6 行.
SQL: SHOW COLUMNS FROM `xh_seo_rule` [ RunTime:0.0006s ]
INFO: Run Behavior\ParseTemplateBehavior [ RunTime:0.602456s ]
INFO: [ view_parse ] --END-- [ RunTime:0.602528s ]
INFO: [ view_filter ] --START--
INFO: Run Behavior\WriteHtmlCacheBehavior [ RunTime:0.001978s ]
INFO: [ view_filter ] --END-- [ RunTime:0.002036s ]
INFO: [ app_end ] --START--
INFO: Run Behavior\ShowPageTraceBehavior [ RunTime:0.002122s ]
INFO: [ app_end ] --END-- [ RunTime:0.002215s ]

[ 2016-09-01T13:49:14+08:00 ] 192.168.3.1 /Buseness/Building/index/step/1/id/10093.html
INFO: [ app_init ] --START--
INFO: Run Behavior\BuildLiteBehavior [ RunTime:0.000115s ]
INFO: Run Common\Behavior\InitHookBehavior [ RunTime:0.021769s ]
INFO: [ app_init ] --END-- [ RunTime:0.023542s ]
INFO: [ app_begin ] --START--
INFO: Run Behavior\ReadHtmlCacheBehavior [ RunTime:0.002910s ]
INFO: [ app_begin ] --END-- [ RunTime:0.003003s ]
SQL: SHOW COLUMNS FROM `xh_config` [ RunTime:0.0005s ]
SQL: SELECT `type`,`name`,`value` FROM `xh_config` WHERE `status` = 1  [ RunTime:0.0002s ]
SQL: SHOW COLUMNS FROM `xh_resources` [ RunTime:0.0007s ]
SQL: SELECT * FROM `xh_resources` WHERE `id` = 10093 AND `uid` = 134 LIMIT 1   [ RunTime:0.0003s ]
SQL: SHOW COLUMNS FROM `xh_trading_area` [ RunTime:0.0007s ]
SQL: SELECT `area` FROM `xh_trading_area`  [ RunTime:0.0005s ]
SQL: SHOW COLUMNS FROM `xh_region` [ RunTime:0.0004s ]
SQL: SELECT * FROM `xh_region` WHERE `region_id` IN ('511','2706','507','2706','2706','2706','2706','2706','2706','2706','2703','2703','2703','2703','2704','2704','2704','2704','2705','2703','2705','2705','2705','2705','2705','2705','2707','2707','2707','2707','2707','2707','2707','2707','2707','2707','2707','2707','2707','2707','2708','2708','2708','2708','2708','2707','2709','2709','2709','2709','2709','2709','2709','2709','2709','2710','2710','2710','2710','2712','2712','2712','2712','2712','2712','2713','2713','2713','2713','2713','2713','2713','2713','2715','2716','2716','2716','2716','2716','2716','2717','2718','2720','2720','2720') AND `region_type` = 3  [ RunTime:0.0006s ]
SQL: SELECT * FROM `xh_region` WHERE ( region_type = 2 and status = 1 )  [ RunTime:0.0011s ]
SQL: SELECT * FROM `xh_trading_area` WHERE ( status = 1 )  [ RunTime:0.0004s ]
INFO: [ view_parse ] --START--
INFO: [ template_filter ] --START--
INFO: Run Behavior\ContentReplaceBehavior [ RunTime:0.000600s ]
INFO: [ template_filter ] --END-- [ RunTime:0.000680s ]
SQL: SHOW COLUMNS FROM `xh_adv` [ RunTime:0.0005s ]
SQL: SELECT * FROM `xh_adv` LEFT JOIN xh_adv_pos as b ON xh_adv.pos_id = b.id  WHERE b.status = 1 AND b.type = 1 AND b.path = 'Buseness/Building/index'  [ RunTime:0.0003s ]
NOTIC: [2] Invalid argument supplied for foreach() /home/vagrant/Code/omo/Runtime/Cache/Buseness/0fd2326466cdb54a440f1b95c818f1fb.php 第 4 行.
NOTIC: [8] Undefined variable: oneplus_seo_meta /home/vagrant/Code/omo/Runtime/Cache/Buseness/0fd2326466cdb54a440f1b95c818f1fb.php 第 6 行.
NOTIC: [8] Undefined variable: seo /home/vagrant/Code/omo/Runtime/Cache/Buseness/0fd2326466cdb54a440f1b95c818f1fb.php 第 6 行.
SQL: SHOW COLUMNS FROM `xh_seo_rule` [ RunTime:0.0006s ]
INFO: Run Behavior\ParseTemplateBehavior [ RunTime:0.465108s ]
INFO: [ view_parse ] --END-- [ RunTime:0.465193s ]
INFO: [ view_filter ] --START--
INFO: Run Behavior\WriteHtmlCacheBehavior [ RunTime:0.002595s ]
INFO: [ view_filter ] --END-- [ RunTime:0.003282s ]
INFO: [ app_end ] --START--
INFO: Run Behavior\ShowPageTraceBehavior [ RunTime:0.004360s ]
INFO: [ app_end ] --END-- [ RunTime:0.004452s ]

[ 2016-09-01T13:49:22+08:00 ] 192.168.3.1 /Buseness/Building/step/s/1.html
INFO: [ app_init ] --START--
INFO: Run Behavior\BuildLiteBehavior [ RunTime:0.000015s ]
INFO: Run Common\Behavior\InitHookBehavior [ RunTime:0.010679s ]
INFO: [ app_init ] --END-- [ RunTime:0.011967s ]
INFO: [ app_begin ] --START--
INFO: Run Behavior\ReadHtmlCacheBehavior [ RunTime:0.001468s ]
INFO: [ app_begin ] --END-- [ RunTime:0.001521s ]
SQL: SHOW COLUMNS FROM `xh_config` [ RunTime:0.0005s ]
SQL: SELECT `type`,`name`,`value` FROM `xh_config` WHERE `status` = 1  [ RunTime:0.0002s ]
SQL: SHOW COLUMNS FROM `xh_resources` [ RunTime:0.0004s ]
SQL: UPDATE `xh_resources` SET `city`='321',`area`='0',`address`='徐汇区宜山路425号光启城商务楼12楼',`title`='招聘人事经理',`postcode`='200000',`id`='10093',`update_time`='1472708962' WHERE `id` = 10093 [ RunTime:0.0002s ]

[ 2016-09-01T13:49:23+08:00 ] 192.168.3.1 /Buseness/Building/index/step/2/id/10093.html
INFO: [ app_init ] --START--
INFO: Run Behavior\BuildLiteBehavior [ RunTime:0.000012s ]
INFO: Run Common\Behavior\InitHookBehavior [ RunTime:0.005752s ]
INFO: [ app_init ] --END-- [ RunTime:0.005889s ]
INFO: [ app_begin ] --START--
INFO: Run Behavior\ReadHtmlCacheBehavior [ RunTime:0.000924s ]
INFO: [ app_begin ] --END-- [ RunTime:0.001020s ]
SQL: SHOW COLUMNS FROM `xh_config` [ RunTime:0.0005s ]
SQL: SELECT `type`,`name`,`value` FROM `xh_config` WHERE `status` = 1  [ RunTime:0.0003s ]
SQL: SHOW COLUMNS FROM `xh_resources` [ RunTime:0.0007s ]
SQL: SELECT * FROM `xh_resources` WHERE `id` = 10093 AND `uid` = 134 LIMIT 1   [ RunTime:0.0003s ]
SQL: SHOW COLUMNS FROM `xh_resources_type` [ RunTime:0.0007s ]
SQL: SELECT * FROM `xh_resources_type` WHERE `rid` = 10093  [ RunTime:0.0005s ]
SQL: SHOW COLUMNS FROM `xh_trading_area` [ RunTime:0.0004s ]
SQL: SELECT `area` FROM `xh_trading_area`  [ RunTime:0.0002s ]
SQL: SHOW COLUMNS FROM `xh_region` [ RunTime:0.0006s ]
SQL: SELECT * FROM `xh_region` WHERE `region_id` IN ('511','2706','507','2706','2706','2706','2706','2706','2706','2706','2703','2703','2703','2703','2704','2704','2704','2704','2705','2703','2705','2705','2705','2705','2705','2705','2707','2707','2707','2707','2707','2707','2707','2707','2707','2707','2707','2707','2707','2707','2708','2708','2708','2708','2708','2707','2709','2709','2709','2709','2709','2709','2709','2709','2709','2710','2710','2710','2710','2712','2712','2712','2712','2712','2712','2713','2713','2713','2713','2713','2713','2713','2713','2715','2716','2716','2716','2716','2716','2716','2717','2718','2720','2720','2720') AND `region_type` = 3  [ RunTime:0.0004s ]
SQL: SELECT * FROM `xh_region` WHERE ( region_type = 2 and status = 1 )  [ RunTime:0.0004s ]
SQL: SELECT * FROM `xh_trading_area` WHERE ( status = 1 )  [ RunTime:0.0002s ]
INFO: [ view_parse ] --START--
INFO: [ template_filter ] --START--
INFO: Run Behavior\ContentReplaceBehavior [ RunTime:0.000496s ]
INFO: [ template_filter ] --END-- [ RunTime:0.000577s ]
SQL: SHOW COLUMNS FROM `xh_adv` [ RunTime:0.0007s ]
SQL: SELECT * FROM `xh_adv` LEFT JOIN xh_adv_pos as b ON xh_adv.pos_id = b.id  WHERE b.status = 1 AND b.type = 1 AND b.path = 'Buseness/Building/index'  [ RunTime:0.0004s ]
NOTIC: [2] Invalid argument supplied for foreach() /home/vagrant/Code/omo/Runtime/Cache/Buseness/0fd2326466cdb54a440f1b95c818f1fb.php 第 4 行.
NOTIC: [8] Undefined variable: oneplus_seo_meta /home/vagrant/Code/omo/Runtime/Cache/Buseness/0fd2326466cdb54a440f1b95c818f1fb.php 第 6 行.
NOTIC: [8] Undefined variable: seo /home/vagrant/Code/omo/Runtime/Cache/Buseness/0fd2326466cdb54a440f1b95c818f1fb.php 第 6 行.
SQL: SHOW COLUMNS FROM `xh_seo_rule` [ RunTime:0.0005s ]
INFO: Run Behavior\ParseTemplateBehavior [ RunTime:0.316545s ]
INFO: [ view_parse ] --END-- [ RunTime:0.316607s ]
INFO: [ view_filter ] --START--
INFO: Run Behavior\WriteHtmlCacheBehavior [ RunTime:0.002925s ]
INFO: [ view_filter ] --END-- [ RunTime:0.002967s ]
INFO: [ app_end ] --START--
INFO: Run Behavior\ShowPageTraceBehavior [ RunTime:0.002459s ]
INFO: [ app_end ] --END-- [ RunTime:0.002509s ]

